--------------------
./configure --prefix=/usr --static
Sun Oct  8 19:44:14 UTC 2023
Using /android-ndk-r25b/toolchains/llvm/prebuilt/linux-x86_64/bin/llvm-ar
=== ztest49999.c ===
extern int getchar();
int hello() {return getchar();}
===
/android-ndk-r25b/toolchains/llvm/prebuilt/linux-x86_64/bin/aarch64-linux-android23-clang -c ztest49999.c
... using gcc

Checking for obsessive-compulsive compiler options...
=== ztest49999.c ===
int foo() { return 0; }
===
/android-ndk-r25b/toolchains/llvm/prebuilt/linux-x86_64/bin/aarch64-linux-android23-clang -c -I/python3-android/src/Python-3.11.6/Android/sysroot/usr/include -fPIC ztest49999.c

Building static library libz.a version 1.3 with /android-ndk-r25b/toolchains/llvm/prebuilt/linux-x86_64/bin/aarch64-linux-android23-clang.

=== ztest49999.c ===
#include <stdio.h>
#include <stdlib.h>
size_t dummy = 0;
===
/android-ndk-r25b/toolchains/llvm/prebuilt/linux-x86_64/bin/aarch64-linux-android23-clang -c -I/python3-android/src/Python-3.11.6/Android/sysroot/usr/include -fPIC ztest49999.c
Checking for size_t... Yes.

=== ztest49999.c ===
#include <sys/types.h>
off64_t dummy = 0;
===
/android-ndk-r25b/toolchains/llvm/prebuilt/linux-x86_64/bin/aarch64-linux-android23-clang -c -I/python3-android/src/Python-3.11.6/Android/sysroot/usr/include -fPIC -D_LARGEFILE64_SOURCE=1 ztest49999.c
Checking for off64_t... Yes.
Checking for fseeko... Yes.

=== ztest49999.c ===
#include <string.h>
#include <errno.h>
int main() { return strlen(strerror(errno)); }
===
/android-ndk-r25b/toolchains/llvm/prebuilt/linux-x86_64/bin/aarch64-linux-android23-clang -I/python3-android/src/Python-3.11.6/Android/sysroot/usr/include -fPIC -D_LARGEFILE64_SOURCE=1 -o ztest49999 ztest49999.c
Checking for strerror... Yes.

=== ztest49999.c ===
#include <unistd.h>
int main() { return 0; }
===
/android-ndk-r25b/toolchains/llvm/prebuilt/linux-x86_64/bin/aarch64-linux-android23-clang -c -I/python3-android/src/Python-3.11.6/Android/sysroot/usr/include -fPIC -D_LARGEFILE64_SOURCE=1 ztest49999.c
Checking for unistd.h... Yes.

=== ztest49999.c ===
#include <stdarg.h>
int main() { return 0; }
===
/android-ndk-r25b/toolchains/llvm/prebuilt/linux-x86_64/bin/aarch64-linux-android23-clang -c -I/python3-android/src/Python-3.11.6/Android/sysroot/usr/include -fPIC -D_LARGEFILE64_SOURCE=1 ztest49999.c
Checking for stdarg.h... Yes.

=== ztest49999.c ===
#include <stdio.h>
#include <stdarg.h>
#include "zconf.h"
int main()
{
#ifndef STDC
  choke me
#endif
  return 0;
}
===
/android-ndk-r25b/toolchains/llvm/prebuilt/linux-x86_64/bin/aarch64-linux-android23-clang -c -I/python3-android/src/Python-3.11.6/Android/sysroot/usr/include -fPIC -D_LARGEFILE64_SOURCE=1 ztest49999.c
Checking whether to use vs[n]printf() or s[n]printf()... using vs[n]printf().

=== ztest49999.c ===
#include <stdio.h>
#include <stdarg.h>
int mytest(const char *fmt, ...)
{
  char buf[20];
  va_list ap;
  va_start(ap, fmt);
  vsnprintf(buf, sizeof(buf), fmt, ap);
  va_end(ap);
  return 0;
}
int main()
{
  return (mytest("Hello%d\n", 1));
}
===
/android-ndk-r25b/toolchains/llvm/prebuilt/linux-x86_64/bin/aarch64-linux-android23-clang -I/python3-android/src/Python-3.11.6/Android/sysroot/usr/include -fPIC -D_LARGEFILE64_SOURCE=1 -o ztest49999 ztest49999.c
Checking for vsnprintf() in stdio.h... Yes.

=== ztest49999.c ===
#include <stdio.h>
#include <stdarg.h>
int mytest(const char *fmt, ...)
{
  int n;
  char buf[20];
  va_list ap;
  va_start(ap, fmt);
  n = vsnprintf(buf, sizeof(buf), fmt, ap);
  va_end(ap);
  return n;
}
int main()
{
  return (mytest("Hello%d\n", 1));
}
===
/android-ndk-r25b/toolchains/llvm/prebuilt/linux-x86_64/bin/aarch64-linux-android23-clang -c -I/python3-android/src/Python-3.11.6/Android/sysroot/usr/include -fPIC -D_LARGEFILE64_SOURCE=1 ztest49999.c
Checking for return value of vsnprintf()... Yes.

=== ztest49999.c ===
#define ZLIB_INTERNAL __attribute__((visibility ("hidden")))
int ZLIB_INTERNAL foo;
int main()
{
  return 0;
}
===
/android-ndk-r25b/toolchains/llvm/prebuilt/linux-x86_64/bin/aarch64-linux-android23-clang -c -I/python3-android/src/Python-3.11.6/Android/sysroot/usr/include -fPIC -D_LARGEFILE64_SOURCE=1 ztest49999.c
Checking for attribute(visibility) support... Yes.

ALL = static all64
AR = /android-ndk-r25b/toolchains/llvm/prebuilt/linux-x86_64/bin/llvm-ar
ARFLAGS = rc
CC = /android-ndk-r25b/toolchains/llvm/prebuilt/linux-x86_64/bin/aarch64-linux-android23-clang
CFLAGS = -I/python3-android/src/Python-3.11.6/Android/sysroot/usr/include -fPIC -D_LARGEFILE64_SOURCE=1 -DHAVE_HIDDEN
CPP = /android-ndk-r25b/toolchains/llvm/prebuilt/linux-x86_64/bin/aarch64-linux-android23-clang -E
EXE =
LDCONFIG = ldconfig
LDFLAGS = -L/python3-android/src/Python-3.11.6/Android/sysroot/usr/lib -pie
LDSHARED = /android-ndk-r25b/toolchains/llvm/prebuilt/linux-x86_64/bin/aarch64-linux-android23-clang
LDSHAREDLIBC = -lc
OBJC = $(OBJZ) $(OBJG)
PIC_OBJC = $(PIC_OBJZ) $(PIC_OBJG)
RANLIB = /android-ndk-r25b/toolchains/llvm/prebuilt/linux-x86_64/bin/llvm-ranlib
SFLAGS = -I/python3-android/src/Python-3.11.6/Android/sysroot/usr/include -fPIC -fPIC -D_LARGEFILE64_SOURCE=1 -DHAVE_HIDDEN
SHAREDLIB =
SHAREDLIBM =
SHAREDLIBV =
STATICLIB = libz.a
TEST = all teststatic test64
VER = 1.3
SRCDIR =
exec_prefix = ${prefix}
includedir = ${prefix}/include
libdir = ${exec_prefix}/lib
mandir = ${prefix}/share/man
prefix = /usr
sharedlibdir = ${libdir}
uname = aarch64-linux-android-
--------------------


