This file contains any messages produced by compilers while
running configure, to aid debugging if configure makes a mistake.

It was created by libffi configure 3.4.4, which was
generated by GNU Autoconf 2.71.  Invocation command line was

  $ ./configure --prefix=/usr --libdir=/usr/lib --host=aarch64-linux-android --disable-shared --disable-builddir

## --------- ##
## Platform. ##
## --------- ##

hostname = ab555e124bc7
uname -m = x86_64
uname -r = 5.15.0-1041-azure
uname -s = Linux
uname -v = #48-Ubuntu SMP Tue Jun 20 20:34:08 UTC 2023

/usr/bin/uname -p = unknown
/bin/uname -X     = unknown

/bin/arch              = x86_64
/usr/bin/arch -k       = unknown
/usr/convex/getsysinfo = unknown
/usr/bin/hostinfo      = unknown
/bin/machine           = unknown
/usr/bin/oslevel       = unknown
/bin/universe          = unknown

PATH: /usr/local/bin/
PATH: /usr/local/sbin/
PATH: /usr/local/bin/
PATH: /usr/sbin/
PATH: /usr/bin/
PATH: /sbin/
PATH: /bin/


## ----------- ##
## Core tests. ##
## ----------- ##

configure:3073: looking for aux files: ltmain.sh compile missing install-sh config.guess config.sub
configure:3086:  trying ./
configure:3115:   ./ltmain.sh found
configure:3115:   ./compile found
configure:3115:   ./missing found
configure:3097:   ./install-sh found
configure:3115:   ./config.guess found
configure:3115:   ./config.sub found
configure:3236: checking build system type
configure:3251: result: x86_64-pc-linux-gnu
configure:3271: checking host system type
configure:3285: result: aarch64-unknown-linux-android
configure:3305: checking target system type
configure:3319: result: aarch64-unknown-linux-android
configure:3417: checking for gsed
configure:3453: result: sed
configure:3482: checking for a BSD-compatible install
configure:3555: result: /usr/bin/install -c
configure:3566: checking whether build environment is sane
configure:3621: result: yes
configure:3673: checking for aarch64-linux-android-strip
configure:3705: result: /android-ndk-r25b/toolchains/llvm/prebuilt/linux-x86_64/bin/llvm-strip
configure:3776: checking for a race-free mkdir -p
configure:3820: result: /usr/bin/mkdir -p
configure:3827: checking for gawk
configure:3848: found /usr/bin/gawk
configure:3859: result: gawk
configure:3870: checking whether make sets $(MAKE)
configure:3893: result: yes
configure:3923: checking whether make supports nested variables
configure:3941: result: yes
configure:4105: checking for aarch64-linux-android-gcc
configure:4137: result: /android-ndk-r25b/toolchains/llvm/prebuilt/linux-x86_64/bin/aarch64-linux-android23-clang
configure:4535: checking for C compiler version
configure:4544: /android-ndk-r25b/toolchains/llvm/prebuilt/linux-x86_64/bin/aarch64-linux-android23-clang --version >&5
Android (8490178, based on r450784d) clang version 14.0.6 (https://android.googlesource.com/toolchain/llvm-project 4c603efb0cca074e9238af8b4106c30add4418f6)
Target: aarch64-unknown-linux-android23
Thread model: posix
InstalledDir: /android-ndk-r25b/toolchains/llvm/prebuilt/linux-x86_64/bin
configure:4555: $? = 0
configure:4544: /android-ndk-r25b/toolchains/llvm/prebuilt/linux-x86_64/bin/aarch64-linux-android23-clang -v >&5
Android (8490178, based on r450784d) clang version 14.0.6 (https://android.googlesource.com/toolchain/llvm-project 4c603efb0cca074e9238af8b4106c30add4418f6)
Target: aarch64-unknown-linux-android23
Thread model: posix
InstalledDir: /android-ndk-r25b/toolchains/llvm/prebuilt/linux-x86_64/bin
configure:4555: $? = 0
configure:4544: /android-ndk-r25b/toolchains/llvm/prebuilt/linux-x86_64/bin/aarch64-linux-android23-clang -V >&5
clang-14: error: argument to '-V' is missing (expected 1 value)
clang-14: error: no input files
configure:4555: $? = 1
configure:4544: /android-ndk-r25b/toolchains/llvm/prebuilt/linux-x86_64/bin/aarch64-linux-android23-clang -qversion >&5
clang-14: error: unknown argument '-qversion'; did you mean '--version'?
clang-14: error: no input files
configure:4555: $? = 1
configure:4544: /android-ndk-r25b/toolchains/llvm/prebuilt/linux-x86_64/bin/aarch64-linux-android23-clang -version >&5
clang-14: error: unknown argument '-version'; did you mean '--version'?
clang-14: error: no input files
configure:4555: $? = 1
configure:4575: checking whether the C compiler works
configure:4597: /android-ndk-r25b/toolchains/llvm/prebuilt/linux-x86_64/bin/aarch64-linux-android23-clang -fPIC -I/python3-android/src/Python-3.11.6/Android/sysroot/usr/include -L/python3-android/src/Python-3.11.6/Android/sysroot/usr/lib -pie conftest.c  >&5
configure:4601: $? = 0
configure:4651: result: yes
configure:4654: checking for C compiler default output file name
configure:4656: result: a.out
configure:4662: checking for suffix of executables
configure:4669: /android-ndk-r25b/toolchains/llvm/prebuilt/linux-x86_64/bin/aarch64-linux-android23-clang -o conftest -fPIC -I/python3-android/src/Python-3.11.6/Android/sysroot/usr/include -L/python3-android/src/Python-3.11.6/Android/sysroot/usr/lib -pie conftest.c  >&5
configure:4673: $? = 0
configure:4696: result: 
configure:4718: checking whether we are cross compiling
configure:4726: /android-ndk-r25b/toolchains/llvm/prebuilt/linux-x86_64/bin/aarch64-linux-android23-clang -o conftest -fPIC -I/python3-android/src/Python-3.11.6/Android/sysroot/usr/include -L/python3-android/src/Python-3.11.6/Android/sysroot/usr/lib -pie conftest.c  >&5
configure:4730: $? = 0
configure:4737: ./conftest
./configure: line 4739: ./conftest: cannot execute binary file: Exec format error
configure:4741: $? = 126
configure:4756: result: yes
configure:4761: checking for suffix of object files
configure:4784: /android-ndk-r25b/toolchains/llvm/prebuilt/linux-x86_64/bin/aarch64-linux-android23-clang -c -fPIC -I/python3-android/src/Python-3.11.6/Android/sysroot/usr/include conftest.c >&5
configure:4788: $? = 0
configure:4810: result: o
configure:4814: checking whether the compiler supports GNU C
configure:4834: /android-ndk-r25b/toolchains/llvm/prebuilt/linux-x86_64/bin/aarch64-linux-android23-clang -c -fPIC -I/python3-android/src/Python-3.11.6/Android/sysroot/usr/include conftest.c >&5
configure:4834: $? = 0
configure:4844: result: yes
configure:4855: checking whether /android-ndk-r25b/toolchains/llvm/prebuilt/linux-x86_64/bin/aarch64-linux-android23-clang accepts -g
configure:4876: /android-ndk-r25b/toolchains/llvm/prebuilt/linux-x86_64/bin/aarch64-linux-android23-clang -c -g -I/python3-android/src/Python-3.11.6/Android/sysroot/usr/include conftest.c >&5
configure:4876: $? = 0
configure:4920: result: yes
configure:4940: checking for /android-ndk-r25b/toolchains/llvm/prebuilt/linux-x86_64/bin/aarch64-linux-android23-clang option to enable C11 features
configure:4955: /android-ndk-r25b/toolchains/llvm/prebuilt/linux-x86_64/bin/aarch64-linux-android23-clang  -c -fPIC -I/python3-android/src/Python-3.11.6/Android/sysroot/usr/include conftest.c >&5
configure:4955: $? = 0
configure:4973: result: none needed
configure:5089: checking whether /android-ndk-r25b/toolchains/llvm/prebuilt/linux-x86_64/bin/aarch64-linux-android23-clang understands -c and -o together
configure:5112: /android-ndk-r25b/toolchains/llvm/prebuilt/linux-x86_64/bin/aarch64-linux-android23-clang -c conftest.c -o conftest2.o
configure:5115: $? = 0
configure:5112: /android-ndk-r25b/toolchains/llvm/prebuilt/linux-x86_64/bin/aarch64-linux-android23-clang -c conftest.c -o conftest2.o
configure:5115: $? = 0
configure:5127: result: yes
configure:5147: checking whether make supports the include directive
configure:5162: make -f confmf.GNU && cat confinc.out
this is the am__doit target
configure:5165: $? = 0
configure:5184: result: yes (GNU style)
configure:5210: checking dependency style of /android-ndk-r25b/toolchains/llvm/prebuilt/linux-x86_64/bin/aarch64-linux-android23-clang
configure:5322: result: gcc3
configure:5465: checking for C++ compiler version
configure:5474: /android-ndk-r25b/toolchains/llvm/prebuilt/linux-x86_64/bin/aarch64-linux-android23-clang++ --version >&5
Android (8490178, based on r450784d) clang version 14.0.6 (https://android.googlesource.com/toolchain/llvm-project 4c603efb0cca074e9238af8b4106c30add4418f6)
Target: aarch64-unknown-linux-android23
Thread model: posix
InstalledDir: /android-ndk-r25b/toolchains/llvm/prebuilt/linux-x86_64/bin
configure:5485: $? = 0
configure:5474: /android-ndk-r25b/toolchains/llvm/prebuilt/linux-x86_64/bin/aarch64-linux-android23-clang++ -v >&5
Android (8490178, based on r450784d) clang version 14.0.6 (https://android.googlesource.com/toolchain/llvm-project 4c603efb0cca074e9238af8b4106c30add4418f6)
Target: aarch64-unknown-linux-android23
Thread model: posix
InstalledDir: /android-ndk-r25b/toolchains/llvm/prebuilt/linux-x86_64/bin
configure:5485: $? = 0
configure:5474: /android-ndk-r25b/toolchains/llvm/prebuilt/linux-x86_64/bin/aarch64-linux-android23-clang++ -V >&5
clang-14: error: argument to '-V' is missing (expected 1 value)
clang-14: error: no input files
configure:5485: $? = 1
configure:5474: /android-ndk-r25b/toolchains/llvm/prebuilt/linux-x86_64/bin/aarch64-linux-android23-clang++ -qversion >&5
clang-14: error: unknown argument '-qversion'; did you mean '--version'?
clang-14: error: no input files
configure:5485: $? = 1
configure:5489: checking whether the compiler supports GNU C++
configure:5509: /android-ndk-r25b/toolchains/llvm/prebuilt/linux-x86_64/bin/aarch64-linux-android23-clang++ -c  -I/python3-android/src/Python-3.11.6/Android/sysroot/usr/include conftest.cpp >&5
configure:5509: $? = 0
configure:5519: result: yes
configure:5530: checking whether /android-ndk-r25b/toolchains/llvm/prebuilt/linux-x86_64/bin/aarch64-linux-android23-clang++ accepts -g
configure:5551: /android-ndk-r25b/toolchains/llvm/prebuilt/linux-x86_64/bin/aarch64-linux-android23-clang++ -c -g -I/python3-android/src/Python-3.11.6/Android/sysroot/usr/include conftest.cpp >&5
configure:5551: $? = 0
configure:5595: result: yes
configure:5615: checking for /android-ndk-r25b/toolchains/llvm/prebuilt/linux-x86_64/bin/aarch64-linux-android23-clang++ option to enable C++11 features
configure:5630: /android-ndk-r25b/toolchains/llvm/prebuilt/linux-x86_64/bin/aarch64-linux-android23-clang++  -c -g -O2 -I/python3-android/src/Python-3.11.6/Android/sysroot/usr/include conftest.cpp >&5
conftest.cpp:177:25: warning: empty parentheses interpreted as a function declaration [-Wvexing-parse]
  cxx11test::delegate d2();
                        ^~
conftest.cpp:177:25: note: remove parentheses to declare a variable
  cxx11test::delegate d2();
                        ^~
1 warning generated.
configure:5630: $? = 0
configure:5648: result: none needed
configure:5714: checking dependency style of /android-ndk-r25b/toolchains/llvm/prebuilt/linux-x86_64/bin/aarch64-linux-android23-clang++
configure:5826: result: gcc3
configure:5856: checking dependency style of /android-ndk-r25b/toolchains/llvm/prebuilt/linux-x86_64/bin/aarch64-linux-android23-clang
configure:5966: result: gcc3
configure:5982: checking for grep that handles long lines and -e
configure:6046: result: /usr/bin/grep
configure:6051: checking for egrep
configure:6119: result: /usr/bin/grep -E
configure:6171: checking how to print strings
configure:6198: result: printf
configure:6219: checking for a sed that does not truncate output
configure:6289: result: /usr/bin/sed
configure:6307: checking for fgrep
configure:6375: result: /usr/bin/grep -F
configure:6411: checking for ld used by /android-ndk-r25b/toolchains/llvm/prebuilt/linux-x86_64/bin/aarch64-linux-android23-clang
configure:6479: result: /android-ndk-r25b/toolchains/llvm/prebuilt/linux-x86_64/bin/ld
configure:6486: checking if the linker (/android-ndk-r25b/toolchains/llvm/prebuilt/linux-x86_64/bin/ld) is GNU ld
configure:6502: result: yes
configure:6514: checking for BSD- or MS-compatible name lister (nm)
configure:6569: result: /android-ndk-r25b/toolchains/llvm/prebuilt/linux-x86_64/bin/llvm-nm
configure:6709: checking the name lister (/android-ndk-r25b/toolchains/llvm/prebuilt/linux-x86_64/bin/llvm-nm) interface
configure:6717: /android-ndk-r25b/toolchains/llvm/prebuilt/linux-x86_64/bin/aarch64-linux-android23-clang -c -fPIC -I/python3-android/src/Python-3.11.6/Android/sysroot/usr/include conftest.c >&5
configure:6720: /android-ndk-r25b/toolchains/llvm/prebuilt/linux-x86_64/bin/llvm-nm "conftest.o"
configure:6723: output
0000000000000000 B some_variable
configure:6730: result: BSD nm
configure:6733: checking whether ln -s works
configure:6737: result: yes
configure:6745: checking the maximum length of command line arguments
configure:6877: result: 1572864
configure:6925: checking how to convert x86_64-pc-linux-gnu file names to aarch64-unknown-linux-android format
configure:6966: result: func_convert_file_noop
configure:6973: checking how to convert x86_64-pc-linux-gnu file names to toolchain format
configure:6994: result: func_convert_file_noop
configure:7001: checking for /android-ndk-r25b/toolchains/llvm/prebuilt/linux-x86_64/bin/ld option to reload object files
configure:7009: result: -r
configure:7043: checking for aarch64-linux-android-file
configure:7078: result: no
configure:7088: checking for file
configure:7123: result: no
configure:7151: checking for aarch64-linux-android-objdump
configure:7183: result: /android-ndk-r25b/toolchains/llvm/prebuilt/linux-x86_64/bin/llvm-objdump
configure:7260: checking how to recognize dependent libraries
configure:7461: result: pass_all
configure:7506: checking for aarch64-linux-android-dlltool
configure:7541: result: no
configure:7551: checking for dlltool
configure:7586: result: no
configure:7616: checking how to associate runtime and link libraries
configure:7644: result: printf %s\n
configure:7661: checking for aarch64-linux-android-ar
configure:7693: result: /android-ndk-r25b/toolchains/llvm/prebuilt/linux-x86_64/bin/llvm-ar
configure:7795: checking for archiver @FILE support
configure:7813: /android-ndk-r25b/toolchains/llvm/prebuilt/linux-x86_64/bin/aarch64-linux-android23-clang -c -fPIC -I/python3-android/src/Python-3.11.6/Android/sysroot/usr/include conftest.c >&5
configure:7813: $? = 0
configure:7817: /android-ndk-r25b/toolchains/llvm/prebuilt/linux-x86_64/bin/llvm-ar cr libconftest.a @conftest.lst >&5
configure:7820: $? = 0
configure:7825: /android-ndk-r25b/toolchains/llvm/prebuilt/linux-x86_64/bin/llvm-ar cr libconftest.a @conftest.lst >&5
/android-ndk-r25b/toolchains/llvm/prebuilt/linux-x86_64/bin/llvm-ar: error: conftest.o: No such file or directory
configure:7828: $? = 1
configure:7840: result: @
configure:7858: checking for aarch64-linux-android-strip
configure:7890: result: /android-ndk-r25b/toolchains/llvm/prebuilt/linux-x86_64/bin/llvm-strip
configure:7967: checking for aarch64-linux-android-ranlib
configure:7999: result: /android-ndk-r25b/toolchains/llvm/prebuilt/linux-x86_64/bin/llvm-ranlib
configure:8146: checking command to parse /android-ndk-r25b/toolchains/llvm/prebuilt/linux-x86_64/bin/llvm-nm output from /android-ndk-r25b/toolchains/llvm/prebuilt/linux-x86_64/bin/aarch64-linux-android23-clang object
configure:8300: /android-ndk-r25b/toolchains/llvm/prebuilt/linux-x86_64/bin/aarch64-linux-android23-clang -c -fPIC -I/python3-android/src/Python-3.11.6/Android/sysroot/usr/include conftest.c >&5
configure:8303: $? = 0
configure:8307: /android-ndk-r25b/toolchains/llvm/prebuilt/linux-x86_64/bin/llvm-nm conftest.o \| /usr/bin/sed -n -e 's/^.*[ ]\([ABCDGIRSTW][ABCDGIRSTW]*\)[ ][ ]*\([_A-Za-z][_A-Za-z0-9]*\)$/\1 \2 \2/p' | /usr/bin/sed '/ __gnu_lto/d' \> conftest.nm
configure:8310: $? = 0
configure:8376: /android-ndk-r25b/toolchains/llvm/prebuilt/linux-x86_64/bin/aarch64-linux-android23-clang -o conftest -fPIC -I/python3-android/src/Python-3.11.6/Android/sysroot/usr/include -L/python3-android/src/Python-3.11.6/Android/sysroot/usr/lib -pie conftest.c conftstm.o >&5
configure:8379: $? = 0
configure:8417: result: ok
configure:8464: checking for sysroot
configure:8495: result: no
configure:8502: checking for a working dd
configure:8546: result: /usr/bin/dd
configure:8550: checking how to truncate binary pipes
configure:8566: result: /usr/bin/dd bs=4096 count=1
configure:8858: checking for aarch64-linux-android-mt
configure:8893: result: no
configure:8903: checking for mt
configure:8938: result: no
configure:8958: checking if : is a manifest tool
configure:8965: : '-?'
configure:8973: result: no
configure:9698: checking for stdio.h
configure:9698: /android-ndk-r25b/toolchains/llvm/prebuilt/linux-x86_64/bin/aarch64-linux-android23-clang -c -fPIC -I/python3-android/src/Python-3.11.6/Android/sysroot/usr/include conftest.c >&5
configure:9698: $? = 0
configure:9698: result: yes
configure:9698: checking for stdlib.h
configure:9698: /android-ndk-r25b/toolchains/llvm/prebuilt/linux-x86_64/bin/aarch64-linux-android23-clang -c -fPIC -I/python3-android/src/Python-3.11.6/Android/sysroot/usr/include conftest.c >&5
configure:9698: $? = 0
configure:9698: result: yes
configure:9698: checking for string.h
configure:9698: /android-ndk-r25b/toolchains/llvm/prebuilt/linux-x86_64/bin/aarch64-linux-android23-clang -c -fPIC -I/python3-android/src/Python-3.11.6/Android/sysroot/usr/include conftest.c >&5
configure:9698: $? = 0
configure:9698: result: yes
configure:9698: checking for inttypes.h
configure:9698: /android-ndk-r25b/toolchains/llvm/prebuilt/linux-x86_64/bin/aarch64-linux-android23-clang -c -fPIC -I/python3-android/src/Python-3.11.6/Android/sysroot/usr/include conftest.c >&5
configure:9698: $? = 0
configure:9698: result: yes
configure:9698: checking for stdint.h
configure:9698: /android-ndk-r25b/toolchains/llvm/prebuilt/linux-x86_64/bin/aarch64-linux-android23-clang -c -fPIC -I/python3-android/src/Python-3.11.6/Android/sysroot/usr/include conftest.c >&5
configure:9698: $? = 0
configure:9698: result: yes
configure:9698: checking for strings.h
configure:9698: /android-ndk-r25b/toolchains/llvm/prebuilt/linux-x86_64/bin/aarch64-linux-android23-clang -c -fPIC -I/python3-android/src/Python-3.11.6/Android/sysroot/usr/include conftest.c >&5
configure:9698: $? = 0
configure:9698: result: yes
configure:9698: checking for sys/stat.h
configure:9698: /android-ndk-r25b/toolchains/llvm/prebuilt/linux-x86_64/bin/aarch64-linux-android23-clang -c -fPIC -I/python3-android/src/Python-3.11.6/Android/sysroot/usr/include conftest.c >&5
configure:9698: $? = 0
configure:9698: result: yes
configure:9698: checking for sys/types.h
configure:9698: /android-ndk-r25b/toolchains/llvm/prebuilt/linux-x86_64/bin/aarch64-linux-android23-clang -c -fPIC -I/python3-android/src/Python-3.11.6/Android/sysroot/usr/include conftest.c >&5
configure:9698: $? = 0
configure:9698: result: yes
configure:9698: checking for unistd.h
configure:9698: /android-ndk-r25b/toolchains/llvm/prebuilt/linux-x86_64/bin/aarch64-linux-android23-clang -c -fPIC -I/python3-android/src/Python-3.11.6/Android/sysroot/usr/include conftest.c >&5
configure:9698: $? = 0
configure:9698: result: yes
configure:9723: checking for dlfcn.h
configure:9723: /android-ndk-r25b/toolchains/llvm/prebuilt/linux-x86_64/bin/aarch64-linux-android23-clang -c -fPIC -I/python3-android/src/Python-3.11.6/Android/sysroot/usr/include conftest.c >&5
configure:9723: $? = 0
configure:9723: result: yes
configure:9993: checking for objdir
configure:10009: result: .libs
configure:10273: checking if /android-ndk-r25b/toolchains/llvm/prebuilt/linux-x86_64/bin/aarch64-linux-android23-clang supports -fno-rtti -fno-exceptions
configure:10292: /android-ndk-r25b/toolchains/llvm/prebuilt/linux-x86_64/bin/aarch64-linux-android23-clang -c -fPIC -I/python3-android/src/Python-3.11.6/Android/sysroot/usr/include -fno-rtti -fno-exceptions conftest.c >&5
configure:10296: $? = 0
configure:10309: result: yes
configure:10667: checking for /android-ndk-r25b/toolchains/llvm/prebuilt/linux-x86_64/bin/aarch64-linux-android23-clang option to produce PIC
configure:10675: result: -fPIC -DPIC
configure:10683: checking if /android-ndk-r25b/toolchains/llvm/prebuilt/linux-x86_64/bin/aarch64-linux-android23-clang PIC flag -fPIC -DPIC works
configure:10702: /android-ndk-r25b/toolchains/llvm/prebuilt/linux-x86_64/bin/aarch64-linux-android23-clang -c -fPIC -I/python3-android/src/Python-3.11.6/Android/sysroot/usr/include -fPIC -DPIC -DPIC conftest.c >&5
configure:10706: $? = 0
configure:10719: result: yes
configure:10748: checking if /android-ndk-r25b/toolchains/llvm/prebuilt/linux-x86_64/bin/aarch64-linux-android23-clang static flag -static works
clang-14: warning: argument unused during compilation: '-pie' [-Wunused-command-line-argument]
configure:10777: result: no
configure:10792: checking if /android-ndk-r25b/toolchains/llvm/prebuilt/linux-x86_64/bin/aarch64-linux-android23-clang supports -c -o file.o
configure:10814: /android-ndk-r25b/toolchains/llvm/prebuilt/linux-x86_64/bin/aarch64-linux-android23-clang -c -fPIC -I/python3-android/src/Python-3.11.6/Android/sysroot/usr/include -o out/conftest2.o conftest.c >&5
configure:10818: $? = 0
configure:10840: result: yes
configure:10848: checking if /android-ndk-r25b/toolchains/llvm/prebuilt/linux-x86_64/bin/aarch64-linux-android23-clang supports -c -o file.o
configure:10896: result: yes
configure:10929: checking whether the /android-ndk-r25b/toolchains/llvm/prebuilt/linux-x86_64/bin/aarch64-linux-android23-clang linker (/android-ndk-r25b/toolchains/llvm/prebuilt/linux-x86_64/bin/ld) supports shared libraries
configure:12197: result: yes
configure:12438: checking dynamic linker characteristics
configure:13262: result: Android linker
configure:13384: checking how to hardcode library paths into programs
configure:13409: result: immediate
configure:13961: checking whether stripping libraries is possible
configure:13970: result: yes
configure:14012: checking if libtool supports shared libraries
configure:14014: result: yes
configure:14017: checking whether to build shared libraries
configure:14042: result: no
configure:14045: checking whether to build static libraries
configure:14049: result: yes
configure:14072: checking how to run the C++ preprocessor
configure:14094: /android-ndk-r25b/toolchains/llvm/prebuilt/linux-x86_64/bin/aarch64-linux-android23-clang++ -E -I/python3-android/src/Python-3.11.6/Android/sysroot/usr/include conftest.cpp
configure:14094: $? = 0
configure:14109: /android-ndk-r25b/toolchains/llvm/prebuilt/linux-x86_64/bin/aarch64-linux-android23-clang++ -E -I/python3-android/src/Python-3.11.6/Android/sysroot/usr/include conftest.cpp
conftest.cpp:23:10: fatal error: 'ac_nonexistent.h' file not found
#include <ac_nonexistent.h>
         ^~~~~~~~~~~~~~~~~~
1 error generated.
configure:14109: $? = 1
configure: failed program was:
| /* confdefs.h */
| #define PACKAGE_NAME "libffi"
| #define PACKAGE_TARNAME "libffi"
| #define PACKAGE_VERSION "3.4.4"
| #define PACKAGE_STRING "libffi 3.4.4"
| #define PACKAGE_BUGREPORT "http://github.com/libffi/libffi/issues"
| #define PACKAGE_URL ""
| #define PACKAGE "libffi"
| #define VERSION "3.4.4"
| #define HAVE_STDIO_H 1
| #define HAVE_STDLIB_H 1
| #define HAVE_STRING_H 1
| #define HAVE_INTTYPES_H 1
| #define HAVE_STDINT_H 1
| #define HAVE_STRINGS_H 1
| #define HAVE_SYS_STAT_H 1
| #define HAVE_SYS_TYPES_H 1
| #define HAVE_UNISTD_H 1
| #define STDC_HEADERS 1
| #define HAVE_DLFCN_H 1
| #define LT_OBJDIR ".libs/"
| /* end confdefs.h.  */
| #include <ac_nonexistent.h>
configure:14136: result: /android-ndk-r25b/toolchains/llvm/prebuilt/linux-x86_64/bin/aarch64-linux-android23-clang++ -E
configure:14150: /android-ndk-r25b/toolchains/llvm/prebuilt/linux-x86_64/bin/aarch64-linux-android23-clang++ -E -I/python3-android/src/Python-3.11.6/Android/sysroot/usr/include conftest.cpp
configure:14150: $? = 0
configure:14165: /android-ndk-r25b/toolchains/llvm/prebuilt/linux-x86_64/bin/aarch64-linux-android23-clang++ -E -I/python3-android/src/Python-3.11.6/Android/sysroot/usr/include conftest.cpp
conftest.cpp:23:10: fatal error: 'ac_nonexistent.h' file not found
#include <ac_nonexistent.h>
         ^~~~~~~~~~~~~~~~~~
1 error generated.
configure:14165: $? = 1
configure: failed program was:
| /* confdefs.h */
| #define PACKAGE_NAME "libffi"
| #define PACKAGE_TARNAME "libffi"
| #define PACKAGE_VERSION "3.4.4"
| #define PACKAGE_STRING "libffi 3.4.4"
| #define PACKAGE_BUGREPORT "http://github.com/libffi/libffi/issues"
| #define PACKAGE_URL ""
| #define PACKAGE "libffi"
| #define VERSION "3.4.4"
| #define HAVE_STDIO_H 1
| #define HAVE_STDLIB_H 1
| #define HAVE_STRING_H 1
| #define HAVE_INTTYPES_H 1
| #define HAVE_STDINT_H 1
| #define HAVE_STRINGS_H 1
| #define HAVE_SYS_STAT_H 1
| #define HAVE_SYS_TYPES_H 1
| #define HAVE_UNISTD_H 1
| #define STDC_HEADERS 1
| #define HAVE_DLFCN_H 1
| #define LT_OBJDIR ".libs/"
| /* end confdefs.h.  */
| #include <ac_nonexistent.h>
configure:14330: checking for ld used by /android-ndk-r25b/toolchains/llvm/prebuilt/linux-x86_64/bin/aarch64-linux-android23-clang++
configure:14398: result: /android-ndk-r25b/toolchains/llvm/prebuilt/linux-x86_64/bin/ld
configure:14405: checking if the linker (/android-ndk-r25b/toolchains/llvm/prebuilt/linux-x86_64/bin/ld) is GNU ld
configure:14421: result: yes
configure:14476: checking whether the /android-ndk-r25b/toolchains/llvm/prebuilt/linux-x86_64/bin/aarch64-linux-android23-clang++ linker (/android-ndk-r25b/toolchains/llvm/prebuilt/linux-x86_64/bin/ld) supports shared libraries
configure:15554: result: yes
configure:15590: /android-ndk-r25b/toolchains/llvm/prebuilt/linux-x86_64/bin/aarch64-linux-android23-clang++ -c -g -O2 -I/python3-android/src/Python-3.11.6/Android/sysroot/usr/include conftest.cpp >&5
configure:15593: $? = 0
configure:16074: checking for /android-ndk-r25b/toolchains/llvm/prebuilt/linux-x86_64/bin/aarch64-linux-android23-clang++ option to produce PIC
configure:16082: result: -fPIC -DPIC
configure:16090: checking if /android-ndk-r25b/toolchains/llvm/prebuilt/linux-x86_64/bin/aarch64-linux-android23-clang++ PIC flag -fPIC -DPIC works
configure:16109: /android-ndk-r25b/toolchains/llvm/prebuilt/linux-x86_64/bin/aarch64-linux-android23-clang++ -c -g -O2 -I/python3-android/src/Python-3.11.6/Android/sysroot/usr/include -fPIC -DPIC -DPIC conftest.cpp >&5
configure:16113: $? = 0
configure:16126: result: yes
configure:16149: checking if /android-ndk-r25b/toolchains/llvm/prebuilt/linux-x86_64/bin/aarch64-linux-android23-clang++ static flag -static works
clang-14: warning: argument unused during compilation: '-pie' [-Wunused-command-line-argument]
configure:16178: result: no
configure:16190: checking if /android-ndk-r25b/toolchains/llvm/prebuilt/linux-x86_64/bin/aarch64-linux-android23-clang++ supports -c -o file.o
configure:16212: /android-ndk-r25b/toolchains/llvm/prebuilt/linux-x86_64/bin/aarch64-linux-android23-clang++ -c -g -O2 -I/python3-android/src/Python-3.11.6/Android/sysroot/usr/include -o out/conftest2.o conftest.cpp >&5
configure:16216: $? = 0
configure:16238: result: yes
configure:16243: checking if /android-ndk-r25b/toolchains/llvm/prebuilt/linux-x86_64/bin/aarch64-linux-android23-clang++ supports -c -o file.o
configure:16291: result: yes
configure:16321: checking whether the /android-ndk-r25b/toolchains/llvm/prebuilt/linux-x86_64/bin/aarch64-linux-android23-clang++ linker (/android-ndk-r25b/toolchains/llvm/prebuilt/linux-x86_64/bin/ld) supports shared libraries
configure:16361: result: yes
configure:16503: checking dynamic linker characteristics
configure:17254: result: Android linker
configure:17319: checking how to hardcode library paths into programs
configure:17344: result: immediate
configure:17410: checking for aarch64-linux-android-readelf
configure:17442: result: /android-ndk-r25b/toolchains/llvm/prebuilt/linux-x86_64/bin/llvm-readelf
configure:17515: checking size of size_t
configure:17521: /android-ndk-r25b/toolchains/llvm/prebuilt/linux-x86_64/bin/aarch64-linux-android23-clang -c -fPIC -I/python3-android/src/Python-3.11.6/Android/sysroot/usr/include conftest.c >&5
configure:17521: $? = 0
configure:17521: /android-ndk-r25b/toolchains/llvm/prebuilt/linux-x86_64/bin/aarch64-linux-android23-clang -c -fPIC -I/python3-android/src/Python-3.11.6/Android/sysroot/usr/include conftest.c >&5
conftest.c:54:24: error: 'test_array' declared as an array with a negative size
static int test_array [1 - 2 * !(((long int) (sizeof (size_t))) <= 0)];
                       ^~~~~~~~~~~~~~~~~~~~~~~~~~~~~~~~~~~~~~~~~~~~~~
1 error generated.
configure:17521: $? = 1
configure: failed program was:
| /* confdefs.h */
| #define PACKAGE_NAME "libffi"
| #define PACKAGE_TARNAME "libffi"
| #define PACKAGE_VERSION "3.4.4"
| #define PACKAGE_STRING "libffi 3.4.4"
| #define PACKAGE_BUGREPORT "http://github.com/libffi/libffi/issues"
| #define PACKAGE_URL ""
| #define PACKAGE "libffi"
| #define VERSION "3.4.4"
| #define HAVE_STDIO_H 1
| #define HAVE_STDLIB_H 1
| #define HAVE_STRING_H 1
| #define HAVE_INTTYPES_H 1
| #define HAVE_STDINT_H 1
| #define HAVE_STRINGS_H 1
| #define HAVE_SYS_STAT_H 1
| #define HAVE_SYS_TYPES_H 1
| #define HAVE_UNISTD_H 1
| #define STDC_HEADERS 1
| #define HAVE_DLFCN_H 1
| #define LT_OBJDIR ".libs/"
| /* end confdefs.h.  */
| #include <stddef.h>
| #ifdef HAVE_STDIO_H
| # include <stdio.h>
| #endif
| #ifdef HAVE_STDLIB_H
| # include <stdlib.h>
| #endif
| #ifdef HAVE_STRING_H
| # include <string.h>
| #endif
| #ifdef HAVE_INTTYPES_H
| # include <inttypes.h>
| #endif
| #ifdef HAVE_STDINT_H
| # include <stdint.h>
| #endif
| #ifdef HAVE_STRINGS_H
| # include <strings.h>
| #endif
| #ifdef HAVE_SYS_TYPES_H
| # include <sys/types.h>
| #endif
| #ifdef HAVE_SYS_STAT_H
| # include <sys/stat.h>
| #endif
| #ifdef HAVE_UNISTD_H
| # include <unistd.h>
| #endif
| int
| main (void)
| {
| static int test_array [1 - 2 * !(((long int) (sizeof (size_t))) <= 0)];
| test_array [0] = 0;
| return test_array [0];
| 
|   ;
|   return 0;
| }
configure:17521: /android-ndk-r25b/toolchains/llvm/prebuilt/linux-x86_64/bin/aarch64-linux-android23-clang -c -fPIC -I/python3-android/src/Python-3.11.6/Android/sysroot/usr/include conftest.c >&5
conftest.c:54:24: error: 'test_array' declared as an array with a negative size
static int test_array [1 - 2 * !(((long int) (sizeof (size_t))) <= 1)];
                       ^~~~~~~~~~~~~~~~~~~~~~~~~~~~~~~~~~~~~~~~~~~~~~
1 error generated.
configure:17521: $? = 1
configure: failed program was:
| /* confdefs.h */
| #define PACKAGE_NAME "libffi"
| #define PACKAGE_TARNAME "libffi"
| #define PACKAGE_VERSION "3.4.4"
| #define PACKAGE_STRING "libffi 3.4.4"
| #define PACKAGE_BUGREPORT "http://github.com/libffi/libffi/issues"
| #define PACKAGE_URL ""
| #define PACKAGE "libffi"
| #define VERSION "3.4.4"
| #define HAVE_STDIO_H 1
| #define HAVE_STDLIB_H 1
| #define HAVE_STRING_H 1
| #define HAVE_INTTYPES_H 1
| #define HAVE_STDINT_H 1
| #define HAVE_STRINGS_H 1
| #define HAVE_SYS_STAT_H 1
| #define HAVE_SYS_TYPES_H 1
| #define HAVE_UNISTD_H 1
| #define STDC_HEADERS 1
| #define HAVE_DLFCN_H 1
| #define LT_OBJDIR ".libs/"
| /* end confdefs.h.  */
| #include <stddef.h>
| #ifdef HAVE_STDIO_H
| # include <stdio.h>
| #endif
| #ifdef HAVE_STDLIB_H
| # include <stdlib.h>
| #endif
| #ifdef HAVE_STRING_H
| # include <string.h>
| #endif
| #ifdef HAVE_INTTYPES_H
| # include <inttypes.h>
| #endif
| #ifdef HAVE_STDINT_H
| # include <stdint.h>
| #endif
| #ifdef HAVE_STRINGS_H
| # include <strings.h>
| #endif
| #ifdef HAVE_SYS_TYPES_H
| # include <sys/types.h>
| #endif
| #ifdef HAVE_SYS_STAT_H
| # include <sys/stat.h>
| #endif
| #ifdef HAVE_UNISTD_H
| # include <unistd.h>
| #endif
| int
| main (void)
| {
| static int test_array [1 - 2 * !(((long int) (sizeof (size_t))) <= 1)];
| test_array [0] = 0;
| return test_array [0];
| 
|   ;
|   return 0;
| }
configure:17521: /android-ndk-r25b/toolchains/llvm/prebuilt/linux-x86_64/bin/aarch64-linux-android23-clang -c -fPIC -I/python3-android/src/Python-3.11.6/Android/sysroot/usr/include conftest.c >&5
conftest.c:54:24: error: 'test_array' declared as an array with a negative size
static int test_array [1 - 2 * !(((long int) (sizeof (size_t))) <= 3)];
                       ^~~~~~~~~~~~~~~~~~~~~~~~~~~~~~~~~~~~~~~~~~~~~~
1 error generated.
configure:17521: $? = 1
configure: failed program was:
| /* confdefs.h */
| #define PACKAGE_NAME "libffi"
| #define PACKAGE_TARNAME "libffi"
| #define PACKAGE_VERSION "3.4.4"
| #define PACKAGE_STRING "libffi 3.4.4"
| #define PACKAGE_BUGREPORT "http://github.com/libffi/libffi/issues"
| #define PACKAGE_URL ""
| #define PACKAGE "libffi"
| #define VERSION "3.4.4"
| #define HAVE_STDIO_H 1
| #define HAVE_STDLIB_H 1
| #define HAVE_STRING_H 1
| #define HAVE_INTTYPES_H 1
| #define HAVE_STDINT_H 1
| #define HAVE_STRINGS_H 1
| #define HAVE_SYS_STAT_H 1
| #define HAVE_SYS_TYPES_H 1
| #define HAVE_UNISTD_H 1
| #define STDC_HEADERS 1
| #define HAVE_DLFCN_H 1
| #define LT_OBJDIR ".libs/"
| /* end confdefs.h.  */
| #include <stddef.h>
| #ifdef HAVE_STDIO_H
| # include <stdio.h>
| #endif
| #ifdef HAVE_STDLIB_H
| # include <stdlib.h>
| #endif
| #ifdef HAVE_STRING_H
| # include <string.h>
| #endif
| #ifdef HAVE_INTTYPES_H
| # include <inttypes.h>
| #endif
| #ifdef HAVE_STDINT_H
| # include <stdint.h>
| #endif
| #ifdef HAVE_STRINGS_H
| # include <strings.h>
| #endif
| #ifdef HAVE_SYS_TYPES_H
| # include <sys/types.h>
| #endif
| #ifdef HAVE_SYS_STAT_H
| # include <sys/stat.h>
| #endif
| #ifdef HAVE_UNISTD_H
| # include <unistd.h>
| #endif
| int
| main (void)
| {
| static int test_array [1 - 2 * !(((long int) (sizeof (size_t))) <= 3)];
| test_array [0] = 0;
| return test_array [0];
| 
|   ;
|   return 0;
| }
configure:17521: /android-ndk-r25b/toolchains/llvm/prebuilt/linux-x86_64/bin/aarch64-linux-android23-clang -c -fPIC -I/python3-android/src/Python-3.11.6/Android/sysroot/usr/include conftest.c >&5
conftest.c:54:24: error: 'test_array' declared as an array with a negative size
static int test_array [1 - 2 * !(((long int) (sizeof (size_t))) <= 7)];
                       ^~~~~~~~~~~~~~~~~~~~~~~~~~~~~~~~~~~~~~~~~~~~~~
1 error generated.
configure:17521: $? = 1
configure: failed program was:
| /* confdefs.h */
| #define PACKAGE_NAME "libffi"
| #define PACKAGE_TARNAME "libffi"
| #define PACKAGE_VERSION "3.4.4"
| #define PACKAGE_STRING "libffi 3.4.4"
| #define PACKAGE_BUGREPORT "http://github.com/libffi/libffi/issues"
| #define PACKAGE_URL ""
| #define PACKAGE "libffi"
| #define VERSION "3.4.4"
| #define HAVE_STDIO_H 1
| #define HAVE_STDLIB_H 1
| #define HAVE_STRING_H 1
| #define HAVE_INTTYPES_H 1
| #define HAVE_STDINT_H 1
| #define HAVE_STRINGS_H 1
| #define HAVE_SYS_STAT_H 1
| #define HAVE_SYS_TYPES_H 1
| #define HAVE_UNISTD_H 1
| #define STDC_HEADERS 1
| #define HAVE_DLFCN_H 1
| #define LT_OBJDIR ".libs/"
| /* end confdefs.h.  */
| #include <stddef.h>
| #ifdef HAVE_STDIO_H
| # include <stdio.h>
| #endif
| #ifdef HAVE_STDLIB_H
| # include <stdlib.h>
| #endif
| #ifdef HAVE_STRING_H
| # include <string.h>
| #endif
| #ifdef HAVE_INTTYPES_H
| # include <inttypes.h>
| #endif
| #ifdef HAVE_STDINT_H
| # include <stdint.h>
| #endif
| #ifdef HAVE_STRINGS_H
| # include <strings.h>
| #endif
| #ifdef HAVE_SYS_TYPES_H
| # include <sys/types.h>
| #endif
| #ifdef HAVE_SYS_STAT_H
| # include <sys/stat.h>
| #endif
| #ifdef HAVE_UNISTD_H
| # include <unistd.h>
| #endif
| int
| main (void)
| {
| static int test_array [1 - 2 * !(((long int) (sizeof (size_t))) <= 7)];
| test_array [0] = 0;
| return test_array [0];
| 
|   ;
|   return 0;
| }
configure:17521: /android-ndk-r25b/toolchains/llvm/prebuilt/linux-x86_64/bin/aarch64-linux-android23-clang -c -fPIC -I/python3-android/src/Python-3.11.6/Android/sysroot/usr/include conftest.c >&5
configure:17521: $? = 0
configure:17521: /android-ndk-r25b/toolchains/llvm/prebuilt/linux-x86_64/bin/aarch64-linux-android23-clang -c -fPIC -I/python3-android/src/Python-3.11.6/Android/sysroot/usr/include conftest.c >&5
configure:17521: $? = 0
configure:17521: /android-ndk-r25b/toolchains/llvm/prebuilt/linux-x86_64/bin/aarch64-linux-android23-clang -c -fPIC -I/python3-android/src/Python-3.11.6/Android/sysroot/usr/include conftest.c >&5
configure:17521: $? = 0
configure:17521: /android-ndk-r25b/toolchains/llvm/prebuilt/linux-x86_64/bin/aarch64-linux-android23-clang -c -fPIC -I/python3-android/src/Python-3.11.6/Android/sysroot/usr/include conftest.c >&5
configure:17521: $? = 0
configure:17536: result: 8
configure:17545: checking for C compiler vendor
configure:17604: /android-ndk-r25b/toolchains/llvm/prebuilt/linux-x86_64/bin/aarch64-linux-android23-clang -c -fPIC -I/python3-android/src/Python-3.11.6/Android/sysroot/usr/include conftest.c >&5
conftest.c:30:7: error: use of undeclared identifier 'thisisanerror'
      thisisanerror;
      ^
1 error generated.
configure:17604: $? = 1
configure: failed program was:
| /* confdefs.h */
| #define PACKAGE_NAME "libffi"
| #define PACKAGE_TARNAME "libffi"
| #define PACKAGE_VERSION "3.4.4"
| #define PACKAGE_STRING "libffi 3.4.4"
| #define PACKAGE_BUGREPORT "http://github.com/libffi/libffi/issues"
| #define PACKAGE_URL ""
| #define PACKAGE "libffi"
| #define VERSION "3.4.4"
| #define HAVE_STDIO_H 1
| #define HAVE_STDLIB_H 1
| #define HAVE_STRING_H 1
| #define HAVE_INTTYPES_H 1
| #define HAVE_STDINT_H 1
| #define HAVE_STRINGS_H 1
| #define HAVE_SYS_STAT_H 1
| #define HAVE_SYS_TYPES_H 1
| #define HAVE_UNISTD_H 1
| #define STDC_HEADERS 1
| #define HAVE_DLFCN_H 1
| #define LT_OBJDIR ".libs/"
| #define SIZEOF_SIZE_T 8
| /* end confdefs.h.  */
| 
| int
| main (void)
| {
| 
| #if !(defined(__ICC) || defined(__ECC) || defined(__INTEL_COMPILER))
|       thisisanerror;
| #endif
| 
|   ;
|   return 0;
| }
configure:17604: /android-ndk-r25b/toolchains/llvm/prebuilt/linux-x86_64/bin/aarch64-linux-android23-clang -c -fPIC -I/python3-android/src/Python-3.11.6/Android/sysroot/usr/include conftest.c >&5
conftest.c:30:7: error: use of undeclared identifier 'thisisanerror'
      thisisanerror;
      ^
1 error generated.
configure:17604: $? = 1
configure: failed program was:
| /* confdefs.h */
| #define PACKAGE_NAME "libffi"
| #define PACKAGE_TARNAME "libffi"
| #define PACKAGE_VERSION "3.4.4"
| #define PACKAGE_STRING "libffi 3.4.4"
| #define PACKAGE_BUGREPORT "http://github.com/libffi/libffi/issues"
| #define PACKAGE_URL ""
| #define PACKAGE "libffi"
| #define VERSION "3.4.4"
| #define HAVE_STDIO_H 1
| #define HAVE_STDLIB_H 1
| #define HAVE_STRING_H 1
| #define HAVE_INTTYPES_H 1
| #define HAVE_STDINT_H 1
| #define HAVE_STRINGS_H 1
| #define HAVE_SYS_STAT_H 1
| #define HAVE_SYS_TYPES_H 1
| #define HAVE_UNISTD_H 1
| #define STDC_HEADERS 1
| #define HAVE_DLFCN_H 1
| #define LT_OBJDIR ".libs/"
| #define SIZEOF_SIZE_T 8
| /* end confdefs.h.  */
| 
| int
| main (void)
| {
| 
| #if !(defined(__xlc__) || defined(__xlC__) || defined(__IBMC__) || defined(__IBMCPP__) || defined(__ibmxl__))
|       thisisanerror;
| #endif
| 
|   ;
|   return 0;
| }
configure:17604: /android-ndk-r25b/toolchains/llvm/prebuilt/linux-x86_64/bin/aarch64-linux-android23-clang -c -fPIC -I/python3-android/src/Python-3.11.6/Android/sysroot/usr/include conftest.c >&5
conftest.c:30:7: error: use of undeclared identifier 'thisisanerror'
      thisisanerror;
      ^
1 error generated.
configure:17604: $? = 1
configure: failed program was:
| /* confdefs.h */
| #define PACKAGE_NAME "libffi"
| #define PACKAGE_TARNAME "libffi"
| #define PACKAGE_VERSION "3.4.4"
| #define PACKAGE_STRING "libffi 3.4.4"
| #define PACKAGE_BUGREPORT "http://github.com/libffi/libffi/issues"
| #define PACKAGE_URL ""
| #define PACKAGE "libffi"
| #define VERSION "3.4.4"
| #define HAVE_STDIO_H 1
| #define HAVE_STDLIB_H 1
| #define HAVE_STRING_H 1
| #define HAVE_INTTYPES_H 1
| #define HAVE_STDINT_H 1
| #define HAVE_STRINGS_H 1
| #define HAVE_SYS_STAT_H 1
| #define HAVE_SYS_TYPES_H 1
| #define HAVE_UNISTD_H 1
| #define STDC_HEADERS 1
| #define HAVE_DLFCN_H 1
| #define LT_OBJDIR ".libs/"
| #define SIZEOF_SIZE_T 8
| /* end confdefs.h.  */
| 
| int
| main (void)
| {
| 
| #if !(defined(__PATHCC__) || defined(__PATHSCALE__))
|       thisisanerror;
| #endif
| 
|   ;
|   return 0;
| }
configure:17604: /android-ndk-r25b/toolchains/llvm/prebuilt/linux-x86_64/bin/aarch64-linux-android23-clang -c -fPIC -I/python3-android/src/Python-3.11.6/Android/sysroot/usr/include conftest.c >&5
configure:17604: $? = 0
configure:17614: result: clang
configure:18505: checking CFLAGS for most reasonable warnings
configure:18592: : CFLAGS="$CFLAGS"
configure:18595: $? = 0
configure:18618: result: -Wall
configure:18641: checking whether to enable maintainer-specific portions of Makefiles
configure:18651: result: no
configure:18665: checking for sys/memfd.h
configure:18665: /android-ndk-r25b/toolchains/llvm/prebuilt/linux-x86_64/bin/aarch64-linux-android23-clang -c -Wall -fPIC -fexceptions -I/python3-android/src/Python-3.11.6/Android/sysroot/usr/include conftest.c >&5
conftest.c:52:10: fatal error: 'sys/memfd.h' file not found
#include <sys/memfd.h>
         ^~~~~~~~~~~~~
1 error generated.
configure:18665: $? = 1
configure: failed program was:
| /* confdefs.h */
| #define PACKAGE_NAME "libffi"
| #define PACKAGE_TARNAME "libffi"
| #define PACKAGE_VERSION "3.4.4"
| #define PACKAGE_STRING "libffi 3.4.4"
| #define PACKAGE_BUGREPORT "http://github.com/libffi/libffi/issues"
| #define PACKAGE_URL ""
| #define PACKAGE "libffi"
| #define VERSION "3.4.4"
| #define HAVE_STDIO_H 1
| #define HAVE_STDLIB_H 1
| #define HAVE_STRING_H 1
| #define HAVE_INTTYPES_H 1
| #define HAVE_STDINT_H 1
| #define HAVE_STRINGS_H 1
| #define HAVE_SYS_STAT_H 1
| #define HAVE_SYS_TYPES_H 1
| #define HAVE_UNISTD_H 1
| #define STDC_HEADERS 1
| #define HAVE_DLFCN_H 1
| #define LT_OBJDIR ".libs/"
| #define SIZEOF_SIZE_T 8
| /* end confdefs.h.  */
| #include <stddef.h>
| #ifdef HAVE_STDIO_H
| # include <stdio.h>
| #endif
| #ifdef HAVE_STDLIB_H
| # include <stdlib.h>
| #endif
| #ifdef HAVE_STRING_H
| # include <string.h>
| #endif
| #ifdef HAVE_INTTYPES_H
| # include <inttypes.h>
| #endif
| #ifdef HAVE_STDINT_H
| # include <stdint.h>
| #endif
| #ifdef HAVE_STRINGS_H
| # include <strings.h>
| #endif
| #ifdef HAVE_SYS_TYPES_H
| # include <sys/types.h>
| #endif
| #ifdef HAVE_SYS_STAT_H
| # include <sys/stat.h>
| #endif
| #ifdef HAVE_UNISTD_H
| # include <unistd.h>
| #endif
| #include <sys/memfd.h>
configure:18665: result: no
configure:18672: checking for memfd_create
configure:18672: /android-ndk-r25b/toolchains/llvm/prebuilt/linux-x86_64/bin/aarch64-linux-android23-clang -o conftest -Wall -fPIC -fexceptions -I/python3-android/src/Python-3.11.6/Android/sysroot/usr/include -L/python3-android/src/Python-3.11.6/Android/sysroot/usr/lib -pie conftest.c  >&5
ld: error: undefined symbol: memfd_create
>>> referenced by conftest.c
>>>               /tmp/conftest-840673.o:(main)
clang-14: error: linker command failed with exit code 1 (use -v to see invocation)
configure:18672: $? = 1
configure: failed program was:
| /* confdefs.h */
| #define PACKAGE_NAME "libffi"
| #define PACKAGE_TARNAME "libffi"
| #define PACKAGE_VERSION "3.4.4"
| #define PACKAGE_STRING "libffi 3.4.4"
| #define PACKAGE_BUGREPORT "http://github.com/libffi/libffi/issues"
| #define PACKAGE_URL ""
| #define PACKAGE "libffi"
| #define VERSION "3.4.4"
| #define HAVE_STDIO_H 1
| #define HAVE_STDLIB_H 1
| #define HAVE_STRING_H 1
| #define HAVE_INTTYPES_H 1
| #define HAVE_STDINT_H 1
| #define HAVE_STRINGS_H 1
| #define HAVE_SYS_STAT_H 1
| #define HAVE_SYS_TYPES_H 1
| #define HAVE_UNISTD_H 1
| #define STDC_HEADERS 1
| #define HAVE_DLFCN_H 1
| #define LT_OBJDIR ".libs/"
| #define SIZEOF_SIZE_T 8
| /* end confdefs.h.  */
| /* Define memfd_create to an innocuous variant, in case <limits.h> declares memfd_create.
|    For example, HP-UX 11i <limits.h> declares gettimeofday.  */
| #define memfd_create innocuous_memfd_create
| 
| /* System header to define __stub macros and hopefully few prototypes,
|    which can conflict with char memfd_create (); below.  */
| 
| #include <limits.h>
| #undef memfd_create
| 
| /* Override any GCC internal prototype to avoid an error.
|    Use char because int might match the return type of a GCC
|    builtin and then its argument prototype would still apply.  */
| #ifdef __cplusplus
| extern "C"
| #endif
| char memfd_create ();
| /* The GNU C library defines this for functions which it implements
|     to always fail with ENOSYS.  Some functions are actually named
|     something starting with __ and the normal name is an alias.  */
| #if defined __stub_memfd_create || defined __stub___memfd_create
| choke me
| #endif
| 
| int
| main (void)
| {
| return memfd_create ();
|   ;
|   return 0;
| }
configure:18672: result: no
configure:18680: checking for sys/mman.h
configure:18680: /android-ndk-r25b/toolchains/llvm/prebuilt/linux-x86_64/bin/aarch64-linux-android23-clang -c -Wall -fPIC -fexceptions -I/python3-android/src/Python-3.11.6/Android/sysroot/usr/include conftest.c >&5
configure:18680: $? = 0
configure:18680: result: yes
configure:18687: checking for mmap
configure:18687: /android-ndk-r25b/toolchains/llvm/prebuilt/linux-x86_64/bin/aarch64-linux-android23-clang -o conftest -Wall -fPIC -fexceptions -I/python3-android/src/Python-3.11.6/Android/sysroot/usr/include -L/python3-android/src/Python-3.11.6/Android/sysroot/usr/lib -pie conftest.c  >&5
configure:18687: $? = 0
configure:18687: result: yes
configure:18693: checking for mkostemp
configure:18693: /android-ndk-r25b/toolchains/llvm/prebuilt/linux-x86_64/bin/aarch64-linux-android23-clang -o conftest -Wall -fPIC -fexceptions -I/python3-android/src/Python-3.11.6/Android/sysroot/usr/include -L/python3-android/src/Python-3.11.6/Android/sysroot/usr/lib -pie conftest.c  >&5
configure:18693: $? = 0
configure:18693: result: yes
configure:18699: checking for mkstemp
configure:18699: /android-ndk-r25b/toolchains/llvm/prebuilt/linux-x86_64/bin/aarch64-linux-android23-clang -o conftest -Wall -fPIC -fexceptions -I/python3-android/src/Python-3.11.6/Android/sysroot/usr/include -L/python3-android/src/Python-3.11.6/Android/sysroot/usr/lib -pie conftest.c  >&5
configure:18699: $? = 0
configure:18699: result: yes
configure:18707: checking for sys/mman.h
configure:18707: result: yes
configure:18715: checking for mmap
configure:18715: result: yes
configure:18729: checking whether read-only mmap of a plain file works
configure:18747: result: yes
configure:18749: checking whether mmap from /dev/zero works
configure:18772: result: yes
configure:18776: checking for MAP_ANON(YMOUS)
configure:18800: /android-ndk-r25b/toolchains/llvm/prebuilt/linux-x86_64/bin/aarch64-linux-android23-clang -c -Wall -fPIC -fexceptions -I/python3-android/src/Python-3.11.6/Android/sysroot/usr/include conftest.c >&5
conftest.c:39:5: warning: unused variable 'n' [-Wunused-variable]
int n = MAP_ANONYMOUS;
    ^
1 warning generated.
configure:18800: $? = 0
configure:18808: result: yes
configure:18814: checking whether mmap with MAP_ANON(YMOUS) works
configure:18832: result: yes
configure:18878: checking for egrep
configure:18946: result: /usr/bin/grep -E
configure:18952: checking for memcpy
configure:18952: /android-ndk-r25b/toolchains/llvm/prebuilt/linux-x86_64/bin/aarch64-linux-android23-clang -o conftest -Wall -fPIC -fexceptions -I/python3-android/src/Python-3.11.6/Android/sysroot/usr/include -L/python3-android/src/Python-3.11.6/Android/sysroot/usr/lib -pie conftest.c  >&5
conftest.c:47:6: warning: incompatible redeclaration of library function 'memcpy' [-Wincompatible-library-redeclaration]
char memcpy ();
     ^
conftest.c:47:6: note: 'memcpy' is a builtin with type 'void *(void *, const void *, unsigned long)'
1 warning generated.
configure:18952: $? = 0
configure:18952: result: yes
configure:18959: checking for size_t
configure:18959: /android-ndk-r25b/toolchains/llvm/prebuilt/linux-x86_64/bin/aarch64-linux-android23-clang -c -Wall -fPIC -fexceptions -I/python3-android/src/Python-3.11.6/Android/sysroot/usr/include conftest.c >&5
configure:18959: $? = 0
configure:18959: /android-ndk-r25b/toolchains/llvm/prebuilt/linux-x86_64/bin/aarch64-linux-android23-clang -c -Wall -fPIC -fexceptions -I/python3-android/src/Python-3.11.6/Android/sysroot/usr/include conftest.c >&5
conftest.c:63:21: error: expected expression
if (sizeof ((size_t)))
                    ^
1 error generated.
configure:18959: $? = 1
configure: failed program was:
| /* confdefs.h */
| #define PACKAGE_NAME "libffi"
| #define PACKAGE_TARNAME "libffi"
| #define PACKAGE_VERSION "3.4.4"
| #define PACKAGE_STRING "libffi 3.4.4"
| #define PACKAGE_BUGREPORT "http://github.com/libffi/libffi/issues"
| #define PACKAGE_URL ""
| #define PACKAGE "libffi"
| #define VERSION "3.4.4"
| #define HAVE_STDIO_H 1
| #define HAVE_STDLIB_H 1
| #define HAVE_STRING_H 1
| #define HAVE_INTTYPES_H 1
| #define HAVE_STDINT_H 1
| #define HAVE_STRINGS_H 1
| #define HAVE_SYS_STAT_H 1
| #define HAVE_SYS_TYPES_H 1
| #define HAVE_UNISTD_H 1
| #define STDC_HEADERS 1
| #define HAVE_DLFCN_H 1
| #define LT_OBJDIR ".libs/"
| #define SIZEOF_SIZE_T 8
| #define HAVE_SYS_MMAN_H 1
| #define HAVE_MMAP 1
| #define HAVE_MKOSTEMP 1
| #define HAVE_MKSTEMP 1
| #define HAVE_MMAP_FILE 1
| #define HAVE_MMAP_DEV_ZERO 1
| #define HAVE_MMAP_ANON 1
| #define HAVE_MEMCPY 1
| /* end confdefs.h.  */
| #include <stddef.h>
| #ifdef HAVE_STDIO_H
| # include <stdio.h>
| #endif
| #ifdef HAVE_STDLIB_H
| # include <stdlib.h>
| #endif
| #ifdef HAVE_STRING_H
| # include <string.h>
| #endif
| #ifdef HAVE_INTTYPES_H
| # include <inttypes.h>
| #endif
| #ifdef HAVE_STDINT_H
| # include <stdint.h>
| #endif
| #ifdef HAVE_STRINGS_H
| # include <strings.h>
| #endif
| #ifdef HAVE_SYS_TYPES_H
| # include <sys/types.h>
| #endif
| #ifdef HAVE_SYS_STAT_H
| # include <sys/stat.h>
| #endif
| #ifdef HAVE_UNISTD_H
| # include <unistd.h>
| #endif
| int
| main (void)
| {
| if (sizeof ((size_t)))
| 	    return 0;
|   ;
|   return 0;
| }
configure:18959: result: yes
configure:18971: checking for working alloca.h
configure:18989: /android-ndk-r25b/toolchains/llvm/prebuilt/linux-x86_64/bin/aarch64-linux-android23-clang -o conftest -Wall -fPIC -fexceptions -I/python3-android/src/Python-3.11.6/Android/sysroot/usr/include -L/python3-android/src/Python-3.11.6/Android/sysroot/usr/lib -pie conftest.c  >&5
configure:18989: $? = 0
configure:18998: result: yes
configure:19006: checking for alloca
configure:19051: result: yes
configure:19123: checking size of double
configure:19129: /android-ndk-r25b/toolchains/llvm/prebuilt/linux-x86_64/bin/aarch64-linux-android23-clang -c -Wall -fPIC -fexceptions -I/python3-android/src/Python-3.11.6/Android/sysroot/usr/include conftest.c >&5
configure:19129: $? = 0
configure:19129: /android-ndk-r25b/toolchains/llvm/prebuilt/linux-x86_64/bin/aarch64-linux-android23-clang -c -Wall -fPIC -fexceptions -I/python3-android/src/Python-3.11.6/Android/sysroot/usr/include conftest.c >&5
conftest.c:65:24: error: 'test_array' declared as an array with a negative size
static int test_array [1 - 2 * !(((long int) (sizeof (double))) <= 0)];
                       ^~~~~~~~~~~~~~~~~~~~~~~~~~~~~~~~~~~~~~~~~~~~~~
1 error generated.
configure:19129: $? = 1
configure: failed program was:
| /* confdefs.h */
| #define PACKAGE_NAME "libffi"
| #define PACKAGE_TARNAME "libffi"
| #define PACKAGE_VERSION "3.4.4"
| #define PACKAGE_STRING "libffi 3.4.4"
| #define PACKAGE_BUGREPORT "http://github.com/libffi/libffi/issues"
| #define PACKAGE_URL ""
| #define PACKAGE "libffi"
| #define VERSION "3.4.4"
| #define HAVE_STDIO_H 1
| #define HAVE_STDLIB_H 1
| #define HAVE_STRING_H 1
| #define HAVE_INTTYPES_H 1
| #define HAVE_STDINT_H 1
| #define HAVE_STRINGS_H 1
| #define HAVE_SYS_STAT_H 1
| #define HAVE_SYS_TYPES_H 1
| #define HAVE_UNISTD_H 1
| #define STDC_HEADERS 1
| #define HAVE_DLFCN_H 1
| #define LT_OBJDIR ".libs/"
| #define SIZEOF_SIZE_T 8
| #define HAVE_SYS_MMAN_H 1
| #define HAVE_MMAP 1
| #define HAVE_MKOSTEMP 1
| #define HAVE_MKSTEMP 1
| #define HAVE_MMAP_FILE 1
| #define HAVE_MMAP_DEV_ZERO 1
| #define HAVE_MMAP_ANON 1
| #define HAVE_MEMCPY 1
| #define HAVE_ALLOCA_H 1
| #define HAVE_ALLOCA 1
| /* end confdefs.h.  */
| #include <stddef.h>
| #ifdef HAVE_STDIO_H
| # include <stdio.h>
| #endif
| #ifdef HAVE_STDLIB_H
| # include <stdlib.h>
| #endif
| #ifdef HAVE_STRING_H
| # include <string.h>
| #endif
| #ifdef HAVE_INTTYPES_H
| # include <inttypes.h>
| #endif
| #ifdef HAVE_STDINT_H
| # include <stdint.h>
| #endif
| #ifdef HAVE_STRINGS_H
| # include <strings.h>
| #endif
| #ifdef HAVE_SYS_TYPES_H
| # include <sys/types.h>
| #endif
| #ifdef HAVE_SYS_STAT_H
| # include <sys/stat.h>
| #endif
| #ifdef HAVE_UNISTD_H
| # include <unistd.h>
| #endif
| int
| main (void)
| {
| static int test_array [1 - 2 * !(((long int) (sizeof (double))) <= 0)];
| test_array [0] = 0;
| return test_array [0];
| 
|   ;
|   return 0;
| }
configure:19129: /android-ndk-r25b/toolchains/llvm/prebuilt/linux-x86_64/bin/aarch64-linux-android23-clang -c -Wall -fPIC -fexceptions -I/python3-android/src/Python-3.11.6/Android/sysroot/usr/include conftest.c >&5
conftest.c:65:24: error: 'test_array' declared as an array with a negative size
static int test_array [1 - 2 * !(((long int) (sizeof (double))) <= 1)];
                       ^~~~~~~~~~~~~~~~~~~~~~~~~~~~~~~~~~~~~~~~~~~~~~
1 error generated.
configure:19129: $? = 1
configure: failed program was:
| /* confdefs.h */
| #define PACKAGE_NAME "libffi"
| #define PACKAGE_TARNAME "libffi"
| #define PACKAGE_VERSION "3.4.4"
| #define PACKAGE_STRING "libffi 3.4.4"
| #define PACKAGE_BUGREPORT "http://github.com/libffi/libffi/issues"
| #define PACKAGE_URL ""
| #define PACKAGE "libffi"
| #define VERSION "3.4.4"
| #define HAVE_STDIO_H 1
| #define HAVE_STDLIB_H 1
| #define HAVE_STRING_H 1
| #define HAVE_INTTYPES_H 1
| #define HAVE_STDINT_H 1
| #define HAVE_STRINGS_H 1
| #define HAVE_SYS_STAT_H 1
| #define HAVE_SYS_TYPES_H 1
| #define HAVE_UNISTD_H 1
| #define STDC_HEADERS 1
| #define HAVE_DLFCN_H 1
| #define LT_OBJDIR ".libs/"
| #define SIZEOF_SIZE_T 8
| #define HAVE_SYS_MMAN_H 1
| #define HAVE_MMAP 1
| #define HAVE_MKOSTEMP 1
| #define HAVE_MKSTEMP 1
| #define HAVE_MMAP_FILE 1
| #define HAVE_MMAP_DEV_ZERO 1
| #define HAVE_MMAP_ANON 1
| #define HAVE_MEMCPY 1
| #define HAVE_ALLOCA_H 1
| #define HAVE_ALLOCA 1
| /* end confdefs.h.  */
| #include <stddef.h>
| #ifdef HAVE_STDIO_H
| # include <stdio.h>
| #endif
| #ifdef HAVE_STDLIB_H
| # include <stdlib.h>
| #endif
| #ifdef HAVE_STRING_H
| # include <string.h>
| #endif
| #ifdef HAVE_INTTYPES_H
| # include <inttypes.h>
| #endif
| #ifdef HAVE_STDINT_H
| # include <stdint.h>
| #endif
| #ifdef HAVE_STRINGS_H
| # include <strings.h>
| #endif
| #ifdef HAVE_SYS_TYPES_H
| # include <sys/types.h>
| #endif
| #ifdef HAVE_SYS_STAT_H
| # include <sys/stat.h>
| #endif
| #ifdef HAVE_UNISTD_H
| # include <unistd.h>
| #endif
| int
| main (void)
| {
| static int test_array [1 - 2 * !(((long int) (sizeof (double))) <= 1)];
| test_array [0] = 0;
| return test_array [0];
| 
|   ;
|   return 0;
| }
configure:19129: /android-ndk-r25b/toolchains/llvm/prebuilt/linux-x86_64/bin/aarch64-linux-android23-clang -c -Wall -fPIC -fexceptions -I/python3-android/src/Python-3.11.6/Android/sysroot/usr/include conftest.c >&5
conftest.c:65:24: error: 'test_array' declared as an array with a negative size
static int test_array [1 - 2 * !(((long int) (sizeof (double))) <= 3)];
                       ^~~~~~~~~~~~~~~~~~~~~~~~~~~~~~~~~~~~~~~~~~~~~~
1 error generated.
configure:19129: $? = 1
configure: failed program was:
| /* confdefs.h */
| #define PACKAGE_NAME "libffi"
| #define PACKAGE_TARNAME "libffi"
| #define PACKAGE_VERSION "3.4.4"
| #define PACKAGE_STRING "libffi 3.4.4"
| #define PACKAGE_BUGREPORT "http://github.com/libffi/libffi/issues"
| #define PACKAGE_URL ""
| #define PACKAGE "libffi"
| #define VERSION "3.4.4"
| #define HAVE_STDIO_H 1
| #define HAVE_STDLIB_H 1
| #define HAVE_STRING_H 1
| #define HAVE_INTTYPES_H 1
| #define HAVE_STDINT_H 1
| #define HAVE_STRINGS_H 1
| #define HAVE_SYS_STAT_H 1
| #define HAVE_SYS_TYPES_H 1
| #define HAVE_UNISTD_H 1
| #define STDC_HEADERS 1
| #define HAVE_DLFCN_H 1
| #define LT_OBJDIR ".libs/"
| #define SIZEOF_SIZE_T 8
| #define HAVE_SYS_MMAN_H 1
| #define HAVE_MMAP 1
| #define HAVE_MKOSTEMP 1
| #define HAVE_MKSTEMP 1
| #define HAVE_MMAP_FILE 1
| #define HAVE_MMAP_DEV_ZERO 1
| #define HAVE_MMAP_ANON 1
| #define HAVE_MEMCPY 1
| #define HAVE_ALLOCA_H 1
| #define HAVE_ALLOCA 1
| /* end confdefs.h.  */
| #include <stddef.h>
| #ifdef HAVE_STDIO_H
| # include <stdio.h>
| #endif
| #ifdef HAVE_STDLIB_H
| # include <stdlib.h>
| #endif
| #ifdef HAVE_STRING_H
| # include <string.h>
| #endif
| #ifdef HAVE_INTTYPES_H
| # include <inttypes.h>
| #endif
| #ifdef HAVE_STDINT_H
| # include <stdint.h>
| #endif
| #ifdef HAVE_STRINGS_H
| # include <strings.h>
| #endif
| #ifdef HAVE_SYS_TYPES_H
| # include <sys/types.h>
| #endif
| #ifdef HAVE_SYS_STAT_H
| # include <sys/stat.h>
| #endif
| #ifdef HAVE_UNISTD_H
| # include <unistd.h>
| #endif
| int
| main (void)
| {
| static int test_array [1 - 2 * !(((long int) (sizeof (double))) <= 3)];
| test_array [0] = 0;
| return test_array [0];
| 
|   ;
|   return 0;
| }
configure:19129: /android-ndk-r25b/toolchains/llvm/prebuilt/linux-x86_64/bin/aarch64-linux-android23-clang -c -Wall -fPIC -fexceptions -I/python3-android/src/Python-3.11.6/Android/sysroot/usr/include conftest.c >&5
conftest.c:65:24: error: 'test_array' declared as an array with a negative size
static int test_array [1 - 2 * !(((long int) (sizeof (double))) <= 7)];
                       ^~~~~~~~~~~~~~~~~~~~~~~~~~~~~~~~~~~~~~~~~~~~~~
1 error generated.
configure:19129: $? = 1
configure: failed program was:
| /* confdefs.h */
| #define PACKAGE_NAME "libffi"
| #define PACKAGE_TARNAME "libffi"
| #define PACKAGE_VERSION "3.4.4"
| #define PACKAGE_STRING "libffi 3.4.4"
| #define PACKAGE_BUGREPORT "http://github.com/libffi/libffi/issues"
| #define PACKAGE_URL ""
| #define PACKAGE "libffi"
| #define VERSION "3.4.4"
| #define HAVE_STDIO_H 1
| #define HAVE_STDLIB_H 1
| #define HAVE_STRING_H 1
| #define HAVE_INTTYPES_H 1
| #define HAVE_STDINT_H 1
| #define HAVE_STRINGS_H 1
| #define HAVE_SYS_STAT_H 1
| #define HAVE_SYS_TYPES_H 1
| #define HAVE_UNISTD_H 1
| #define STDC_HEADERS 1
| #define HAVE_DLFCN_H 1
| #define LT_OBJDIR ".libs/"
| #define SIZEOF_SIZE_T 8
| #define HAVE_SYS_MMAN_H 1
| #define HAVE_MMAP 1
| #define HAVE_MKOSTEMP 1
| #define HAVE_MKSTEMP 1
| #define HAVE_MMAP_FILE 1
| #define HAVE_MMAP_DEV_ZERO 1
| #define HAVE_MMAP_ANON 1
| #define HAVE_MEMCPY 1
| #define HAVE_ALLOCA_H 1
| #define HAVE_ALLOCA 1
| /* end confdefs.h.  */
| #include <stddef.h>
| #ifdef HAVE_STDIO_H
| # include <stdio.h>
| #endif
| #ifdef HAVE_STDLIB_H
| # include <stdlib.h>
| #endif
| #ifdef HAVE_STRING_H
| # include <string.h>
| #endif
| #ifdef HAVE_INTTYPES_H
| # include <inttypes.h>
| #endif
| #ifdef HAVE_STDINT_H
| # include <stdint.h>
| #endif
| #ifdef HAVE_STRINGS_H
| # include <strings.h>
| #endif
| #ifdef HAVE_SYS_TYPES_H
| # include <sys/types.h>
| #endif
| #ifdef HAVE_SYS_STAT_H
| # include <sys/stat.h>
| #endif
| #ifdef HAVE_UNISTD_H
| # include <unistd.h>
| #endif
| int
| main (void)
| {
| static int test_array [1 - 2 * !(((long int) (sizeof (double))) <= 7)];
| test_array [0] = 0;
| return test_array [0];
| 
|   ;
|   return 0;
| }
configure:19129: /android-ndk-r25b/toolchains/llvm/prebuilt/linux-x86_64/bin/aarch64-linux-android23-clang -c -Wall -fPIC -fexceptions -I/python3-android/src/Python-3.11.6/Android/sysroot/usr/include conftest.c >&5
configure:19129: $? = 0
configure:19129: /android-ndk-r25b/toolchains/llvm/prebuilt/linux-x86_64/bin/aarch64-linux-android23-clang -c -Wall -fPIC -fexceptions -I/python3-android/src/Python-3.11.6/Android/sysroot/usr/include conftest.c >&5
configure:19129: $? = 0
configure:19129: /android-ndk-r25b/toolchains/llvm/prebuilt/linux-x86_64/bin/aarch64-linux-android23-clang -c -Wall -fPIC -fexceptions -I/python3-android/src/Python-3.11.6/Android/sysroot/usr/include conftest.c >&5
configure:19129: $? = 0
configure:19129: /android-ndk-r25b/toolchains/llvm/prebuilt/linux-x86_64/bin/aarch64-linux-android23-clang -c -Wall -fPIC -fexceptions -I/python3-android/src/Python-3.11.6/Android/sysroot/usr/include conftest.c >&5
configure:19129: $? = 0
configure:19144: result: 8
configure:19156: checking size of long double
configure:19162: /android-ndk-r25b/toolchains/llvm/prebuilt/linux-x86_64/bin/aarch64-linux-android23-clang -c -Wall -fPIC -fexceptions -I/python3-android/src/Python-3.11.6/Android/sysroot/usr/include conftest.c >&5
configure:19162: $? = 0
configure:19162: /android-ndk-r25b/toolchains/llvm/prebuilt/linux-x86_64/bin/aarch64-linux-android23-clang -c -Wall -fPIC -fexceptions -I/python3-android/src/Python-3.11.6/Android/sysroot/usr/include conftest.c >&5
conftest.c:66:24: error: 'test_array' declared as an array with a negative size
static int test_array [1 - 2 * !(((long int) (sizeof (long double))) <= 0)];
                       ^~~~~~~~~~~~~~~~~~~~~~~~~~~~~~~~~~~~~~~~~~~~~~~~~~~
1 error generated.
configure:19162: $? = 1
configure: failed program was:
| /* confdefs.h */
| #define PACKAGE_NAME "libffi"
| #define PACKAGE_TARNAME "libffi"
| #define PACKAGE_VERSION "3.4.4"
| #define PACKAGE_STRING "libffi 3.4.4"
| #define PACKAGE_BUGREPORT "http://github.com/libffi/libffi/issues"
| #define PACKAGE_URL ""
| #define PACKAGE "libffi"
| #define VERSION "3.4.4"
| #define HAVE_STDIO_H 1
| #define HAVE_STDLIB_H 1
| #define HAVE_STRING_H 1
| #define HAVE_INTTYPES_H 1
| #define HAVE_STDINT_H 1
| #define HAVE_STRINGS_H 1
| #define HAVE_SYS_STAT_H 1
| #define HAVE_SYS_TYPES_H 1
| #define HAVE_UNISTD_H 1
| #define STDC_HEADERS 1
| #define HAVE_DLFCN_H 1
| #define LT_OBJDIR ".libs/"
| #define SIZEOF_SIZE_T 8
| #define HAVE_SYS_MMAN_H 1
| #define HAVE_MMAP 1
| #define HAVE_MKOSTEMP 1
| #define HAVE_MKSTEMP 1
| #define HAVE_MMAP_FILE 1
| #define HAVE_MMAP_DEV_ZERO 1
| #define HAVE_MMAP_ANON 1
| #define HAVE_MEMCPY 1
| #define HAVE_ALLOCA_H 1
| #define HAVE_ALLOCA 1
| #define SIZEOF_DOUBLE 8
| /* end confdefs.h.  */
| #include <stddef.h>
| #ifdef HAVE_STDIO_H
| # include <stdio.h>
| #endif
| #ifdef HAVE_STDLIB_H
| # include <stdlib.h>
| #endif
| #ifdef HAVE_STRING_H
| # include <string.h>
| #endif
| #ifdef HAVE_INTTYPES_H
| # include <inttypes.h>
| #endif
| #ifdef HAVE_STDINT_H
| # include <stdint.h>
| #endif
| #ifdef HAVE_STRINGS_H
| # include <strings.h>
| #endif
| #ifdef HAVE_SYS_TYPES_H
| # include <sys/types.h>
| #endif
| #ifdef HAVE_SYS_STAT_H
| # include <sys/stat.h>
| #endif
| #ifdef HAVE_UNISTD_H
| # include <unistd.h>
| #endif
| int
| main (void)
| {
| static int test_array [1 - 2 * !(((long int) (sizeof (long double))) <= 0)];
| test_array [0] = 0;
| return test_array [0];
| 
|   ;
|   return 0;
| }
configure:19162: /android-ndk-r25b/toolchains/llvm/prebuilt/linux-x86_64/bin/aarch64-linux-android23-clang -c -Wall -fPIC -fexceptions -I/python3-android/src/Python-3.11.6/Android/sysroot/usr/include conftest.c >&5
conftest.c:66:24: error: 'test_array' declared as an array with a negative size
static int test_array [1 - 2 * !(((long int) (sizeof (long double))) <= 1)];
                       ^~~~~~~~~~~~~~~~~~~~~~~~~~~~~~~~~~~~~~~~~~~~~~~~~~~
1 error generated.
configure:19162: $? = 1
configure: failed program was:
| /* confdefs.h */
| #define PACKAGE_NAME "libffi"
| #define PACKAGE_TARNAME "libffi"
| #define PACKAGE_VERSION "3.4.4"
| #define PACKAGE_STRING "libffi 3.4.4"
| #define PACKAGE_BUGREPORT "http://github.com/libffi/libffi/issues"
| #define PACKAGE_URL ""
| #define PACKAGE "libffi"
| #define VERSION "3.4.4"
| #define HAVE_STDIO_H 1
| #define HAVE_STDLIB_H 1
| #define HAVE_STRING_H 1
| #define HAVE_INTTYPES_H 1
| #define HAVE_STDINT_H 1
| #define HAVE_STRINGS_H 1
| #define HAVE_SYS_STAT_H 1
| #define HAVE_SYS_TYPES_H 1
| #define HAVE_UNISTD_H 1
| #define STDC_HEADERS 1
| #define HAVE_DLFCN_H 1
| #define LT_OBJDIR ".libs/"
| #define SIZEOF_SIZE_T 8
| #define HAVE_SYS_MMAN_H 1
| #define HAVE_MMAP 1
| #define HAVE_MKOSTEMP 1
| #define HAVE_MKSTEMP 1
| #define HAVE_MMAP_FILE 1
| #define HAVE_MMAP_DEV_ZERO 1
| #define HAVE_MMAP_ANON 1
| #define HAVE_MEMCPY 1
| #define HAVE_ALLOCA_H 1
| #define HAVE_ALLOCA 1
| #define SIZEOF_DOUBLE 8
| /* end confdefs.h.  */
| #include <stddef.h>
| #ifdef HAVE_STDIO_H
| # include <stdio.h>
| #endif
| #ifdef HAVE_STDLIB_H
| # include <stdlib.h>
| #endif
| #ifdef HAVE_STRING_H
| # include <string.h>
| #endif
| #ifdef HAVE_INTTYPES_H
| # include <inttypes.h>
| #endif
| #ifdef HAVE_STDINT_H
| # include <stdint.h>
| #endif
| #ifdef HAVE_STRINGS_H
| # include <strings.h>
| #endif
| #ifdef HAVE_SYS_TYPES_H
| # include <sys/types.h>
| #endif
| #ifdef HAVE_SYS_STAT_H
| # include <sys/stat.h>
| #endif
| #ifdef HAVE_UNISTD_H
| # include <unistd.h>
| #endif
| int
| main (void)
| {
| static int test_array [1 - 2 * !(((long int) (sizeof (long double))) <= 1)];
| test_array [0] = 0;
| return test_array [0];
| 
|   ;
|   return 0;
| }
configure:19162: /android-ndk-r25b/toolchains/llvm/prebuilt/linux-x86_64/bin/aarch64-linux-android23-clang -c -Wall -fPIC -fexceptions -I/python3-android/src/Python-3.11.6/Android/sysroot/usr/include conftest.c >&5
conftest.c:66:24: error: 'test_array' declared as an array with a negative size
static int test_array [1 - 2 * !(((long int) (sizeof (long double))) <= 3)];
                       ^~~~~~~~~~~~~~~~~~~~~~~~~~~~~~~~~~~~~~~~~~~~~~~~~~~
1 error generated.
configure:19162: $? = 1
configure: failed program was:
| /* confdefs.h */
| #define PACKAGE_NAME "libffi"
| #define PACKAGE_TARNAME "libffi"
| #define PACKAGE_VERSION "3.4.4"
| #define PACKAGE_STRING "libffi 3.4.4"
| #define PACKAGE_BUGREPORT "http://github.com/libffi/libffi/issues"
| #define PACKAGE_URL ""
| #define PACKAGE "libffi"
| #define VERSION "3.4.4"
| #define HAVE_STDIO_H 1
| #define HAVE_STDLIB_H 1
| #define HAVE_STRING_H 1
| #define HAVE_INTTYPES_H 1
| #define HAVE_STDINT_H 1
| #define HAVE_STRINGS_H 1
| #define HAVE_SYS_STAT_H 1
| #define HAVE_SYS_TYPES_H 1
| #define HAVE_UNISTD_H 1
| #define STDC_HEADERS 1
| #define HAVE_DLFCN_H 1
| #define LT_OBJDIR ".libs/"
| #define SIZEOF_SIZE_T 8
| #define HAVE_SYS_MMAN_H 1
| #define HAVE_MMAP 1
| #define HAVE_MKOSTEMP 1
| #define HAVE_MKSTEMP 1
| #define HAVE_MMAP_FILE 1
| #define HAVE_MMAP_DEV_ZERO 1
| #define HAVE_MMAP_ANON 1
| #define HAVE_MEMCPY 1
| #define HAVE_ALLOCA_H 1
| #define HAVE_ALLOCA 1
| #define SIZEOF_DOUBLE 8
| /* end confdefs.h.  */
| #include <stddef.h>
| #ifdef HAVE_STDIO_H
| # include <stdio.h>
| #endif
| #ifdef HAVE_STDLIB_H
| # include <stdlib.h>
| #endif
| #ifdef HAVE_STRING_H
| # include <string.h>
| #endif
| #ifdef HAVE_INTTYPES_H
| # include <inttypes.h>
| #endif
| #ifdef HAVE_STDINT_H
| # include <stdint.h>
| #endif
| #ifdef HAVE_STRINGS_H
| # include <strings.h>
| #endif
| #ifdef HAVE_SYS_TYPES_H
| # include <sys/types.h>
| #endif
| #ifdef HAVE_SYS_STAT_H
| # include <sys/stat.h>
| #endif
| #ifdef HAVE_UNISTD_H
| # include <unistd.h>
| #endif
| int
| main (void)
| {
| static int test_array [1 - 2 * !(((long int) (sizeof (long double))) <= 3)];
| test_array [0] = 0;
| return test_array [0];
| 
|   ;
|   return 0;
| }
configure:19162: /android-ndk-r25b/toolchains/llvm/prebuilt/linux-x86_64/bin/aarch64-linux-android23-clang -c -Wall -fPIC -fexceptions -I/python3-android/src/Python-3.11.6/Android/sysroot/usr/include conftest.c >&5
conftest.c:66:24: error: 'test_array' declared as an array with a negative size
static int test_array [1 - 2 * !(((long int) (sizeof (long double))) <= 7)];
                       ^~~~~~~~~~~~~~~~~~~~~~~~~~~~~~~~~~~~~~~~~~~~~~~~~~~
1 error generated.
configure:19162: $? = 1
configure: failed program was:
| /* confdefs.h */
| #define PACKAGE_NAME "libffi"
| #define PACKAGE_TARNAME "libffi"
| #define PACKAGE_VERSION "3.4.4"
| #define PACKAGE_STRING "libffi 3.4.4"
| #define PACKAGE_BUGREPORT "http://github.com/libffi/libffi/issues"
| #define PACKAGE_URL ""
| #define PACKAGE "libffi"
| #define VERSION "3.4.4"
| #define HAVE_STDIO_H 1
| #define HAVE_STDLIB_H 1
| #define HAVE_STRING_H 1
| #define HAVE_INTTYPES_H 1
| #define HAVE_STDINT_H 1
| #define HAVE_STRINGS_H 1
| #define HAVE_SYS_STAT_H 1
| #define HAVE_SYS_TYPES_H 1
| #define HAVE_UNISTD_H 1
| #define STDC_HEADERS 1
| #define HAVE_DLFCN_H 1
| #define LT_OBJDIR ".libs/"
| #define SIZEOF_SIZE_T 8
| #define HAVE_SYS_MMAN_H 1
| #define HAVE_MMAP 1
| #define HAVE_MKOSTEMP 1
| #define HAVE_MKSTEMP 1
| #define HAVE_MMAP_FILE 1
| #define HAVE_MMAP_DEV_ZERO 1
| #define HAVE_MMAP_ANON 1
| #define HAVE_MEMCPY 1
| #define HAVE_ALLOCA_H 1
| #define HAVE_ALLOCA 1
| #define SIZEOF_DOUBLE 8
| /* end confdefs.h.  */
| #include <stddef.h>
| #ifdef HAVE_STDIO_H
| # include <stdio.h>
| #endif
| #ifdef HAVE_STDLIB_H
| # include <stdlib.h>
| #endif
| #ifdef HAVE_STRING_H
| # include <string.h>
| #endif
| #ifdef HAVE_INTTYPES_H
| # include <inttypes.h>
| #endif
| #ifdef HAVE_STDINT_H
| # include <stdint.h>
| #endif
| #ifdef HAVE_STRINGS_H
| # include <strings.h>
| #endif
| #ifdef HAVE_SYS_TYPES_H
| # include <sys/types.h>
| #endif
| #ifdef HAVE_SYS_STAT_H
| # include <sys/stat.h>
| #endif
| #ifdef HAVE_UNISTD_H
| # include <unistd.h>
| #endif
| int
| main (void)
| {
| static int test_array [1 - 2 * !(((long int) (sizeof (long double))) <= 7)];
| test_array [0] = 0;
| return test_array [0];
| 
|   ;
|   return 0;
| }
configure:19162: /android-ndk-r25b/toolchains/llvm/prebuilt/linux-x86_64/bin/aarch64-linux-android23-clang -c -Wall -fPIC -fexceptions -I/python3-android/src/Python-3.11.6/Android/sysroot/usr/include conftest.c >&5
conftest.c:66:24: error: 'test_array' declared as an array with a negative size
static int test_array [1 - 2 * !(((long int) (sizeof (long double))) <= 15)];
                       ^~~~~~~~~~~~~~~~~~~~~~~~~~~~~~~~~~~~~~~~~~~~~~~~~~~~
1 error generated.
configure:19162: $? = 1
configure: failed program was:
| /* confdefs.h */
| #define PACKAGE_NAME "libffi"
| #define PACKAGE_TARNAME "libffi"
| #define PACKAGE_VERSION "3.4.4"
| #define PACKAGE_STRING "libffi 3.4.4"
| #define PACKAGE_BUGREPORT "http://github.com/libffi/libffi/issues"
| #define PACKAGE_URL ""
| #define PACKAGE "libffi"
| #define VERSION "3.4.4"
| #define HAVE_STDIO_H 1
| #define HAVE_STDLIB_H 1
| #define HAVE_STRING_H 1
| #define HAVE_INTTYPES_H 1
| #define HAVE_STDINT_H 1
| #define HAVE_STRINGS_H 1
| #define HAVE_SYS_STAT_H 1
| #define HAVE_SYS_TYPES_H 1
| #define HAVE_UNISTD_H 1
| #define STDC_HEADERS 1
| #define HAVE_DLFCN_H 1
| #define LT_OBJDIR ".libs/"
| #define SIZEOF_SIZE_T 8
| #define HAVE_SYS_MMAN_H 1
| #define HAVE_MMAP 1
| #define HAVE_MKOSTEMP 1
| #define HAVE_MKSTEMP 1
| #define HAVE_MMAP_FILE 1
| #define HAVE_MMAP_DEV_ZERO 1
| #define HAVE_MMAP_ANON 1
| #define HAVE_MEMCPY 1
| #define HAVE_ALLOCA_H 1
| #define HAVE_ALLOCA 1
| #define SIZEOF_DOUBLE 8
| /* end confdefs.h.  */
| #include <stddef.h>
| #ifdef HAVE_STDIO_H
| # include <stdio.h>
| #endif
| #ifdef HAVE_STDLIB_H
| # include <stdlib.h>
| #endif
| #ifdef HAVE_STRING_H
| # include <string.h>
| #endif
| #ifdef HAVE_INTTYPES_H
| # include <inttypes.h>
| #endif
| #ifdef HAVE_STDINT_H
| # include <stdint.h>
| #endif
| #ifdef HAVE_STRINGS_H
| # include <strings.h>
| #endif
| #ifdef HAVE_SYS_TYPES_H
| # include <sys/types.h>
| #endif
| #ifdef HAVE_SYS_STAT_H
| # include <sys/stat.h>
| #endif
| #ifdef HAVE_UNISTD_H
| # include <unistd.h>
| #endif
| int
| main (void)
| {
| static int test_array [1 - 2 * !(((long int) (sizeof (long double))) <= 15)];
| test_array [0] = 0;
| return test_array [0];
| 
|   ;
|   return 0;
| }
configure:19162: /android-ndk-r25b/toolchains/llvm/prebuilt/linux-x86_64/bin/aarch64-linux-android23-clang -c -Wall -fPIC -fexceptions -I/python3-android/src/Python-3.11.6/Android/sysroot/usr/include conftest.c >&5
configure:19162: $? = 0
configure:19162: /android-ndk-r25b/toolchains/llvm/prebuilt/linux-x86_64/bin/aarch64-linux-android23-clang -c -Wall -fPIC -fexceptions -I/python3-android/src/Python-3.11.6/Android/sysroot/usr/include conftest.c >&5
configure:19162: $? = 0
configure:19162: /android-ndk-r25b/toolchains/llvm/prebuilt/linux-x86_64/bin/aarch64-linux-android23-clang -c -Wall -fPIC -fexceptions -I/python3-android/src/Python-3.11.6/Android/sysroot/usr/include conftest.c >&5
configure:19162: $? = 0
configure:19162: /android-ndk-r25b/toolchains/llvm/prebuilt/linux-x86_64/bin/aarch64-linux-android23-clang -c -Wall -fPIC -fexceptions -I/python3-android/src/Python-3.11.6/Android/sysroot/usr/include conftest.c >&5
configure:19162: $? = 0
configure:19162: /android-ndk-r25b/toolchains/llvm/prebuilt/linux-x86_64/bin/aarch64-linux-android23-clang -c -Wall -fPIC -fexceptions -I/python3-android/src/Python-3.11.6/Android/sysroot/usr/include conftest.c >&5
configure:19162: $? = 0
configure:19177: result: 16
configure:19208: checking whether byte ordering is bigendian
configure:19224: /android-ndk-r25b/toolchains/llvm/prebuilt/linux-x86_64/bin/aarch64-linux-android23-clang -c -Wall -fPIC -fexceptions -I/python3-android/src/Python-3.11.6/Android/sysroot/usr/include conftest.c >&5
conftest.c:38:9: error: unknown type name 'not'
               not a universal capable compiler
               ^
conftest.c:38:14: error: expected ';' after top level declarator
               not a universal capable compiler
                    ^
                    ;
2 errors generated.
configure:19224: $? = 1
configure: failed program was:
| /* confdefs.h */
| #define PACKAGE_NAME "libffi"
| #define PACKAGE_TARNAME "libffi"
| #define PACKAGE_VERSION "3.4.4"
| #define PACKAGE_STRING "libffi 3.4.4"
| #define PACKAGE_BUGREPORT "http://github.com/libffi/libffi/issues"
| #define PACKAGE_URL ""
| #define PACKAGE "libffi"
| #define VERSION "3.4.4"
| #define HAVE_STDIO_H 1
| #define HAVE_STDLIB_H 1
| #define HAVE_STRING_H 1
| #define HAVE_INTTYPES_H 1
| #define HAVE_STDINT_H 1
| #define HAVE_STRINGS_H 1
| #define HAVE_SYS_STAT_H 1
| #define HAVE_SYS_TYPES_H 1
| #define HAVE_UNISTD_H 1
| #define STDC_HEADERS 1
| #define HAVE_DLFCN_H 1
| #define LT_OBJDIR ".libs/"
| #define SIZEOF_SIZE_T 8
| #define HAVE_SYS_MMAN_H 1
| #define HAVE_MMAP 1
| #define HAVE_MKOSTEMP 1
| #define HAVE_MKSTEMP 1
| #define HAVE_MMAP_FILE 1
| #define HAVE_MMAP_DEV_ZERO 1
| #define HAVE_MMAP_ANON 1
| #define HAVE_MEMCPY 1
| #define HAVE_ALLOCA_H 1
| #define HAVE_ALLOCA 1
| #define SIZEOF_DOUBLE 8
| #define SIZEOF_LONG_DOUBLE 16
| #define HAVE_LONG_DOUBLE 1
| /* end confdefs.h.  */
| #ifndef __APPLE_CC__
| 	       not a universal capable compiler
| 	     #endif
| 	     typedef int dummy;
| 
configure:19270: /android-ndk-r25b/toolchains/llvm/prebuilt/linux-x86_64/bin/aarch64-linux-android23-clang -c -Wall -fPIC -fexceptions -I/python3-android/src/Python-3.11.6/Android/sysroot/usr/include conftest.c >&5
configure:19270: $? = 0
configure:19289: /android-ndk-r25b/toolchains/llvm/prebuilt/linux-x86_64/bin/aarch64-linux-android23-clang -c -Wall -fPIC -fexceptions -I/python3-android/src/Python-3.11.6/Android/sysroot/usr/include conftest.c >&5
conftest.c:44:4: error: use of undeclared identifier 'not'
                 not big endian
                 ^
1 error generated.
configure:19289: $? = 1
configure: failed program was:
| /* confdefs.h */
| #define PACKAGE_NAME "libffi"
| #define PACKAGE_TARNAME "libffi"
| #define PACKAGE_VERSION "3.4.4"
| #define PACKAGE_STRING "libffi 3.4.4"
| #define PACKAGE_BUGREPORT "http://github.com/libffi/libffi/issues"
| #define PACKAGE_URL ""
| #define PACKAGE "libffi"
| #define VERSION "3.4.4"
| #define HAVE_STDIO_H 1
| #define HAVE_STDLIB_H 1
| #define HAVE_STRING_H 1
| #define HAVE_INTTYPES_H 1
| #define HAVE_STDINT_H 1
| #define HAVE_STRINGS_H 1
| #define HAVE_SYS_STAT_H 1
| #define HAVE_SYS_TYPES_H 1
| #define HAVE_UNISTD_H 1
| #define STDC_HEADERS 1
| #define HAVE_DLFCN_H 1
| #define LT_OBJDIR ".libs/"
| #define SIZEOF_SIZE_T 8
| #define HAVE_SYS_MMAN_H 1
| #define HAVE_MMAP 1
| #define HAVE_MKOSTEMP 1
| #define HAVE_MKSTEMP 1
| #define HAVE_MMAP_FILE 1
| #define HAVE_MMAP_DEV_ZERO 1
| #define HAVE_MMAP_ANON 1
| #define HAVE_MEMCPY 1
| #define HAVE_ALLOCA_H 1
| #define HAVE_ALLOCA 1
| #define SIZEOF_DOUBLE 8
| #define SIZEOF_LONG_DOUBLE 16
| #define HAVE_LONG_DOUBLE 1
| /* end confdefs.h.  */
| #include <sys/types.h>
| 		#include <sys/param.h>
| 
| int
| main (void)
| {
| #if BYTE_ORDER != BIG_ENDIAN
| 		 not big endian
| 		#endif
| 
|   ;
|   return 0;
| }
configure:19423: result: no
configure:19442: checking assembler .cfi pseudo-op support
configure:19461: /android-ndk-r25b/toolchains/llvm/prebuilt/linux-x86_64/bin/aarch64-linux-android23-clang -c -Wall -fPIC -fexceptions -I/python3-android/src/Python-3.11.6/Android/sysroot/usr/include conftest.c >&5
configure:19461: $? = 0
configure:19470: result: yes
configure:19611: checking whether compiler supports pointer authentication
configure:19640: /android-ndk-r25b/toolchains/llvm/prebuilt/linux-x86_64/bin/aarch64-linux-android23-clang -c -Wall -fPIC -fexceptions -I/python3-android/src/Python-3.11.6/Android/sysroot/usr/include conftest.c >&5
conftest.c:50:3: error: Pointer authentication not supported
# error Pointer authentication not supported
  ^
1 error generated.
configure:19640: $? = 1
configure: failed program was:
| /* confdefs.h */
| #define PACKAGE_NAME "libffi"
| #define PACKAGE_TARNAME "libffi"
| #define PACKAGE_VERSION "3.4.4"
| #define PACKAGE_STRING "libffi 3.4.4"
| #define PACKAGE_BUGREPORT "http://github.com/libffi/libffi/issues"
| #define PACKAGE_URL ""
| #define PACKAGE "libffi"
| #define VERSION "3.4.4"
| #define HAVE_STDIO_H 1
| #define HAVE_STDLIB_H 1
| #define HAVE_STRING_H 1
| #define HAVE_INTTYPES_H 1
| #define HAVE_STDINT_H 1
| #define HAVE_STRINGS_H 1
| #define HAVE_SYS_STAT_H 1
| #define HAVE_SYS_TYPES_H 1
| #define HAVE_UNISTD_H 1
| #define STDC_HEADERS 1
| #define HAVE_DLFCN_H 1
| #define LT_OBJDIR ".libs/"
| #define SIZEOF_SIZE_T 8
| #define HAVE_SYS_MMAN_H 1
| #define HAVE_MMAP 1
| #define HAVE_MKOSTEMP 1
| #define HAVE_MKSTEMP 1
| #define HAVE_MMAP_FILE 1
| #define HAVE_MMAP_DEV_ZERO 1
| #define HAVE_MMAP_ANON 1
| #define HAVE_MEMCPY 1
| #define HAVE_ALLOCA_H 1
| #define HAVE_ALLOCA 1
| #define SIZEOF_DOUBLE 8
| #define SIZEOF_LONG_DOUBLE 16
| #define HAVE_LONG_DOUBLE 1
| #define HAVE_AS_CFI_PSEUDO_OP 1
| /* end confdefs.h.  */
| 
| int
| main (void)
| {
| 
| #ifdef __clang__
| # if __has_feature(ptrauth_calls)
| #  define HAVE_PTRAUTH 1
| # endif
| #endif
| 
| #ifndef HAVE_PTRAUTH
| # error Pointer authentication not supported
| #endif
| 
|   ;
|   return 0;
| }
configure:19649: result: no
configure:19675: checking for _ prefix in compiled symbols
configure:19686: /android-ndk-r25b/toolchains/llvm/prebuilt/linux-x86_64/bin/aarch64-linux-android23-clang -c -Wall -fPIC -fexceptions -I/python3-android/src/Python-3.11.6/Android/sysroot/usr/include conftest.c >&5
conftest.c:2:12: warning: expression result unused [-Wunused-value]
int main(){nm_test_func;return 0;}
           ^~~~~~~~~~~~
1 warning generated.
configure:19689: $? = 0
configure:19693: /android-ndk-r25b/toolchains/llvm/prebuilt/linux-x86_64/bin/llvm-nm conftest.o \| /usr/bin/sed -n -e 's/^.*[	 ]\([ABCDGIRSTW][ABCDGIRSTW]*\)[	 ][	 ]*\([_A-Za-z][_A-Za-z0-9]*\)$/\1 \2 \2/p' | /usr/bin/sed '/ __gnu_lto/d' \> conftest.nm
configure:19696: $? = 0
configure:19718: result: no
configure:19794: checking whether C compiler accepts -fno-lto
configure:19814: /android-ndk-r25b/toolchains/llvm/prebuilt/linux-x86_64/bin/aarch64-linux-android23-clang -c -Wall -fPIC -fexceptions  -fno-lto -I/python3-android/src/Python-3.11.6/Android/sysroot/usr/include conftest.c >&5
configure:19814: $? = 0
configure:19823: result: yes
configure:19833: checking whether .eh_frame section should be read-only
configure:19850: result: yes
configure:19865: checking for __attribute__((visibility("hidden")))
configure:19875: /android-ndk-r25b/toolchains/llvm/prebuilt/linux-x86_64/bin/aarch64-linux-android23-clang -Werror -S conftest.c -o conftest.s 1>&5
configure:19878: $? = 0
configure:19887: result: yes
configure:20365: versioning on shared library symbols is no
configure:20478: checking that generated files are newer than configure
configure:20484: result: done
configure:20552: creating ./config.status

## ---------------------- ##
## Running config.status. ##
## ---------------------- ##

This file was extended by libffi config.status 3.4.4, which was
generated by GNU Autoconf 2.71.  Invocation command line was

  CONFIG_FILES    = 
  CONFIG_HEADERS  = 
  CONFIG_LINKS    = 
  CONFIG_COMMANDS = 
  $ ./config.status 

on ab555e124bc7

config.status:1227: creating include/Makefile
config.status:1227: creating include/ffi.h
config.status:1227: creating Makefile
config.status:1227: creating testsuite/Makefile
config.status:1227: creating man/Makefile
config.status:1227: creating doc/Makefile
config.status:1227: creating libffi.pc
config.status:1227: creating fficonfig.h
config.status:1456: executing buildir commands
config.status:1469: skipping top_srcdir/Makefile - not created
config.status:1456: executing depfiles commands
config.status:1677: cd .       && sed -e '/# am--include-marker/d' Makefile         | make -f - am--depfiles
config.status:1682: $? = 0
config.status:1456: executing libtool commands
config.status:1456: executing include commands
config.status:1456: executing src commands

## ---------------- ##
## Cache variables. ##
## ---------------- ##

ac_cv_build=x86_64-pc-linux-gnu
ac_cv_c_bigendian=no
ac_cv_c_compiler_gnu=yes
ac_cv_cflags_warn_all=-Wall
ac_cv_cxx_compiler_gnu=yes
ac_cv_decl_map_anon=yes
ac_cv_env_CCASFLAGS_set=
ac_cv_env_CCASFLAGS_value=
ac_cv_env_CCAS_set=
ac_cv_env_CCAS_value=
ac_cv_env_CPPFLAGS_set=set
ac_cv_env_CPPFLAGS_value=-I/python3-android/src/Python-3.11.6/Android/sysroot/usr/include
ac_cv_env_CXXCPP_set=
ac_cv_env_CXXCPP_value=
ac_cv_env_LT_SYS_LIBRARY_PATH_set=
ac_cv_env_LT_SYS_LIBRARY_PATH_value=
ac_cv_env_build_alias_set=
ac_cv_env_build_alias_value=
ac_cv_env_host_alias_set=set
ac_cv_env_host_alias_value=aarch64-linux-android
ac_cv_env_target_alias_set=
ac_cv_env_target_alias_value=
ac_cv_func_alloca_works=yes
ac_cv_func_memcpy=yes
ac_cv_func_memfd_create=no
ac_cv_func_mkostemp=yes
ac_cv_func_mkstemp=yes
ac_cv_func_mmap=yes
ac_cv_func_mmap_anon=yes
ac_cv_func_mmap_dev_zero=yes
ac_cv_func_mmap_file=yes
ac_cv_header_dlfcn_h=yes
ac_cv_header_inttypes_h=yes
ac_cv_header_stdint_h=yes
ac_cv_header_stdio_h=yes
ac_cv_header_stdlib_h=yes
ac_cv_header_string_h=yes
ac_cv_header_strings_h=yes
ac_cv_header_sys_memfd_h=no
ac_cv_header_sys_mman_h=yes
ac_cv_header_sys_stat_h=yes
ac_cv_header_sys_types_h=yes
ac_cv_header_unistd_h=yes
ac_cv_host=aarch64-unknown-linux-android
ac_cv_objext=o
ac_cv_path_EGREP='/usr/bin/grep -E'
ac_cv_path_FGREP='/usr/bin/grep -F'
ac_cv_path_GREP=/usr/bin/grep
ac_cv_path_SED=/usr/bin/sed
ac_cv_path_ax_enable_builddir_sed=sed
ac_cv_path_install='/usr/bin/install -c'
ac_cv_path_lt_DD=/usr/bin/dd
ac_cv_path_mkdir=/usr/bin/mkdir
ac_cv_prog_AR=/android-ndk-r25b/toolchains/llvm/prebuilt/linux-x86_64/bin/llvm-ar
ac_cv_prog_AWK=gawk
ac_cv_prog_CC=/android-ndk-r25b/toolchains/llvm/prebuilt/linux-x86_64/bin/aarch64-linux-android23-clang
ac_cv_prog_CXXCPP='/android-ndk-r25b/toolchains/llvm/prebuilt/linux-x86_64/bin/aarch64-linux-android23-clang++ -E'
ac_cv_prog_OBJDUMP=/android-ndk-r25b/toolchains/llvm/prebuilt/linux-x86_64/bin/llvm-objdump
ac_cv_prog_RANLIB=/android-ndk-r25b/toolchains/llvm/prebuilt/linux-x86_64/bin/llvm-ranlib
ac_cv_prog_READELF=/android-ndk-r25b/toolchains/llvm/prebuilt/linux-x86_64/bin/llvm-readelf
ac_cv_prog_STRIP=/android-ndk-r25b/toolchains/llvm/prebuilt/linux-x86_64/bin/llvm-strip
ac_cv_prog_cc_c11=
ac_cv_prog_cc_g=yes
ac_cv_prog_cc_stdc=
ac_cv_prog_cxx_11=no
ac_cv_prog_cxx_cxx11=
ac_cv_prog_cxx_g=yes
ac_cv_prog_cxx_stdcxx=
ac_cv_prog_make_make_set=yes
ac_cv_sizeof_double=8
ac_cv_sizeof_long_double=16
ac_cv_sizeof_size_t=8
ac_cv_target=aarch64-unknown-linux-android
ac_cv_type_size_t=yes
ac_cv_working_alloca_h=yes
am_cv_CCAS_dependencies_compiler_type=gcc3
am_cv_CC_dependencies_compiler_type=gcc3
am_cv_CXX_dependencies_compiler_type=gcc3
am_cv_make_support_nested_variables=yes
am_cv_prog_cc_c_o=yes
ax_cv_c_compiler_vendor=clang
ax_cv_check_cflags___fno_lto=yes
gcc_cv_as_cfi_pseudo_op=yes
libffi_cv_as_ptrauth=no
libffi_cv_hidden_visibility_attribute=yes
libffi_cv_no_lto=-fno-lto
libffi_cv_ro_eh_frame=yes
lt_cv_ar_at_file=@
lt_cv_deplibs_check_method=pass_all
lt_cv_file_magic_cmd='$MAGIC_CMD'
lt_cv_file_magic_test_file=
lt_cv_ld_reload_flag=-r
lt_cv_nm_interface='BSD nm'
lt_cv_objdir=.libs
lt_cv_path_LD=/android-ndk-r25b/toolchains/llvm/prebuilt/linux-x86_64/bin/ld
lt_cv_path_LDCXX=/android-ndk-r25b/toolchains/llvm/prebuilt/linux-x86_64/bin/ld
lt_cv_path_NM=/android-ndk-r25b/toolchains/llvm/prebuilt/linux-x86_64/bin/llvm-nm
lt_cv_path_mainfest_tool=no
lt_cv_prog_compiler_c_o=yes
lt_cv_prog_compiler_c_o_CXX=yes
lt_cv_prog_compiler_pic='-fPIC -DPIC'
lt_cv_prog_compiler_pic_CXX='-fPIC -DPIC'
lt_cv_prog_compiler_pic_works=yes
lt_cv_prog_compiler_pic_works_CXX=yes
lt_cv_prog_compiler_rtti_exceptions=yes
lt_cv_prog_compiler_static_works=no
lt_cv_prog_compiler_static_works_CXX=no
lt_cv_prog_gnu_ld=yes
lt_cv_prog_gnu_ldcxx=yes
lt_cv_sharedlib_from_linklib_cmd='printf %s\n'
lt_cv_sys_global_symbol_pipe='/usr/bin/sed -n -e '\''s/^.*[	 ]\([ABCDGIRSTW][ABCDGIRSTW]*\)[	 ][	 ]*\([_A-Za-z][_A-Za-z0-9]*\)$/\1 \2 \2/p'\'' | /usr/bin/sed '\''/ __gnu_lto/d'\'''
lt_cv_sys_global_symbol_to_c_name_address='/usr/bin/sed -n -e '\''s/^: \(.*\) .*$/  {"\1", (void *) 0},/p'\'' -e '\''s/^[ABCDGIRSTW][ABCDGIRSTW]* .* \(.*\)$/  {"\1", (void *) \&\1},/p'\'''
lt_cv_sys_global_symbol_to_c_name_address_lib_prefix='/usr/bin/sed -n -e '\''s/^: \(.*\) .*$/  {"\1", (void *) 0},/p'\'' -e '\''s/^[ABCDGIRSTW][ABCDGIRSTW]* .* \(lib.*\)$/  {"\1", (void *) \&\1},/p'\'' -e '\''s/^[ABCDGIRSTW][ABCDGIRSTW]* .* \(.*\)$/  {"lib\1", (void *) \&\1},/p'\'''
lt_cv_sys_global_symbol_to_cdecl='/usr/bin/sed -n -e '\''s/^T .* \(.*\)$/extern int \1();/p'\'' -e '\''s/^[ABCDGIRSTW][ABCDGIRSTW]* .* \(.*\)$/extern char \1;/p'\'''
lt_cv_sys_global_symbol_to_import=
lt_cv_sys_max_cmd_len=1572864
lt_cv_sys_symbol_underscore=no
lt_cv_to_host_file_cmd=func_convert_file_noop
lt_cv_to_tool_file_cmd=func_convert_file_noop
lt_cv_truncate_bin='/usr/bin/dd bs=4096 count=1'

## ----------------- ##
## Output variables. ##
## ----------------- ##

ACLOCAL='${SHELL} '\''/python3-android/src/Python-3.11.6/Android/deps/libffi-3.4.4/missing'\'' aclocal-1.16'
ALLOCA=''
AMDEPBACKSLASH='\'
AMDEP_FALSE='#'
AMDEP_TRUE=''
AMTAR='$${TAR-tar}'
AM_BACKSLASH='\'
AM_DEFAULT_V='$(AM_DEFAULT_VERBOSITY)'
AM_DEFAULT_VERBOSITY='1'
AM_LTLDFLAGS=''
AM_RUNTESTFLAGS=''
AM_V='$(V)'
AR='/android-ndk-r25b/toolchains/llvm/prebuilt/linux-x86_64/bin/llvm-ar'
AUTOCONF='${SHELL} '\''/python3-android/src/Python-3.11.6/Android/deps/libffi-3.4.4/missing'\'' autoconf'
AUTOHEADER='${SHELL} '\''/python3-android/src/Python-3.11.6/Android/deps/libffi-3.4.4/missing'\'' autoheader'
AUTOMAKE='${SHELL} '\''/python3-android/src/Python-3.11.6/Android/deps/libffi-3.4.4/missing'\'' automake-1.16'
AWK='gawk'
BUILD_DOCS_FALSE='#'
BUILD_DOCS_TRUE=''
CC='/android-ndk-r25b/toolchains/llvm/prebuilt/linux-x86_64/bin/aarch64-linux-android23-clang'
CCAS='/android-ndk-r25b/toolchains/llvm/prebuilt/linux-x86_64/bin/aarch64-linux-android23-clang'
CCASDEPMODE='depmode=gcc3'
CCASFLAGS='-fPIC'
CCDEPMODE='depmode=gcc3'
CFLAGS='-Wall -fPIC -fexceptions'
CPPFLAGS='-I/python3-android/src/Python-3.11.6/Android/sysroot/usr/include'
CSCOPE='cscope'
CTAGS='ctags'
CXX='/android-ndk-r25b/toolchains/llvm/prebuilt/linux-x86_64/bin/aarch64-linux-android23-clang++'
CXXCPP='/android-ndk-r25b/toolchains/llvm/prebuilt/linux-x86_64/bin/aarch64-linux-android23-clang++ -E'
CXXDEPMODE='depmode=gcc3'
CXXFLAGS='-g -O2'
CYGPATH_W='echo'
DEFS='-DHAVE_CONFIG_H'
DEPDIR='.deps'
DLLTOOL='false'
DSYMUTIL=''
DUMPBIN=''
ECHO_C=''
ECHO_N='-n'
ECHO_T=''
EGREP='/usr/bin/grep -E'
ETAGS='etags'
EXEEXT=''
FFI_DEBUG_FALSE=''
FFI_DEBUG_TRUE='#'
FFI_EXEC_TRAMPOLINE_TABLE='0'
FFI_EXEC_TRAMPOLINE_TABLE_FALSE=''
FFI_EXEC_TRAMPOLINE_TABLE_TRUE='#'
FGREP='/usr/bin/grep -F'
FILECMD=':'
GREP='/usr/bin/grep'
HAVE_LONG_DOUBLE='1'
HAVE_LONG_DOUBLE_VARIANT='0'
INSTALL_DATA='${INSTALL} -m 644'
INSTALL_PROGRAM='${INSTALL}'
INSTALL_SCRIPT='${INSTALL}'
INSTALL_STRIP_PROGRAM='$(install_sh) -c -s'
LD='/android-ndk-r25b/toolchains/llvm/prebuilt/linux-x86_64/bin/ld'
LDFLAGS='-L/python3-android/src/Python-3.11.6/Android/sysroot/usr/lib -pie'
LIBFFI_BUILD_VERSIONED_SHLIB_FALSE=''
LIBFFI_BUILD_VERSIONED_SHLIB_GNU_FALSE=''
LIBFFI_BUILD_VERSIONED_SHLIB_GNU_TRUE='#'
LIBFFI_BUILD_VERSIONED_SHLIB_SUN_FALSE=''
LIBFFI_BUILD_VERSIONED_SHLIB_SUN_TRUE='#'
LIBFFI_BUILD_VERSIONED_SHLIB_TRUE='#'
LIBOBJS=''
LIBS=''
LIBTOOL='$(SHELL) $(top_builddir)/libtool'
LIPO=''
LN_S='ln -s'
LTLIBOBJS=''
LT_SYS_LIBRARY_PATH=''
MAINT='#'
MAINTAINER_MODE_FALSE=''
MAINTAINER_MODE_TRUE='#'
MAKEINFO='${SHELL} '\''/python3-android/src/Python-3.11.6/Android/deps/libffi-3.4.4/missing'\'' makeinfo'
MANIFEST_TOOL=':'
MKDIR_P='/usr/bin/mkdir -p'
NM='/android-ndk-r25b/toolchains/llvm/prebuilt/linux-x86_64/bin/llvm-nm'
NMEDIT=''
OBJDUMP='/android-ndk-r25b/toolchains/llvm/prebuilt/linux-x86_64/bin/llvm-objdump'
OBJEXT='o'
OPT_LDFLAGS='-Wl,-O1 '
OTOOL64=''
OTOOL=''
PACKAGE='libffi'
PACKAGE_BUGREPORT='http://github.com/libffi/libffi/issues'
PACKAGE_NAME='libffi'
PACKAGE_STRING='libffi 3.4.4'
PACKAGE_TARNAME='libffi'
PACKAGE_URL=''
PACKAGE_VERSION='3.4.4'
PATH_SEPARATOR=':'
PRTDIAG=''
RANLIB='/android-ndk-r25b/toolchains/llvm/prebuilt/linux-x86_64/bin/llvm-ranlib'
READELF='/android-ndk-r25b/toolchains/llvm/prebuilt/linux-x86_64/bin/llvm-readelf'
SECTION_LDFLAGS=''
SED='/usr/bin/sed'
SET_MAKE=''
SHELL='/bin/bash'
STRIP='/android-ndk-r25b/toolchains/llvm/prebuilt/linux-x86_64/bin/llvm-strip'
TARGET='AARCH64'
TARGETDIR='aarch64'
TARGET_OBJ=' src/aarch64/ffi.lo src/aarch64/sysv.lo'
TESTSUBDIR_FALSE='#'
TESTSUBDIR_TRUE=''
VERSION='3.4.4'
ac_ct_AR=''
ac_ct_CC=''
ac_ct_CXX=''
ac_ct_DUMPBIN=''
am__EXEEXT_FALSE=''
am__EXEEXT_TRUE='#'
am__fastdepCCAS_FALSE='#'
am__fastdepCCAS_TRUE=''
am__fastdepCC_FALSE='#'
am__fastdepCC_TRUE=''
am__fastdepCXX_FALSE='#'
am__fastdepCXX_TRUE=''
am__include='include'
am__isrc=''
am__leading_dot='.'
am__nodep='_no'
am__quote=''
am__tar='$${TAR-tar} chof - "$$tardir"'
am__untar='$${TAR-tar} xf -'
ax_enable_builddir_sed='sed'
bindir='${exec_prefix}/bin'
build='x86_64-pc-linux-gnu'
build_alias=''
build_cpu='x86_64'
build_os='linux-gnu'
build_vendor='pc'
datadir='${datarootdir}'
datarootdir='${prefix}/share'
docdir='${datarootdir}/doc/${PACKAGE_TARNAME}'
dvidir='${docdir}'
exec_prefix='${prefix}'
host='aarch64-unknown-linux-android'
host_alias='aarch64-linux-android'
host_cpu='aarch64'
host_os='linux-android'
host_vendor='unknown'
htmldir='${docdir}'
includedir='${prefix}/include'
infodir='${datarootdir}/info'
install_sh='${SHELL} /python3-android/src/Python-3.11.6/Android/deps/libffi-3.4.4/install-sh'
libdir='/usr/lib'
libexecdir='${exec_prefix}/libexec'
localedir='${datarootdir}/locale'
localstatedir='${prefix}/var'
mandir='${datarootdir}/man'
mkdir_p='$(MKDIR_P)'
oldincludedir='/usr/include'
pdfdir='${docdir}'
prefix='/usr'
program_transform_name='s,x,x,'
psdir='${docdir}'
runstatedir='${localstatedir}/run'
sbindir='${exec_prefix}/sbin'
sharedstatedir='${prefix}/com'
sys_symbol_underscore='no'
sysconfdir='${prefix}/etc'
target='aarch64-unknown-linux-android'
target_alias='aarch64-linux-android'
target_cpu='aarch64'
target_os='linux-android'
target_vendor='unknown'
tmake_file=''
toolexecdir='${libdir}/gcc-lib/$(target_alias)'
toolexeclibdir='${libdir}'

## ----------- ##
## confdefs.h. ##
## ----------- ##

/* confdefs.h */
#define PACKAGE_NAME "libffi"
#define PACKAGE_TARNAME "libffi"
#define PACKAGE_VERSION "3.4.4"
#define PACKAGE_STRING "libffi 3.4.4"
#define PACKAGE_BUGREPORT "http://github.com/libffi/libffi/issues"
#define PACKAGE_URL ""
#define PACKAGE "libffi"
#define VERSION "3.4.4"
#define HAVE_STDIO_H 1
#define HAVE_STDLIB_H 1
#define HAVE_STRING_H 1
#define HAVE_INTTYPES_H 1
#define HAVE_STDINT_H 1
#define HAVE_STRINGS_H 1
#define HAVE_SYS_STAT_H 1
#define HAVE_SYS_TYPES_H 1
#define HAVE_UNISTD_H 1
#define STDC_HEADERS 1
#define HAVE_DLFCN_H 1
#define LT_OBJDIR ".libs/"
#define SIZEOF_SIZE_T 8
#define HAVE_SYS_MMAN_H 1
#define HAVE_MMAP 1
#define HAVE_MKOSTEMP 1
#define HAVE_MKSTEMP 1
#define HAVE_MMAP_FILE 1
#define HAVE_MMAP_DEV_ZERO 1
#define HAVE_MMAP_ANON 1
#define HAVE_MEMCPY 1
#define HAVE_ALLOCA_H 1
#define HAVE_ALLOCA 1
#define SIZEOF_DOUBLE 8
#define SIZEOF_LONG_DOUBLE 16
#define HAVE_LONG_DOUBLE 1
#define HAVE_AS_CFI_PSEUDO_OP 1
#define FFI_MMAP_EXEC_WRIT 1
#define HAVE_RO_EH_FRAME 1
#define EH_FRAME_FLAGS "a"
#define HAVE_HIDDEN_VISIBILITY_ATTRIBUTE 1
#define FFI_EXEC_STATIC_TRAMP 1

configure: exit 0
