This file contains any messages produced by compilers while
running configure, to aid debugging if configure makes a mistake.

It was created by gdbm configure 1.23, which was
generated by GNU Autoconf 2.69.  Invocation command line was

  $ ./configure --prefix=/usr --libdir=/usr/lib --host=aarch64-linux-android --disable-shared --enable-libgdbm-compat

## --------- ##
## Platform. ##
## --------- ##

hostname = ab555e124bc7
uname -m = x86_64
uname -r = 5.15.0-1041-azure
uname -s = Linux
uname -v = #48-Ubuntu SMP Tue Jun 20 20:34:08 UTC 2023

/usr/bin/uname -p = unknown
/bin/uname -X     = unknown

/bin/arch              = x86_64
/usr/bin/arch -k       = unknown
/usr/convex/getsysinfo = unknown
/usr/bin/hostinfo      = unknown
/bin/machine           = unknown
/usr/bin/oslevel       = unknown
/bin/universe          = unknown

PATH: /usr/local/bin
PATH: /usr/local/sbin
PATH: /usr/local/bin
PATH: /usr/sbin
PATH: /usr/bin
PATH: /sbin
PATH: /bin


## ----------- ##
## Core tests. ##
## ----------- ##

configure:2640: checking for a BSD-compatible install
configure:2708: result: /usr/bin/install -c
configure:2719: checking whether build environment is sane
configure:2774: result: yes
configure:2833: checking for aarch64-linux-android-strip
configure:2860: result: /android-ndk-r25b/toolchains/llvm/prebuilt/linux-x86_64/bin/llvm-strip
configure:2925: checking for a thread-safe mkdir -p
configure:2964: result: /usr/bin/mkdir -p
configure:2971: checking for gawk
configure:2987: found /usr/bin/gawk
configure:2998: result: gawk
configure:3009: checking whether make sets $(MAKE)
configure:3031: result: yes
configure:3060: checking whether make supports nested variables
configure:3077: result: yes
configure:3216: checking whether make supports nested variables
configure:3233: result: yes
configure:3286: checking for aarch64-linux-android-gcc
configure:3313: result: /android-ndk-r25b/toolchains/llvm/prebuilt/linux-x86_64/bin/aarch64-linux-android23-clang
configure:3582: checking for C compiler version
configure:3591: /android-ndk-r25b/toolchains/llvm/prebuilt/linux-x86_64/bin/aarch64-linux-android23-clang --version >&5
Android (8490178, based on r450784d) clang version 14.0.6 (https://android.googlesource.com/toolchain/llvm-project 4c603efb0cca074e9238af8b4106c30add4418f6)
Target: aarch64-unknown-linux-android23
Thread model: posix
InstalledDir: /android-ndk-r25b/toolchains/llvm/prebuilt/linux-x86_64/bin
configure:3602: $? = 0
configure:3591: /android-ndk-r25b/toolchains/llvm/prebuilt/linux-x86_64/bin/aarch64-linux-android23-clang -v >&5
Android (8490178, based on r450784d) clang version 14.0.6 (https://android.googlesource.com/toolchain/llvm-project 4c603efb0cca074e9238af8b4106c30add4418f6)
Target: aarch64-unknown-linux-android23
Thread model: posix
InstalledDir: /android-ndk-r25b/toolchains/llvm/prebuilt/linux-x86_64/bin
configure:3602: $? = 0
configure:3591: /android-ndk-r25b/toolchains/llvm/prebuilt/linux-x86_64/bin/aarch64-linux-android23-clang -V >&5
clang-14: error: argument to '-V' is missing (expected 1 value)
clang-14: error: no input files
configure:3602: $? = 1
configure:3591: /android-ndk-r25b/toolchains/llvm/prebuilt/linux-x86_64/bin/aarch64-linux-android23-clang -qversion >&5
clang-14: error: unknown argument '-qversion'; did you mean '--version'?
clang-14: error: no input files
configure:3602: $? = 1
configure:3622: checking whether the C compiler works
configure:3644: /android-ndk-r25b/toolchains/llvm/prebuilt/linux-x86_64/bin/aarch64-linux-android23-clang -fPIC -I/python3-android/src/Python-3.11.6/Android/sysroot/usr/include -L/python3-android/src/Python-3.11.6/Android/sysroot/usr/lib -pie conftest.c  >&5
configure:3648: $? = 0
configure:3696: result: yes
configure:3699: checking for C compiler default output file name
configure:3701: result: a.out
configure:3707: checking for suffix of executables
configure:3714: /android-ndk-r25b/toolchains/llvm/prebuilt/linux-x86_64/bin/aarch64-linux-android23-clang -o conftest -fPIC -I/python3-android/src/Python-3.11.6/Android/sysroot/usr/include -L/python3-android/src/Python-3.11.6/Android/sysroot/usr/lib -pie conftest.c  >&5
configure:3718: $? = 0
configure:3740: result: 
configure:3762: checking whether we are cross compiling
configure:3770: /android-ndk-r25b/toolchains/llvm/prebuilt/linux-x86_64/bin/aarch64-linux-android23-clang -o conftest -fPIC -I/python3-android/src/Python-3.11.6/Android/sysroot/usr/include -L/python3-android/src/Python-3.11.6/Android/sysroot/usr/lib -pie conftest.c  >&5
configure:3774: $? = 0
configure:3781: ./conftest
./configure: line 3783: ./conftest: cannot execute binary file: Exec format error
configure:3785: $? = 126
configure:3800: result: yes
configure:3805: checking for suffix of object files
configure:3827: /android-ndk-r25b/toolchains/llvm/prebuilt/linux-x86_64/bin/aarch64-linux-android23-clang -c -fPIC -I/python3-android/src/Python-3.11.6/Android/sysroot/usr/include conftest.c >&5
configure:3831: $? = 0
configure:3852: result: o
configure:3856: checking whether we are using the GNU C compiler
configure:3875: /android-ndk-r25b/toolchains/llvm/prebuilt/linux-x86_64/bin/aarch64-linux-android23-clang -c -fPIC -I/python3-android/src/Python-3.11.6/Android/sysroot/usr/include conftest.c >&5
configure:3875: $? = 0
configure:3884: result: yes
configure:3893: checking whether /android-ndk-r25b/toolchains/llvm/prebuilt/linux-x86_64/bin/aarch64-linux-android23-clang accepts -g
configure:3913: /android-ndk-r25b/toolchains/llvm/prebuilt/linux-x86_64/bin/aarch64-linux-android23-clang -c -g -I/python3-android/src/Python-3.11.6/Android/sysroot/usr/include conftest.c >&5
configure:3913: $? = 0
configure:3954: result: yes
configure:3971: checking for /android-ndk-r25b/toolchains/llvm/prebuilt/linux-x86_64/bin/aarch64-linux-android23-clang option to accept ISO C89
configure:4034: /android-ndk-r25b/toolchains/llvm/prebuilt/linux-x86_64/bin/aarch64-linux-android23-clang  -c -fPIC -I/python3-android/src/Python-3.11.6/Android/sysroot/usr/include conftest.c >&5
configure:4034: $? = 0
configure:4047: result: none needed
configure:4072: checking whether /android-ndk-r25b/toolchains/llvm/prebuilt/linux-x86_64/bin/aarch64-linux-android23-clang understands -c and -o together
configure:4094: /android-ndk-r25b/toolchains/llvm/prebuilt/linux-x86_64/bin/aarch64-linux-android23-clang -c conftest.c -o conftest2.o
configure:4097: $? = 0
configure:4094: /android-ndk-r25b/toolchains/llvm/prebuilt/linux-x86_64/bin/aarch64-linux-android23-clang -c conftest.c -o conftest2.o
configure:4097: $? = 0
configure:4109: result: yes
configure:4137: checking for style of include used by make
configure:4165: result: GNU
configure:4191: checking dependency style of /android-ndk-r25b/toolchains/llvm/prebuilt/linux-x86_64/bin/aarch64-linux-android23-clang
configure:4302: result: gcc3
configure:4322: checking how to run the C preprocessor
configure:4392: result: /android-ndk-r25b/toolchains/llvm/prebuilt/linux-x86_64/bin/aarch64-linux-android23-clang -E
configure:4412: /android-ndk-r25b/toolchains/llvm/prebuilt/linux-x86_64/bin/aarch64-linux-android23-clang -E -I/python3-android/src/Python-3.11.6/Android/sysroot/usr/include conftest.c
configure:4412: $? = 0
configure:4426: /android-ndk-r25b/toolchains/llvm/prebuilt/linux-x86_64/bin/aarch64-linux-android23-clang -E -I/python3-android/src/Python-3.11.6/Android/sysroot/usr/include conftest.c
conftest.c:11:10: fatal error: 'ac_nonexistent.h' file not found
#include <ac_nonexistent.h>
         ^~~~~~~~~~~~~~~~~~
1 error generated.
configure:4426: $? = 1
configure: failed program was:
| /* confdefs.h */
| #define PACKAGE_NAME "gdbm"
| #define PACKAGE_TARNAME "gdbm"
| #define PACKAGE_VERSION "1.23"
| #define PACKAGE_STRING "gdbm 1.23"
| #define PACKAGE_BUGREPORT "bug-gdbm@gnu.org"
| #define PACKAGE_URL "http://www.gnu.org/software/gdbm"
| #define PACKAGE "gdbm"
| #define VERSION "1.23"
| /* end confdefs.h.  */
| #include <ac_nonexistent.h>
configure:4484: checking build system type
configure:4498: result: x86_64-unknown-linux-gnu
configure:4518: checking host system type
configure:4531: result: aarch64-unknown-linux-android
configure:4572: checking how to print strings
configure:4599: result: printf
configure:4620: checking for a sed that does not truncate output
configure:4684: result: /usr/bin/sed
configure:4702: checking for grep that handles long lines and -e
configure:4760: result: /usr/bin/grep
configure:4765: checking for egrep
configure:4827: result: /usr/bin/grep -E
configure:4832: checking for fgrep
configure:4894: result: /usr/bin/grep -F
configure:4929: checking for ld used by /android-ndk-r25b/toolchains/llvm/prebuilt/linux-x86_64/bin/aarch64-linux-android23-clang
configure:4996: result: /android-ndk-r25b/toolchains/llvm/prebuilt/linux-x86_64/bin/ld
configure:5003: checking if the linker (/android-ndk-r25b/toolchains/llvm/prebuilt/linux-x86_64/bin/ld) is GNU ld
configure:5018: result: yes
configure:5030: checking for BSD- or MS-compatible name lister (nm)
configure:5084: result: /android-ndk-r25b/toolchains/llvm/prebuilt/linux-x86_64/bin/llvm-nm
configure:5214: checking the name lister (/android-ndk-r25b/toolchains/llvm/prebuilt/linux-x86_64/bin/llvm-nm) interface
configure:5221: /android-ndk-r25b/toolchains/llvm/prebuilt/linux-x86_64/bin/aarch64-linux-android23-clang -c -fPIC -I/python3-android/src/Python-3.11.6/Android/sysroot/usr/include conftest.c >&5
configure:5224: /android-ndk-r25b/toolchains/llvm/prebuilt/linux-x86_64/bin/llvm-nm "conftest.o"
configure:5227: output
0000000000000000 B some_variable
configure:5234: result: BSD nm
configure:5237: checking whether ln -s works
configure:5241: result: yes
configure:5249: checking the maximum length of command line arguments
configure:5380: result: 1572864
configure:5428: checking how to convert x86_64-unknown-linux-gnu file names to aarch64-unknown-linux-android format
configure:5468: result: func_convert_file_noop
configure:5475: checking how to convert x86_64-unknown-linux-gnu file names to toolchain format
configure:5495: result: func_convert_file_noop
configure:5502: checking for /android-ndk-r25b/toolchains/llvm/prebuilt/linux-x86_64/bin/ld option to reload object files
configure:5509: result: -r
configure:5543: checking for aarch64-linux-android-objdump
configure:5570: result: /android-ndk-r25b/toolchains/llvm/prebuilt/linux-x86_64/bin/llvm-objdump
configure:5642: checking how to recognize dependent libraries
configure:5842: result: pass_all
configure:5887: checking for aarch64-linux-android-dlltool
configure:5917: result: no
configure:5927: checking for dlltool
configure:5957: result: no
configure:5987: checking how to associate runtime and link libraries
configure:6014: result: printf %s\n
configure:6031: checking for aarch64-linux-android-ar
configure:6058: result: /android-ndk-r25b/toolchains/llvm/prebuilt/linux-x86_64/bin/llvm-ar
configure:6139: checking for archiver @FILE support
configure:6156: /android-ndk-r25b/toolchains/llvm/prebuilt/linux-x86_64/bin/aarch64-linux-android23-clang -c -fPIC -I/python3-android/src/Python-3.11.6/Android/sysroot/usr/include conftest.c >&5
configure:6156: $? = 0
configure:6159: /android-ndk-r25b/toolchains/llvm/prebuilt/linux-x86_64/bin/llvm-ar cru libconftest.a @conftest.lst >&5
configure:6162: $? = 0
configure:6167: /android-ndk-r25b/toolchains/llvm/prebuilt/linux-x86_64/bin/llvm-ar cru libconftest.a @conftest.lst >&5
/android-ndk-r25b/toolchains/llvm/prebuilt/linux-x86_64/bin/llvm-ar: error: conftest.o: No such file or directory
configure:6170: $? = 1
configure:6182: result: @
configure:6200: checking for aarch64-linux-android-strip
configure:6227: result: /android-ndk-r25b/toolchains/llvm/prebuilt/linux-x86_64/bin/llvm-strip
configure:6299: checking for aarch64-linux-android-ranlib
configure:6326: result: /android-ndk-r25b/toolchains/llvm/prebuilt/linux-x86_64/bin/llvm-ranlib
configure:6468: checking command to parse /android-ndk-r25b/toolchains/llvm/prebuilt/linux-x86_64/bin/llvm-nm output from /android-ndk-r25b/toolchains/llvm/prebuilt/linux-x86_64/bin/aarch64-linux-android23-clang object
configure:6621: /android-ndk-r25b/toolchains/llvm/prebuilt/linux-x86_64/bin/aarch64-linux-android23-clang -c -fPIC -I/python3-android/src/Python-3.11.6/Android/sysroot/usr/include conftest.c >&5
configure:6624: $? = 0
configure:6628: /android-ndk-r25b/toolchains/llvm/prebuilt/linux-x86_64/bin/llvm-nm conftest.o \| sed -n -e 's/^.*[ ]\([ABCDGIRSTW][ABCDGIRSTW]*\)[ ][ ]*\([_A-Za-z][_A-Za-z0-9]*\)$/\1 \2 \2/p' | sed '/ __gnu_lto/d' \> conftest.nm
configure:6631: $? = 0
configure:6697: /android-ndk-r25b/toolchains/llvm/prebuilt/linux-x86_64/bin/aarch64-linux-android23-clang -o conftest -fPIC -I/python3-android/src/Python-3.11.6/Android/sysroot/usr/include -L/python3-android/src/Python-3.11.6/Android/sysroot/usr/lib -pie conftest.c conftstm.o >&5
configure:6700: $? = 0
configure:6738: result: ok
configure:6785: checking for sysroot
configure:6815: result: no
configure:6822: checking for a working dd
configure:6860: result: /usr/bin/dd
configure:6864: checking how to truncate binary pipes
configure:6879: result: /usr/bin/dd bs=4096 count=1
configure:7168: checking for aarch64-linux-android-mt
configure:7198: result: no
configure:7208: checking for mt
configure:7238: result: no
configure:7258: checking if : is a manifest tool
configure:7264: : '-?'
configure:7272: result: no
configure:7945: checking for ANSI C header files
configure:7965: /android-ndk-r25b/toolchains/llvm/prebuilt/linux-x86_64/bin/aarch64-linux-android23-clang -c -fPIC -I/python3-android/src/Python-3.11.6/Android/sysroot/usr/include conftest.c >&5
configure:7965: $? = 0
configure:8049: result: yes
configure:8062: checking for sys/types.h
configure:8062: /android-ndk-r25b/toolchains/llvm/prebuilt/linux-x86_64/bin/aarch64-linux-android23-clang -c -fPIC -I/python3-android/src/Python-3.11.6/Android/sysroot/usr/include conftest.c >&5
configure:8062: $? = 0
configure:8062: result: yes
configure:8062: checking for sys/stat.h
configure:8062: /android-ndk-r25b/toolchains/llvm/prebuilt/linux-x86_64/bin/aarch64-linux-android23-clang -c -fPIC -I/python3-android/src/Python-3.11.6/Android/sysroot/usr/include conftest.c >&5
configure:8062: $? = 0
configure:8062: result: yes
configure:8062: checking for stdlib.h
configure:8062: /android-ndk-r25b/toolchains/llvm/prebuilt/linux-x86_64/bin/aarch64-linux-android23-clang -c -fPIC -I/python3-android/src/Python-3.11.6/Android/sysroot/usr/include conftest.c >&5
configure:8062: $? = 0
configure:8062: result: yes
configure:8062: checking for string.h
configure:8062: /android-ndk-r25b/toolchains/llvm/prebuilt/linux-x86_64/bin/aarch64-linux-android23-clang -c -fPIC -I/python3-android/src/Python-3.11.6/Android/sysroot/usr/include conftest.c >&5
configure:8062: $? = 0
configure:8062: result: yes
configure:8062: checking for memory.h
configure:8062: /android-ndk-r25b/toolchains/llvm/prebuilt/linux-x86_64/bin/aarch64-linux-android23-clang -c -fPIC -I/python3-android/src/Python-3.11.6/Android/sysroot/usr/include conftest.c >&5
configure:8062: $? = 0
configure:8062: result: yes
configure:8062: checking for strings.h
configure:8062: /android-ndk-r25b/toolchains/llvm/prebuilt/linux-x86_64/bin/aarch64-linux-android23-clang -c -fPIC -I/python3-android/src/Python-3.11.6/Android/sysroot/usr/include conftest.c >&5
configure:8062: $? = 0
configure:8062: result: yes
configure:8062: checking for inttypes.h
configure:8062: /android-ndk-r25b/toolchains/llvm/prebuilt/linux-x86_64/bin/aarch64-linux-android23-clang -c -fPIC -I/python3-android/src/Python-3.11.6/Android/sysroot/usr/include conftest.c >&5
configure:8062: $? = 0
configure:8062: result: yes
configure:8062: checking for stdint.h
configure:8062: /android-ndk-r25b/toolchains/llvm/prebuilt/linux-x86_64/bin/aarch64-linux-android23-clang -c -fPIC -I/python3-android/src/Python-3.11.6/Android/sysroot/usr/include conftest.c >&5
configure:8062: $? = 0
configure:8062: result: yes
configure:8062: checking for unistd.h
configure:8062: /android-ndk-r25b/toolchains/llvm/prebuilt/linux-x86_64/bin/aarch64-linux-android23-clang -c -fPIC -I/python3-android/src/Python-3.11.6/Android/sysroot/usr/include conftest.c >&5
configure:8062: $? = 0
configure:8062: result: yes
configure:8076: checking for dlfcn.h
configure:8076: /android-ndk-r25b/toolchains/llvm/prebuilt/linux-x86_64/bin/aarch64-linux-android23-clang -c -fPIC -I/python3-android/src/Python-3.11.6/Android/sysroot/usr/include conftest.c >&5
configure:8076: $? = 0
configure:8076: result: yes
configure:8332: checking for objdir
configure:8347: result: .libs
configure:8611: checking if /android-ndk-r25b/toolchains/llvm/prebuilt/linux-x86_64/bin/aarch64-linux-android23-clang supports -fno-rtti -fno-exceptions
configure:8629: /android-ndk-r25b/toolchains/llvm/prebuilt/linux-x86_64/bin/aarch64-linux-android23-clang -c -fPIC -I/python3-android/src/Python-3.11.6/Android/sysroot/usr/include -fno-rtti -fno-exceptions conftest.c >&5
configure:8633: $? = 0
configure:8646: result: yes
configure:9004: checking for /android-ndk-r25b/toolchains/llvm/prebuilt/linux-x86_64/bin/aarch64-linux-android23-clang option to produce PIC
configure:9011: result: -fPIC -DPIC
configure:9019: checking if /android-ndk-r25b/toolchains/llvm/prebuilt/linux-x86_64/bin/aarch64-linux-android23-clang PIC flag -fPIC -DPIC works
configure:9037: /android-ndk-r25b/toolchains/llvm/prebuilt/linux-x86_64/bin/aarch64-linux-android23-clang -c -fPIC -I/python3-android/src/Python-3.11.6/Android/sysroot/usr/include -fPIC -DPIC -DPIC conftest.c >&5
configure:9041: $? = 0
configure:9054: result: yes
configure:9083: checking if /android-ndk-r25b/toolchains/llvm/prebuilt/linux-x86_64/bin/aarch64-linux-android23-clang static flag -static works
clang-14: warning: argument unused during compilation: '-pie' [-Wunused-command-line-argument]
configure:9111: result: no
configure:9126: checking if /android-ndk-r25b/toolchains/llvm/prebuilt/linux-x86_64/bin/aarch64-linux-android23-clang supports -c -o file.o
configure:9147: /android-ndk-r25b/toolchains/llvm/prebuilt/linux-x86_64/bin/aarch64-linux-android23-clang -c -fPIC -I/python3-android/src/Python-3.11.6/Android/sysroot/usr/include -o out/conftest2.o conftest.c >&5
configure:9151: $? = 0
configure:9173: result: yes
configure:9181: checking if /android-ndk-r25b/toolchains/llvm/prebuilt/linux-x86_64/bin/aarch64-linux-android23-clang supports -c -o file.o
configure:9228: result: yes
configure:9261: checking whether the /android-ndk-r25b/toolchains/llvm/prebuilt/linux-x86_64/bin/aarch64-linux-android23-clang linker (/android-ndk-r25b/toolchains/llvm/prebuilt/linux-x86_64/bin/ld) supports shared libraries
configure:10520: result: yes
configure:10760: checking dynamic linker characteristics
configure:11578: result: Android linker
configure:11700: checking how to hardcode library paths into programs
configure:11725: result: immediate
configure:12273: checking whether stripping libraries is possible
configure:12278: result: yes
configure:12313: checking if libtool supports shared libraries
configure:12315: result: yes
configure:12318: checking whether to build shared libraries
configure:12343: result: no
configure:12346: checking whether to build static libraries
configure:12350: result: yes
configure:12389: checking for bison
configure:12420: result: $(SHELL) $(top_srcdir)/build-aux/missing bison
configure:12430: checking for flex
configure:12461: result: $(SHELL) $(top_srcdir)/build-aux/missing flex
configure:12473: checking for gzip
configure:12491: found /usr/bin/gzip
configure:12503: result: /usr/bin/gzip
configure:12514: checking for base64
configure:12532: found /usr/bin/base64
configure:12544: result: /usr/bin/base64
configure:12560: checking for special C compiler options needed for large files
configure:12605: result: no
configure:12611: checking for _FILE_OFFSET_BITS value needed for large files
configure:12636: /android-ndk-r25b/toolchains/llvm/prebuilt/linux-x86_64/bin/aarch64-linux-android23-clang -c -fPIC -I/python3-android/src/Python-3.11.6/Android/sysroot/usr/include conftest.c >&5
configure:12636: $? = 0
configure:12668: result: no
configure:12753: checking for an ANSI C-conforming const
configure:12819: /android-ndk-r25b/toolchains/llvm/prebuilt/linux-x86_64/bin/aarch64-linux-android23-clang -c -fPIC -I/python3-android/src/Python-3.11.6/Android/sysroot/usr/include conftest.c >&5
configure:12819: $? = 0
configure:12826: result: yes
configure:12835: checking for unsigned long long int
configure:12874: /android-ndk-r25b/toolchains/llvm/prebuilt/linux-x86_64/bin/aarch64-linux-android23-clang -o conftest -fPIC -I/python3-android/src/Python-3.11.6/Android/sysroot/usr/include -L/python3-android/src/Python-3.11.6/Android/sysroot/usr/lib -pie conftest.c  >&5
configure:12874: $? = 0
configure:12883: result: yes
configure:12899: checking for TLS qualifier
configure:12912: /android-ndk-r25b/toolchains/llvm/prebuilt/linux-x86_64/bin/aarch64-linux-android23-clang -c -fPIC -I/python3-android/src/Python-3.11.6/Android/sysroot/usr/include conftest.c >&5
configure:12912: $? = 0
configure:12918: result: __thread
configure:12927: checking whether NLS is requested
configure:12936: result: yes
configure:12976: checking for msgfmt
configure: trying /usr/bin/msgfmt...
0 translated messages.
configure:13008: result: /usr/bin/msgfmt
configure:13017: checking for gmsgfmt
configure:13048: result: /usr/bin/msgfmt
configure:13098: checking for xgettext
configure: trying /usr/bin/xgettext...
/usr/bin/xgettext: warning: file '/dev/null' extension '' is unknown; will try C
configure:13130: result: /usr/bin/xgettext
configure:13175: checking for msgmerge
configure: trying /usr/bin/msgmerge...
configure:13206: result: /usr/bin/msgmerge
configure:13264: checking for ld used by /android-ndk-r25b/toolchains/llvm/prebuilt/linux-x86_64/bin/aarch64-linux-android23-clang
configure:13331: result: /android-ndk-r25b/toolchains/llvm/prebuilt/linux-x86_64/bin/ld
configure:13338: checking if the linker (/android-ndk-r25b/toolchains/llvm/prebuilt/linux-x86_64/bin/ld) is GNU ld
configure:13353: result: yes
configure:13360: checking for shared library run path origin
configure:13373: result: done
configure:13945: checking for CFPreferencesCopyAppValue
configure:13963: /android-ndk-r25b/toolchains/llvm/prebuilt/linux-x86_64/bin/aarch64-linux-android23-clang -o conftest -fPIC -I/python3-android/src/Python-3.11.6/Android/sysroot/usr/include -L/python3-android/src/Python-3.11.6/Android/sysroot/usr/lib -pie conftest.c  -Wl,-framework -Wl,CoreFoundation >&5
conftest.c:25:10: fatal error: 'CoreFoundation/CFPreferences.h' file not found
#include <CoreFoundation/CFPreferences.h>
         ^~~~~~~~~~~~~~~~~~~~~~~~~~~~~~~~
1 error generated.
configure:13963: $? = 1
configure: failed program was:
| /* confdefs.h */
| #define PACKAGE_NAME "gdbm"
| #define PACKAGE_TARNAME "gdbm"
| #define PACKAGE_VERSION "1.23"
| #define PACKAGE_STRING "gdbm 1.23"
| #define PACKAGE_BUGREPORT "bug-gdbm@gnu.org"
| #define PACKAGE_URL "http://www.gnu.org/software/gdbm"
| #define PACKAGE "gdbm"
| #define VERSION "1.23"
| #define STDC_HEADERS 1
| #define HAVE_SYS_TYPES_H 1
| #define HAVE_SYS_STAT_H 1
| #define HAVE_STDLIB_H 1
| #define HAVE_STRING_H 1
| #define HAVE_MEMORY_H 1
| #define HAVE_STRINGS_H 1
| #define HAVE_INTTYPES_H 1
| #define HAVE_STDINT_H 1
| #define HAVE_UNISTD_H 1
| #define HAVE_DLFCN_H 1
| #define LT_OBJDIR ".libs/"
| #define HAVE_UNSIGNED_LONG_LONG_INT 1
| #define GDBM_THREAD_LOCAL __thread
| /* end confdefs.h.  */
| #include <CoreFoundation/CFPreferences.h>
| int
| main ()
| {
| CFPreferencesCopyAppValue(NULL, NULL)
|   ;
|   return 0;
| }
configure:13972: result: no
configure:13979: checking for CFLocaleCopyCurrent
configure:13997: /android-ndk-r25b/toolchains/llvm/prebuilt/linux-x86_64/bin/aarch64-linux-android23-clang -o conftest -fPIC -I/python3-android/src/Python-3.11.6/Android/sysroot/usr/include -L/python3-android/src/Python-3.11.6/Android/sysroot/usr/lib -pie conftest.c  -Wl,-framework -Wl,CoreFoundation >&5
conftest.c:25:10: fatal error: 'CoreFoundation/CFLocale.h' file not found
#include <CoreFoundation/CFLocale.h>
         ^~~~~~~~~~~~~~~~~~~~~~~~~~~
1 error generated.
configure:13997: $? = 1
configure: failed program was:
| /* confdefs.h */
| #define PACKAGE_NAME "gdbm"
| #define PACKAGE_TARNAME "gdbm"
| #define PACKAGE_VERSION "1.23"
| #define PACKAGE_STRING "gdbm 1.23"
| #define PACKAGE_BUGREPORT "bug-gdbm@gnu.org"
| #define PACKAGE_URL "http://www.gnu.org/software/gdbm"
| #define PACKAGE "gdbm"
| #define VERSION "1.23"
| #define STDC_HEADERS 1
| #define HAVE_SYS_TYPES_H 1
| #define HAVE_SYS_STAT_H 1
| #define HAVE_STDLIB_H 1
| #define HAVE_STRING_H 1
| #define HAVE_MEMORY_H 1
| #define HAVE_STRINGS_H 1
| #define HAVE_INTTYPES_H 1
| #define HAVE_STDINT_H 1
| #define HAVE_UNISTD_H 1
| #define HAVE_DLFCN_H 1
| #define LT_OBJDIR ".libs/"
| #define HAVE_UNSIGNED_LONG_LONG_INT 1
| #define GDBM_THREAD_LOCAL __thread
| /* end confdefs.h.  */
| #include <CoreFoundation/CFLocale.h>
| int
| main ()
| {
| CFLocaleCopyCurrent();
|   ;
|   return 0;
| }
configure:14006: result: no
configure:14055: checking for GNU gettext in libc
configure:14084: /android-ndk-r25b/toolchains/llvm/prebuilt/linux-x86_64/bin/aarch64-linux-android23-clang -o conftest -fPIC -I/python3-android/src/Python-3.11.6/Android/sysroot/usr/include -L/python3-android/src/Python-3.11.6/Android/sysroot/usr/lib -pie conftest.c  >&5
conftest.c:26:10: fatal error: 'libintl.h' file not found
#include <libintl.h>
         ^~~~~~~~~~~
1 error generated.
configure:14084: $? = 1
configure: failed program was:
| /* confdefs.h */
| #define PACKAGE_NAME "gdbm"
| #define PACKAGE_TARNAME "gdbm"
| #define PACKAGE_VERSION "1.23"
| #define PACKAGE_STRING "gdbm 1.23"
| #define PACKAGE_BUGREPORT "bug-gdbm@gnu.org"
| #define PACKAGE_URL "http://www.gnu.org/software/gdbm"
| #define PACKAGE "gdbm"
| #define VERSION "1.23"
| #define STDC_HEADERS 1
| #define HAVE_SYS_TYPES_H 1
| #define HAVE_SYS_STAT_H 1
| #define HAVE_STDLIB_H 1
| #define HAVE_STRING_H 1
| #define HAVE_MEMORY_H 1
| #define HAVE_STRINGS_H 1
| #define HAVE_INTTYPES_H 1
| #define HAVE_STDINT_H 1
| #define HAVE_UNISTD_H 1
| #define HAVE_DLFCN_H 1
| #define LT_OBJDIR ".libs/"
| #define HAVE_UNSIGNED_LONG_LONG_INT 1
| #define GDBM_THREAD_LOCAL __thread
| /* end confdefs.h.  */
| 
| #include <libintl.h>
| #ifndef __GNU_GETTEXT_SUPPORTED_REVISION
| extern int _nl_msg_cat_cntr;
| extern int *_nl_domain_bindings;
| #define __GNU_GETTEXT_SYMBOL_EXPRESSION (_nl_msg_cat_cntr + *_nl_domain_bindings)
| #else
| #define __GNU_GETTEXT_SYMBOL_EXPRESSION 0
| #endif
| 
| 
| int
| main ()
| {
| 
| bindtextdomain ("", "");
| return * gettext ("") + * ngettext ("", "", 0) + __GNU_GETTEXT_SYMBOL_EXPRESSION
| 
|   ;
|   return 0;
| }
configure:14093: result: no
configure:14127: checking for iconv
configure:14151: /android-ndk-r25b/toolchains/llvm/prebuilt/linux-x86_64/bin/aarch64-linux-android23-clang -o conftest -fPIC -I/python3-android/src/Python-3.11.6/Android/sysroot/usr/include -L/python3-android/src/Python-3.11.6/Android/sysroot/usr/lib -pie conftest.c  >&5
conftest.c:32:14: warning: implicit declaration of function 'iconv_open' is invalid in C99 [-Wimplicit-function-declaration]
iconv_t cd = iconv_open("","");
             ^
conftest.c:32:9: warning: incompatible integer to pointer conversion initializing 'iconv_t' (aka 'struct __iconv_t *') with an expression of type 'int' [-Wint-conversion]
iconv_t cd = iconv_open("","");
        ^    ~~~~~~~~~~~~~~~~~
conftest.c:33:12: warning: implicit declaration of function 'iconv' is invalid in C99 [-Wimplicit-function-declaration]
           iconv(cd,NULL,NULL,NULL,NULL);
           ^
conftest.c:34:12: warning: implicit declaration of function 'iconv_close' is invalid in C99 [-Wimplicit-function-declaration]
           iconv_close(cd);
           ^
4 warnings generated.
ld: error: undefined symbol: iconv_open
>>> referenced by conftest.c
>>>               /tmp/conftest-748ae3.o:(main)

ld: error: undefined symbol: iconv
>>> referenced by conftest.c
>>>               /tmp/conftest-748ae3.o:(main)

ld: error: undefined symbol: iconv_close
>>> referenced by conftest.c
>>>               /tmp/conftest-748ae3.o:(main)
clang-14: error: linker command failed with exit code 1 (use -v to see invocation)
configure:14151: $? = 1
configure: failed program was:
| /* confdefs.h */
| #define PACKAGE_NAME "gdbm"
| #define PACKAGE_TARNAME "gdbm"
| #define PACKAGE_VERSION "1.23"
| #define PACKAGE_STRING "gdbm 1.23"
| #define PACKAGE_BUGREPORT "bug-gdbm@gnu.org"
| #define PACKAGE_URL "http://www.gnu.org/software/gdbm"
| #define PACKAGE "gdbm"
| #define VERSION "1.23"
| #define STDC_HEADERS 1
| #define HAVE_SYS_TYPES_H 1
| #define HAVE_SYS_STAT_H 1
| #define HAVE_STDLIB_H 1
| #define HAVE_STRING_H 1
| #define HAVE_MEMORY_H 1
| #define HAVE_STRINGS_H 1
| #define HAVE_INTTYPES_H 1
| #define HAVE_STDINT_H 1
| #define HAVE_UNISTD_H 1
| #define HAVE_DLFCN_H 1
| #define LT_OBJDIR ".libs/"
| #define HAVE_UNSIGNED_LONG_LONG_INT 1
| #define GDBM_THREAD_LOCAL __thread
| /* end confdefs.h.  */
| 
| #include <stdlib.h>
| #include <iconv.h>
| 
| int
| main ()
| {
| iconv_t cd = iconv_open("","");
|            iconv(cd,NULL,NULL,NULL,NULL);
|            iconv_close(cd);
|   ;
|   return 0;
| }
configure:14175: /android-ndk-r25b/toolchains/llvm/prebuilt/linux-x86_64/bin/aarch64-linux-android23-clang -o conftest -fPIC -I/python3-android/src/Python-3.11.6/Android/sysroot/usr/include -L/python3-android/src/Python-3.11.6/Android/sysroot/usr/lib -pie conftest.c  -liconv >&5
conftest.c:32:14: warning: implicit declaration of function 'iconv_open' is invalid in C99 [-Wimplicit-function-declaration]
iconv_t cd = iconv_open("","");
             ^
conftest.c:32:9: warning: incompatible integer to pointer conversion initializing 'iconv_t' (aka 'struct __iconv_t *') with an expression of type 'int' [-Wint-conversion]
iconv_t cd = iconv_open("","");
        ^    ~~~~~~~~~~~~~~~~~
conftest.c:33:14: warning: implicit declaration of function 'iconv' is invalid in C99 [-Wimplicit-function-declaration]
             iconv(cd,NULL,NULL,NULL,NULL);
             ^
conftest.c:34:14: warning: implicit declaration of function 'iconv_close' is invalid in C99 [-Wimplicit-function-declaration]
             iconv_close(cd);
             ^
4 warnings generated.
ld: error: unable to find library -liconv
clang-14: error: linker command failed with exit code 1 (use -v to see invocation)
configure:14175: $? = 1
configure: failed program was:
| /* confdefs.h */
| #define PACKAGE_NAME "gdbm"
| #define PACKAGE_TARNAME "gdbm"
| #define PACKAGE_VERSION "1.23"
| #define PACKAGE_STRING "gdbm 1.23"
| #define PACKAGE_BUGREPORT "bug-gdbm@gnu.org"
| #define PACKAGE_URL "http://www.gnu.org/software/gdbm"
| #define PACKAGE "gdbm"
| #define VERSION "1.23"
| #define STDC_HEADERS 1
| #define HAVE_SYS_TYPES_H 1
| #define HAVE_SYS_STAT_H 1
| #define HAVE_STDLIB_H 1
| #define HAVE_STRING_H 1
| #define HAVE_MEMORY_H 1
| #define HAVE_STRINGS_H 1
| #define HAVE_INTTYPES_H 1
| #define HAVE_STDINT_H 1
| #define HAVE_UNISTD_H 1
| #define HAVE_DLFCN_H 1
| #define LT_OBJDIR ".libs/"
| #define HAVE_UNSIGNED_LONG_LONG_INT 1
| #define GDBM_THREAD_LOCAL __thread
| /* end confdefs.h.  */
| 
| #include <stdlib.h>
| #include <iconv.h>
| 
| int
| main ()
| {
| iconv_t cd = iconv_open("","");
|              iconv(cd,NULL,NULL,NULL,NULL);
|              iconv_close(cd);
|   ;
|   return 0;
| }
configure:14185: result: no, consider installing GNU libiconv
configure:14818: checking for GNU gettext in libintl
configure:14855: /android-ndk-r25b/toolchains/llvm/prebuilt/linux-x86_64/bin/aarch64-linux-android23-clang -o conftest -fPIC -I/python3-android/src/Python-3.11.6/Android/sysroot/usr/include  -L/python3-android/src/Python-3.11.6/Android/sysroot/usr/lib -pie conftest.c  -lintl >&5
conftest.c:26:10: fatal error: 'libintl.h' file not found
#include <libintl.h>
         ^~~~~~~~~~~
1 error generated.
configure:14855: $? = 1
configure: failed program was:
| /* confdefs.h */
| #define PACKAGE_NAME "gdbm"
| #define PACKAGE_TARNAME "gdbm"
| #define PACKAGE_VERSION "1.23"
| #define PACKAGE_STRING "gdbm 1.23"
| #define PACKAGE_BUGREPORT "bug-gdbm@gnu.org"
| #define PACKAGE_URL "http://www.gnu.org/software/gdbm"
| #define PACKAGE "gdbm"
| #define VERSION "1.23"
| #define STDC_HEADERS 1
| #define HAVE_SYS_TYPES_H 1
| #define HAVE_SYS_STAT_H 1
| #define HAVE_STDLIB_H 1
| #define HAVE_STRING_H 1
| #define HAVE_MEMORY_H 1
| #define HAVE_STRINGS_H 1
| #define HAVE_INTTYPES_H 1
| #define HAVE_STDINT_H 1
| #define HAVE_UNISTD_H 1
| #define HAVE_DLFCN_H 1
| #define LT_OBJDIR ".libs/"
| #define HAVE_UNSIGNED_LONG_LONG_INT 1
| #define GDBM_THREAD_LOCAL __thread
| /* end confdefs.h.  */
| 
| #include <libintl.h>
| #ifndef __GNU_GETTEXT_SUPPORTED_REVISION
| extern int _nl_msg_cat_cntr;
| extern
| #ifdef __cplusplus
| "C"
| #endif
| const char *_nl_expand_alias (const char *);
| #define __GNU_GETTEXT_SYMBOL_EXPRESSION (_nl_msg_cat_cntr + *_nl_expand_alias (""))
| #else
| #define __GNU_GETTEXT_SYMBOL_EXPRESSION 0
| #endif
| 
| 
| int
| main ()
| {
| 
| bindtextdomain ("", "");
| return * gettext ("") + * ngettext ("", "", 0) + __GNU_GETTEXT_SYMBOL_EXPRESSION
| 
|   ;
|   return 0;
| }
configure:14905: result: no
configure:14940: checking whether to use NLS
configure:14942: result: no
configure:15019: checking sys/file.h usability
configure:15019: /android-ndk-r25b/toolchains/llvm/prebuilt/linux-x86_64/bin/aarch64-linux-android23-clang -c -fPIC -I/python3-android/src/Python-3.11.6/Android/sysroot/usr/include conftest.c >&5
configure:15019: $? = 0
configure:15019: result: yes
configure:15019: checking sys/file.h presence
configure:15019: /android-ndk-r25b/toolchains/llvm/prebuilt/linux-x86_64/bin/aarch64-linux-android23-clang -E -I/python3-android/src/Python-3.11.6/Android/sysroot/usr/include conftest.c
configure:15019: $? = 0
configure:15019: result: yes
configure:15019: checking for sys/file.h
configure:15019: result: yes
configure:15019: checking for string.h
configure:15019: result: yes
configure:15019: checking locale.h usability
configure:15019: /android-ndk-r25b/toolchains/llvm/prebuilt/linux-x86_64/bin/aarch64-linux-android23-clang -c -fPIC -I/python3-android/src/Python-3.11.6/Android/sysroot/usr/include conftest.c >&5
configure:15019: $? = 0
configure:15019: result: yes
configure:15019: checking locale.h presence
configure:15019: /android-ndk-r25b/toolchains/llvm/prebuilt/linux-x86_64/bin/aarch64-linux-android23-clang -E -I/python3-android/src/Python-3.11.6/Android/sysroot/usr/include conftest.c
configure:15019: $? = 0
configure:15019: result: yes
configure:15019: checking for locale.h
configure:15019: result: yes
configure:15019: checking getopt.h usability
configure:15019: /android-ndk-r25b/toolchains/llvm/prebuilt/linux-x86_64/bin/aarch64-linux-android23-clang -c -fPIC -I/python3-android/src/Python-3.11.6/Android/sysroot/usr/include conftest.c >&5
configure:15019: $? = 0
configure:15019: result: yes
configure:15019: checking getopt.h presence
configure:15019: /android-ndk-r25b/toolchains/llvm/prebuilt/linux-x86_64/bin/aarch64-linux-android23-clang -E -I/python3-android/src/Python-3.11.6/Android/sysroot/usr/include conftest.c
configure:15019: $? = 0
configure:15019: result: yes
configure:15019: checking for getopt.h
configure:15019: result: yes
configure:15033: checking for ftruncate
configure:15033: /android-ndk-r25b/toolchains/llvm/prebuilt/linux-x86_64/bin/aarch64-linux-android23-clang -o conftest -fPIC -I/python3-android/src/Python-3.11.6/Android/sysroot/usr/include -L/python3-android/src/Python-3.11.6/Android/sysroot/usr/lib -pie conftest.c  >&5
configure:15033: $? = 0
configure:15033: result: yes
configure:15033: checking for flock
configure:15033: /android-ndk-r25b/toolchains/llvm/prebuilt/linux-x86_64/bin/aarch64-linux-android23-clang -o conftest -fPIC -I/python3-android/src/Python-3.11.6/Android/sysroot/usr/include -L/python3-android/src/Python-3.11.6/Android/sysroot/usr/lib -pie conftest.c  >&5
configure:15033: $? = 0
configure:15033: result: yes
configure:15033: checking for lockf
configure:15033: /android-ndk-r25b/toolchains/llvm/prebuilt/linux-x86_64/bin/aarch64-linux-android23-clang -o conftest -fPIC -I/python3-android/src/Python-3.11.6/Android/sysroot/usr/include -L/python3-android/src/Python-3.11.6/Android/sysroot/usr/lib -pie conftest.c  >&5
ld: error: undefined symbol: lockf
>>> referenced by conftest.c
>>>               /tmp/conftest-ceced5.o:(main)
clang-14: error: linker command failed with exit code 1 (use -v to see invocation)
configure:15033: $? = 1
configure: failed program was:
| /* confdefs.h */
| #define PACKAGE_NAME "gdbm"
| #define PACKAGE_TARNAME "gdbm"
| #define PACKAGE_VERSION "1.23"
| #define PACKAGE_STRING "gdbm 1.23"
| #define PACKAGE_BUGREPORT "bug-gdbm@gnu.org"
| #define PACKAGE_URL "http://www.gnu.org/software/gdbm"
| #define PACKAGE "gdbm"
| #define VERSION "1.23"
| #define STDC_HEADERS 1
| #define HAVE_SYS_TYPES_H 1
| #define HAVE_SYS_STAT_H 1
| #define HAVE_STDLIB_H 1
| #define HAVE_STRING_H 1
| #define HAVE_MEMORY_H 1
| #define HAVE_STRINGS_H 1
| #define HAVE_INTTYPES_H 1
| #define HAVE_STDINT_H 1
| #define HAVE_UNISTD_H 1
| #define HAVE_DLFCN_H 1
| #define LT_OBJDIR ".libs/"
| #define HAVE_UNSIGNED_LONG_LONG_INT 1
| #define GDBM_THREAD_LOCAL __thread
| #define HAVE_SYS_FILE_H 1
| #define HAVE_STRING_H 1
| #define HAVE_LOCALE_H 1
| #define HAVE_GETOPT_H 1
| #define HAVE_FTRUNCATE 1
| #define HAVE_FLOCK 1
| /* end confdefs.h.  */
| /* Define lockf to an innocuous variant, in case <limits.h> declares lockf.
|    For example, HP-UX 11i <limits.h> declares gettimeofday.  */
| #define lockf innocuous_lockf
| 
| /* System header to define __stub macros and hopefully few prototypes,
|     which can conflict with char lockf (); below.
|     Prefer <limits.h> to <assert.h> if __STDC__ is defined, since
|     <limits.h> exists even on freestanding compilers.  */
| 
| #ifdef __STDC__
| # include <limits.h>
| #else
| # include <assert.h>
| #endif
| 
| #undef lockf
| 
| /* Override any GCC internal prototype to avoid an error.
|    Use char because int might match the return type of a GCC
|    builtin and then its argument prototype would still apply.  */
| #ifdef __cplusplus
| extern "C"
| #endif
| char lockf ();
| /* The GNU C library defines this for functions which it implements
|     to always fail with ENOSYS.  Some functions are actually named
|     something starting with __ and the normal name is an alias.  */
| #if defined __stub_lockf || defined __stub___lockf
| choke me
| #endif
| 
| int
| main ()
| {
| return lockf ();
|   ;
|   return 0;
| }
configure:15033: result: no
configure:15033: checking for fsync
configure:15033: /android-ndk-r25b/toolchains/llvm/prebuilt/linux-x86_64/bin/aarch64-linux-android23-clang -o conftest -fPIC -I/python3-android/src/Python-3.11.6/Android/sysroot/usr/include -L/python3-android/src/Python-3.11.6/Android/sysroot/usr/lib -pie conftest.c  >&5
configure:15033: $? = 0
configure:15033: result: yes
configure:15033: checking for setlocale
configure:15033: /android-ndk-r25b/toolchains/llvm/prebuilt/linux-x86_64/bin/aarch64-linux-android23-clang -o conftest -fPIC -I/python3-android/src/Python-3.11.6/Android/sysroot/usr/include -L/python3-android/src/Python-3.11.6/Android/sysroot/usr/lib -pie conftest.c  >&5
configure:15033: $? = 0
configure:15033: result: yes
configure:15033: checking for getopt_long
configure:15033: /android-ndk-r25b/toolchains/llvm/prebuilt/linux-x86_64/bin/aarch64-linux-android23-clang -o conftest -fPIC -I/python3-android/src/Python-3.11.6/Android/sysroot/usr/include -L/python3-android/src/Python-3.11.6/Android/sysroot/usr/lib -pie conftest.c  >&5
configure:15033: $? = 0
configure:15033: result: yes
configure:15051: checking for stdlib.h
configure:15051: result: yes
configure:15051: checking for unistd.h
configure:15051: result: yes
configure:15051: checking for sys/param.h
configure:15051: /android-ndk-r25b/toolchains/llvm/prebuilt/linux-x86_64/bin/aarch64-linux-android23-clang -c -fPIC -I/python3-android/src/Python-3.11.6/Android/sysroot/usr/include conftest.c >&5
configure:15051: $? = 0
configure:15051: result: yes
configure:15071: checking for getpagesize
configure:15071: /android-ndk-r25b/toolchains/llvm/prebuilt/linux-x86_64/bin/aarch64-linux-android23-clang -o conftest -fPIC -I/python3-android/src/Python-3.11.6/Android/sysroot/usr/include -L/python3-android/src/Python-3.11.6/Android/sysroot/usr/lib -pie conftest.c  >&5
configure:15071: $? = 0
configure:15071: result: yes
configure:15080: checking for working mmap
configure:15237: result: no
configure:15248: checking for msync
configure:15248: /android-ndk-r25b/toolchains/llvm/prebuilt/linux-x86_64/bin/aarch64-linux-android23-clang -o conftest -fPIC -I/python3-android/src/Python-3.11.6/Android/sysroot/usr/include -L/python3-android/src/Python-3.11.6/Android/sysroot/usr/lib -pie conftest.c  >&5
configure:15248: $? = 0
configure:15248: result: yes
configure:15258: checking for off_t
configure:15258: /android-ndk-r25b/toolchains/llvm/prebuilt/linux-x86_64/bin/aarch64-linux-android23-clang -c -fPIC -I/python3-android/src/Python-3.11.6/Android/sysroot/usr/include conftest.c >&5
configure:15258: $? = 0
configure:15258: /android-ndk-r25b/toolchains/llvm/prebuilt/linux-x86_64/bin/aarch64-linux-android23-clang -c -fPIC -I/python3-android/src/Python-3.11.6/Android/sysroot/usr/include conftest.c >&5
conftest.c:75:20: error: expected expression
if (sizeof ((off_t)))
                   ^
1 error generated.
configure:15258: $? = 1
configure: failed program was:
| /* confdefs.h */
| #define PACKAGE_NAME "gdbm"
| #define PACKAGE_TARNAME "gdbm"
| #define PACKAGE_VERSION "1.23"
| #define PACKAGE_STRING "gdbm 1.23"
| #define PACKAGE_BUGREPORT "bug-gdbm@gnu.org"
| #define PACKAGE_URL "http://www.gnu.org/software/gdbm"
| #define PACKAGE "gdbm"
| #define VERSION "1.23"
| #define STDC_HEADERS 1
| #define HAVE_SYS_TYPES_H 1
| #define HAVE_SYS_STAT_H 1
| #define HAVE_STDLIB_H 1
| #define HAVE_STRING_H 1
| #define HAVE_MEMORY_H 1
| #define HAVE_STRINGS_H 1
| #define HAVE_INTTYPES_H 1
| #define HAVE_STDINT_H 1
| #define HAVE_UNISTD_H 1
| #define HAVE_DLFCN_H 1
| #define LT_OBJDIR ".libs/"
| #define HAVE_UNSIGNED_LONG_LONG_INT 1
| #define GDBM_THREAD_LOCAL __thread
| #define HAVE_SYS_FILE_H 1
| #define HAVE_STRING_H 1
| #define HAVE_LOCALE_H 1
| #define HAVE_GETOPT_H 1
| #define HAVE_FTRUNCATE 1
| #define HAVE_FLOCK 1
| #define HAVE_FSYNC 1
| #define HAVE_SETLOCALE 1
| #define HAVE_GETOPT_LONG 1
| #define HAVE_STDLIB_H 1
| #define HAVE_UNISTD_H 1
| #define HAVE_SYS_PARAM_H 1
| #define HAVE_GETPAGESIZE 1
| #define HAVE_MSYNC 1
| /* end confdefs.h.  */
| #include <stdio.h>
| #ifdef HAVE_SYS_TYPES_H
| # include <sys/types.h>
| #endif
| #ifdef HAVE_SYS_STAT_H
| # include <sys/stat.h>
| #endif
| #ifdef STDC_HEADERS
| # include <stdlib.h>
| # include <stddef.h>
| #else
| # ifdef HAVE_STDLIB_H
| #  include <stdlib.h>
| # endif
| #endif
| #ifdef HAVE_STRING_H
| # if !defined STDC_HEADERS && defined HAVE_MEMORY_H
| #  include <memory.h>
| # endif
| # include <string.h>
| #endif
| #ifdef HAVE_STRINGS_H
| # include <strings.h>
| #endif
| #ifdef HAVE_INTTYPES_H
| # include <inttypes.h>
| #endif
| #ifdef HAVE_STDINT_H
| # include <stdint.h>
| #endif
| #ifdef HAVE_UNISTD_H
| # include <unistd.h>
| #endif
| int
| main ()
| {
| if (sizeof ((off_t)))
| 	    return 0;
|   ;
|   return 0;
| }
configure:15258: result: yes
configure:15273: checking size of off_t
configure:15278: /android-ndk-r25b/toolchains/llvm/prebuilt/linux-x86_64/bin/aarch64-linux-android23-clang -c -fPIC -I/python3-android/src/Python-3.11.6/Android/sysroot/usr/include conftest.c >&5
configure:15278: $? = 0
configure:15278: /android-ndk-r25b/toolchains/llvm/prebuilt/linux-x86_64/bin/aarch64-linux-android23-clang -c -fPIC -I/python3-android/src/Python-3.11.6/Android/sysroot/usr/include conftest.c >&5
conftest.c:75:24: error: 'test_array' declared as an array with a negative size
static int test_array [1 - 2 * !(((long int) (sizeof (off_t))) <= 0)];
                       ^~~~~~~~~~~~~~~~~~~~~~~~~~~~~~~~~~~~~~~~~~~~~
1 error generated.
configure:15278: $? = 1
configure: failed program was:
| /* confdefs.h */
| #define PACKAGE_NAME "gdbm"
| #define PACKAGE_TARNAME "gdbm"
| #define PACKAGE_VERSION "1.23"
| #define PACKAGE_STRING "gdbm 1.23"
| #define PACKAGE_BUGREPORT "bug-gdbm@gnu.org"
| #define PACKAGE_URL "http://www.gnu.org/software/gdbm"
| #define PACKAGE "gdbm"
| #define VERSION "1.23"
| #define STDC_HEADERS 1
| #define HAVE_SYS_TYPES_H 1
| #define HAVE_SYS_STAT_H 1
| #define HAVE_STDLIB_H 1
| #define HAVE_STRING_H 1
| #define HAVE_MEMORY_H 1
| #define HAVE_STRINGS_H 1
| #define HAVE_INTTYPES_H 1
| #define HAVE_STDINT_H 1
| #define HAVE_UNISTD_H 1
| #define HAVE_DLFCN_H 1
| #define LT_OBJDIR ".libs/"
| #define HAVE_UNSIGNED_LONG_LONG_INT 1
| #define GDBM_THREAD_LOCAL __thread
| #define HAVE_SYS_FILE_H 1
| #define HAVE_STRING_H 1
| #define HAVE_LOCALE_H 1
| #define HAVE_GETOPT_H 1
| #define HAVE_FTRUNCATE 1
| #define HAVE_FLOCK 1
| #define HAVE_FSYNC 1
| #define HAVE_SETLOCALE 1
| #define HAVE_GETOPT_LONG 1
| #define HAVE_STDLIB_H 1
| #define HAVE_UNISTD_H 1
| #define HAVE_SYS_PARAM_H 1
| #define HAVE_GETPAGESIZE 1
| #define HAVE_MSYNC 1
| /* end confdefs.h.  */
| #include <stdio.h>
| #ifdef HAVE_SYS_TYPES_H
| # include <sys/types.h>
| #endif
| #ifdef HAVE_SYS_STAT_H
| # include <sys/stat.h>
| #endif
| #ifdef STDC_HEADERS
| # include <stdlib.h>
| # include <stddef.h>
| #else
| # ifdef HAVE_STDLIB_H
| #  include <stdlib.h>
| # endif
| #endif
| #ifdef HAVE_STRING_H
| # if !defined STDC_HEADERS && defined HAVE_MEMORY_H
| #  include <memory.h>
| # endif
| # include <string.h>
| #endif
| #ifdef HAVE_STRINGS_H
| # include <strings.h>
| #endif
| #ifdef HAVE_INTTYPES_H
| # include <inttypes.h>
| #endif
| #ifdef HAVE_STDINT_H
| # include <stdint.h>
| #endif
| #ifdef HAVE_UNISTD_H
| # include <unistd.h>
| #endif
| int
| main ()
| {
| static int test_array [1 - 2 * !(((long int) (sizeof (off_t))) <= 0)];
| test_array [0] = 0;
| return test_array [0];
| 
|   ;
|   return 0;
| }
configure:15278: /android-ndk-r25b/toolchains/llvm/prebuilt/linux-x86_64/bin/aarch64-linux-android23-clang -c -fPIC -I/python3-android/src/Python-3.11.6/Android/sysroot/usr/include conftest.c >&5
conftest.c:75:24: error: 'test_array' declared as an array with a negative size
static int test_array [1 - 2 * !(((long int) (sizeof (off_t))) <= 1)];
                       ^~~~~~~~~~~~~~~~~~~~~~~~~~~~~~~~~~~~~~~~~~~~~
1 error generated.
configure:15278: $? = 1
configure: failed program was:
| /* confdefs.h */
| #define PACKAGE_NAME "gdbm"
| #define PACKAGE_TARNAME "gdbm"
| #define PACKAGE_VERSION "1.23"
| #define PACKAGE_STRING "gdbm 1.23"
| #define PACKAGE_BUGREPORT "bug-gdbm@gnu.org"
| #define PACKAGE_URL "http://www.gnu.org/software/gdbm"
| #define PACKAGE "gdbm"
| #define VERSION "1.23"
| #define STDC_HEADERS 1
| #define HAVE_SYS_TYPES_H 1
| #define HAVE_SYS_STAT_H 1
| #define HAVE_STDLIB_H 1
| #define HAVE_STRING_H 1
| #define HAVE_MEMORY_H 1
| #define HAVE_STRINGS_H 1
| #define HAVE_INTTYPES_H 1
| #define HAVE_STDINT_H 1
| #define HAVE_UNISTD_H 1
| #define HAVE_DLFCN_H 1
| #define LT_OBJDIR ".libs/"
| #define HAVE_UNSIGNED_LONG_LONG_INT 1
| #define GDBM_THREAD_LOCAL __thread
| #define HAVE_SYS_FILE_H 1
| #define HAVE_STRING_H 1
| #define HAVE_LOCALE_H 1
| #define HAVE_GETOPT_H 1
| #define HAVE_FTRUNCATE 1
| #define HAVE_FLOCK 1
| #define HAVE_FSYNC 1
| #define HAVE_SETLOCALE 1
| #define HAVE_GETOPT_LONG 1
| #define HAVE_STDLIB_H 1
| #define HAVE_UNISTD_H 1
| #define HAVE_SYS_PARAM_H 1
| #define HAVE_GETPAGESIZE 1
| #define HAVE_MSYNC 1
| /* end confdefs.h.  */
| #include <stdio.h>
| #ifdef HAVE_SYS_TYPES_H
| # include <sys/types.h>
| #endif
| #ifdef HAVE_SYS_STAT_H
| # include <sys/stat.h>
| #endif
| #ifdef STDC_HEADERS
| # include <stdlib.h>
| # include <stddef.h>
| #else
| # ifdef HAVE_STDLIB_H
| #  include <stdlib.h>
| # endif
| #endif
| #ifdef HAVE_STRING_H
| # if !defined STDC_HEADERS && defined HAVE_MEMORY_H
| #  include <memory.h>
| # endif
| # include <string.h>
| #endif
| #ifdef HAVE_STRINGS_H
| # include <strings.h>
| #endif
| #ifdef HAVE_INTTYPES_H
| # include <inttypes.h>
| #endif
| #ifdef HAVE_STDINT_H
| # include <stdint.h>
| #endif
| #ifdef HAVE_UNISTD_H
| # include <unistd.h>
| #endif
| int
| main ()
| {
| static int test_array [1 - 2 * !(((long int) (sizeof (off_t))) <= 1)];
| test_array [0] = 0;
| return test_array [0];
| 
|   ;
|   return 0;
| }
configure:15278: /android-ndk-r25b/toolchains/llvm/prebuilt/linux-x86_64/bin/aarch64-linux-android23-clang -c -fPIC -I/python3-android/src/Python-3.11.6/Android/sysroot/usr/include conftest.c >&5
conftest.c:75:24: error: 'test_array' declared as an array with a negative size
static int test_array [1 - 2 * !(((long int) (sizeof (off_t))) <= 3)];
                       ^~~~~~~~~~~~~~~~~~~~~~~~~~~~~~~~~~~~~~~~~~~~~
1 error generated.
configure:15278: $? = 1
configure: failed program was:
| /* confdefs.h */
| #define PACKAGE_NAME "gdbm"
| #define PACKAGE_TARNAME "gdbm"
| #define PACKAGE_VERSION "1.23"
| #define PACKAGE_STRING "gdbm 1.23"
| #define PACKAGE_BUGREPORT "bug-gdbm@gnu.org"
| #define PACKAGE_URL "http://www.gnu.org/software/gdbm"
| #define PACKAGE "gdbm"
| #define VERSION "1.23"
| #define STDC_HEADERS 1
| #define HAVE_SYS_TYPES_H 1
| #define HAVE_SYS_STAT_H 1
| #define HAVE_STDLIB_H 1
| #define HAVE_STRING_H 1
| #define HAVE_MEMORY_H 1
| #define HAVE_STRINGS_H 1
| #define HAVE_INTTYPES_H 1
| #define HAVE_STDINT_H 1
| #define HAVE_UNISTD_H 1
| #define HAVE_DLFCN_H 1
| #define LT_OBJDIR ".libs/"
| #define HAVE_UNSIGNED_LONG_LONG_INT 1
| #define GDBM_THREAD_LOCAL __thread
| #define HAVE_SYS_FILE_H 1
| #define HAVE_STRING_H 1
| #define HAVE_LOCALE_H 1
| #define HAVE_GETOPT_H 1
| #define HAVE_FTRUNCATE 1
| #define HAVE_FLOCK 1
| #define HAVE_FSYNC 1
| #define HAVE_SETLOCALE 1
| #define HAVE_GETOPT_LONG 1
| #define HAVE_STDLIB_H 1
| #define HAVE_UNISTD_H 1
| #define HAVE_SYS_PARAM_H 1
| #define HAVE_GETPAGESIZE 1
| #define HAVE_MSYNC 1
| /* end confdefs.h.  */
| #include <stdio.h>
| #ifdef HAVE_SYS_TYPES_H
| # include <sys/types.h>
| #endif
| #ifdef HAVE_SYS_STAT_H
| # include <sys/stat.h>
| #endif
| #ifdef STDC_HEADERS
| # include <stdlib.h>
| # include <stddef.h>
| #else
| # ifdef HAVE_STDLIB_H
| #  include <stdlib.h>
| # endif
| #endif
| #ifdef HAVE_STRING_H
| # if !defined STDC_HEADERS && defined HAVE_MEMORY_H
| #  include <memory.h>
| # endif
| # include <string.h>
| #endif
| #ifdef HAVE_STRINGS_H
| # include <strings.h>
| #endif
| #ifdef HAVE_INTTYPES_H
| # include <inttypes.h>
| #endif
| #ifdef HAVE_STDINT_H
| # include <stdint.h>
| #endif
| #ifdef HAVE_UNISTD_H
| # include <unistd.h>
| #endif
| int
| main ()
| {
| static int test_array [1 - 2 * !(((long int) (sizeof (off_t))) <= 3)];
| test_array [0] = 0;
| return test_array [0];
| 
|   ;
|   return 0;
| }
configure:15278: /android-ndk-r25b/toolchains/llvm/prebuilt/linux-x86_64/bin/aarch64-linux-android23-clang -c -fPIC -I/python3-android/src/Python-3.11.6/Android/sysroot/usr/include conftest.c >&5
conftest.c:75:24: error: 'test_array' declared as an array with a negative size
static int test_array [1 - 2 * !(((long int) (sizeof (off_t))) <= 7)];
                       ^~~~~~~~~~~~~~~~~~~~~~~~~~~~~~~~~~~~~~~~~~~~~
1 error generated.
configure:15278: $? = 1
configure: failed program was:
| /* confdefs.h */
| #define PACKAGE_NAME "gdbm"
| #define PACKAGE_TARNAME "gdbm"
| #define PACKAGE_VERSION "1.23"
| #define PACKAGE_STRING "gdbm 1.23"
| #define PACKAGE_BUGREPORT "bug-gdbm@gnu.org"
| #define PACKAGE_URL "http://www.gnu.org/software/gdbm"
| #define PACKAGE "gdbm"
| #define VERSION "1.23"
| #define STDC_HEADERS 1
| #define HAVE_SYS_TYPES_H 1
| #define HAVE_SYS_STAT_H 1
| #define HAVE_STDLIB_H 1
| #define HAVE_STRING_H 1
| #define HAVE_MEMORY_H 1
| #define HAVE_STRINGS_H 1
| #define HAVE_INTTYPES_H 1
| #define HAVE_STDINT_H 1
| #define HAVE_UNISTD_H 1
| #define HAVE_DLFCN_H 1
| #define LT_OBJDIR ".libs/"
| #define HAVE_UNSIGNED_LONG_LONG_INT 1
| #define GDBM_THREAD_LOCAL __thread
| #define HAVE_SYS_FILE_H 1
| #define HAVE_STRING_H 1
| #define HAVE_LOCALE_H 1
| #define HAVE_GETOPT_H 1
| #define HAVE_FTRUNCATE 1
| #define HAVE_FLOCK 1
| #define HAVE_FSYNC 1
| #define HAVE_SETLOCALE 1
| #define HAVE_GETOPT_LONG 1
| #define HAVE_STDLIB_H 1
| #define HAVE_UNISTD_H 1
| #define HAVE_SYS_PARAM_H 1
| #define HAVE_GETPAGESIZE 1
| #define HAVE_MSYNC 1
| /* end confdefs.h.  */
| #include <stdio.h>
| #ifdef HAVE_SYS_TYPES_H
| # include <sys/types.h>
| #endif
| #ifdef HAVE_SYS_STAT_H
| # include <sys/stat.h>
| #endif
| #ifdef STDC_HEADERS
| # include <stdlib.h>
| # include <stddef.h>
| #else
| # ifdef HAVE_STDLIB_H
| #  include <stdlib.h>
| # endif
| #endif
| #ifdef HAVE_STRING_H
| # if !defined STDC_HEADERS && defined HAVE_MEMORY_H
| #  include <memory.h>
| # endif
| # include <string.h>
| #endif
| #ifdef HAVE_STRINGS_H
| # include <strings.h>
| #endif
| #ifdef HAVE_INTTYPES_H
| # include <inttypes.h>
| #endif
| #ifdef HAVE_STDINT_H
| # include <stdint.h>
| #endif
| #ifdef HAVE_UNISTD_H
| # include <unistd.h>
| #endif
| int
| main ()
| {
| static int test_array [1 - 2 * !(((long int) (sizeof (off_t))) <= 7)];
| test_array [0] = 0;
| return test_array [0];
| 
|   ;
|   return 0;
| }
configure:15278: /android-ndk-r25b/toolchains/llvm/prebuilt/linux-x86_64/bin/aarch64-linux-android23-clang -c -fPIC -I/python3-android/src/Python-3.11.6/Android/sysroot/usr/include conftest.c >&5
configure:15278: $? = 0
configure:15278: /android-ndk-r25b/toolchains/llvm/prebuilt/linux-x86_64/bin/aarch64-linux-android23-clang -c -fPIC -I/python3-android/src/Python-3.11.6/Android/sysroot/usr/include conftest.c >&5
configure:15278: $? = 0
configure:15278: /android-ndk-r25b/toolchains/llvm/prebuilt/linux-x86_64/bin/aarch64-linux-android23-clang -c -fPIC -I/python3-android/src/Python-3.11.6/Android/sysroot/usr/include conftest.c >&5
configure:15278: $? = 0
configure:15278: /android-ndk-r25b/toolchains/llvm/prebuilt/linux-x86_64/bin/aarch64-linux-android23-clang -c -fPIC -I/python3-android/src/Python-3.11.6/Android/sysroot/usr/include conftest.c >&5
configure:15278: $? = 0
configure:15292: result: 8
configure:15302: checking for struct stat.st_blksize
configure:15302: /android-ndk-r25b/toolchains/llvm/prebuilt/linux-x86_64/bin/aarch64-linux-android23-clang -c -fPIC -I/python3-android/src/Python-3.11.6/Android/sysroot/usr/include conftest.c >&5
configure:15302: $? = 0
configure:15302: result: yes
configure:15313: checking for struct stat.st_mtim
configure:15313: /android-ndk-r25b/toolchains/llvm/prebuilt/linux-x86_64/bin/aarch64-linux-android23-clang -c -fPIC -I/python3-android/src/Python-3.11.6/Android/sysroot/usr/include conftest.c >&5
conftest.c:48:1: error: statement requires expression of scalar type ('struct timespec' invalid)
if (ac_aggr.st_mtim)
^   ~~~~~~~~~~~~~~~
1 error generated.
configure:15313: $? = 1
configure: failed program was:
| /* confdefs.h */
| #define PACKAGE_NAME "gdbm"
| #define PACKAGE_TARNAME "gdbm"
| #define PACKAGE_VERSION "1.23"
| #define PACKAGE_STRING "gdbm 1.23"
| #define PACKAGE_BUGREPORT "bug-gdbm@gnu.org"
| #define PACKAGE_URL "http://www.gnu.org/software/gdbm"
| #define PACKAGE "gdbm"
| #define VERSION "1.23"
| #define STDC_HEADERS 1
| #define HAVE_SYS_TYPES_H 1
| #define HAVE_SYS_STAT_H 1
| #define HAVE_STDLIB_H 1
| #define HAVE_STRING_H 1
| #define HAVE_MEMORY_H 1
| #define HAVE_STRINGS_H 1
| #define HAVE_INTTYPES_H 1
| #define HAVE_STDINT_H 1
| #define HAVE_UNISTD_H 1
| #define HAVE_DLFCN_H 1
| #define LT_OBJDIR ".libs/"
| #define HAVE_UNSIGNED_LONG_LONG_INT 1
| #define GDBM_THREAD_LOCAL __thread
| #define HAVE_SYS_FILE_H 1
| #define HAVE_STRING_H 1
| #define HAVE_LOCALE_H 1
| #define HAVE_GETOPT_H 1
| #define HAVE_FTRUNCATE 1
| #define HAVE_FLOCK 1
| #define HAVE_FSYNC 1
| #define HAVE_SETLOCALE 1
| #define HAVE_GETOPT_LONG 1
| #define HAVE_STDLIB_H 1
| #define HAVE_UNISTD_H 1
| #define HAVE_SYS_PARAM_H 1
| #define HAVE_GETPAGESIZE 1
| #define HAVE_MSYNC 1
| #define SIZEOF_OFF_T 8
| #define HAVE_STRUCT_STAT_ST_BLKSIZE 1
| /* end confdefs.h.  */
| #include <sys/types.h>
| 	          #include <sys/stat.h>
| 
| int
| main ()
| {
| static struct stat ac_aggr;
| if (ac_aggr.st_mtim)
| return 0;
|   ;
|   return 0;
| }
configure:15313: /android-ndk-r25b/toolchains/llvm/prebuilt/linux-x86_64/bin/aarch64-linux-android23-clang -c -fPIC -I/python3-android/src/Python-3.11.6/Android/sysroot/usr/include conftest.c >&5
configure:15313: $? = 0
configure:15313: result: yes
configure:15324: checking for struct stat.st_mtimespec
configure:15324: /android-ndk-r25b/toolchains/llvm/prebuilt/linux-x86_64/bin/aarch64-linux-android23-clang -c -fPIC -I/python3-android/src/Python-3.11.6/Android/sysroot/usr/include conftest.c >&5
conftest.c:49:13: error: no member named 'st_mtimespec' in 'struct stat'
if (ac_aggr.st_mtimespec)
    ~~~~~~~ ^
1 error generated.
configure:15324: $? = 1
configure: failed program was:
| /* confdefs.h */
| #define PACKAGE_NAME "gdbm"
| #define PACKAGE_TARNAME "gdbm"
| #define PACKAGE_VERSION "1.23"
| #define PACKAGE_STRING "gdbm 1.23"
| #define PACKAGE_BUGREPORT "bug-gdbm@gnu.org"
| #define PACKAGE_URL "http://www.gnu.org/software/gdbm"
| #define PACKAGE "gdbm"
| #define VERSION "1.23"
| #define STDC_HEADERS 1
| #define HAVE_SYS_TYPES_H 1
| #define HAVE_SYS_STAT_H 1
| #define HAVE_STDLIB_H 1
| #define HAVE_STRING_H 1
| #define HAVE_MEMORY_H 1
| #define HAVE_STRINGS_H 1
| #define HAVE_INTTYPES_H 1
| #define HAVE_STDINT_H 1
| #define HAVE_UNISTD_H 1
| #define HAVE_DLFCN_H 1
| #define LT_OBJDIR ".libs/"
| #define HAVE_UNSIGNED_LONG_LONG_INT 1
| #define GDBM_THREAD_LOCAL __thread
| #define HAVE_SYS_FILE_H 1
| #define HAVE_STRING_H 1
| #define HAVE_LOCALE_H 1
| #define HAVE_GETOPT_H 1
| #define HAVE_FTRUNCATE 1
| #define HAVE_FLOCK 1
| #define HAVE_FSYNC 1
| #define HAVE_SETLOCALE 1
| #define HAVE_GETOPT_LONG 1
| #define HAVE_STDLIB_H 1
| #define HAVE_UNISTD_H 1
| #define HAVE_SYS_PARAM_H 1
| #define HAVE_GETPAGESIZE 1
| #define HAVE_MSYNC 1
| #define SIZEOF_OFF_T 8
| #define HAVE_STRUCT_STAT_ST_BLKSIZE 1
| #define HAVE_STRUCT_STAT_ST_MTIM 1
| /* end confdefs.h.  */
| #include <sys/types.h>
| 	          #include <sys/stat.h>
| 
| int
| main ()
| {
| static struct stat ac_aggr;
| if (ac_aggr.st_mtimespec)
| return 0;
|   ;
|   return 0;
| }
configure:15324: /android-ndk-r25b/toolchains/llvm/prebuilt/linux-x86_64/bin/aarch64-linux-android23-clang -c -fPIC -I/python3-android/src/Python-3.11.6/Android/sysroot/usr/include conftest.c >&5
conftest.c:49:20: error: no member named 'st_mtimespec' in 'struct stat'
if (sizeof ac_aggr.st_mtimespec)
           ~~~~~~~ ^
1 error generated.
configure:15324: $? = 1
configure: failed program was:
| /* confdefs.h */
| #define PACKAGE_NAME "gdbm"
| #define PACKAGE_TARNAME "gdbm"
| #define PACKAGE_VERSION "1.23"
| #define PACKAGE_STRING "gdbm 1.23"
| #define PACKAGE_BUGREPORT "bug-gdbm@gnu.org"
| #define PACKAGE_URL "http://www.gnu.org/software/gdbm"
| #define PACKAGE "gdbm"
| #define VERSION "1.23"
| #define STDC_HEADERS 1
| #define HAVE_SYS_TYPES_H 1
| #define HAVE_SYS_STAT_H 1
| #define HAVE_STDLIB_H 1
| #define HAVE_STRING_H 1
| #define HAVE_MEMORY_H 1
| #define HAVE_STRINGS_H 1
| #define HAVE_INTTYPES_H 1
| #define HAVE_STDINT_H 1
| #define HAVE_UNISTD_H 1
| #define HAVE_DLFCN_H 1
| #define LT_OBJDIR ".libs/"
| #define HAVE_UNSIGNED_LONG_LONG_INT 1
| #define GDBM_THREAD_LOCAL __thread
| #define HAVE_SYS_FILE_H 1
| #define HAVE_STRING_H 1
| #define HAVE_LOCALE_H 1
| #define HAVE_GETOPT_H 1
| #define HAVE_FTRUNCATE 1
| #define HAVE_FLOCK 1
| #define HAVE_FSYNC 1
| #define HAVE_SETLOCALE 1
| #define HAVE_GETOPT_LONG 1
| #define HAVE_STDLIB_H 1
| #define HAVE_UNISTD_H 1
| #define HAVE_SYS_PARAM_H 1
| #define HAVE_GETPAGESIZE 1
| #define HAVE_MSYNC 1
| #define SIZEOF_OFF_T 8
| #define HAVE_STRUCT_STAT_ST_BLKSIZE 1
| #define HAVE_STRUCT_STAT_ST_MTIM 1
| /* end confdefs.h.  */
| #include <sys/types.h>
| 	          #include <sys/stat.h>
| 
| int
| main ()
| {
| static struct stat ac_aggr;
| if (sizeof ac_aggr.st_mtimespec)
| return 0;
|   ;
|   return 0;
| }
configure:15324: result: no
configure:15350: checking for tputs in -lncurses
configure:15375: /android-ndk-r25b/toolchains/llvm/prebuilt/linux-x86_64/bin/aarch64-linux-android23-clang -o conftest -fPIC -I/python3-android/src/Python-3.11.6/Android/sysroot/usr/include -L/python3-android/src/Python-3.11.6/Android/sysroot/usr/lib -pie conftest.c -lncurses   >&5
ld: error: unable to find library -lncurses
clang-14: error: linker command failed with exit code 1 (use -v to see invocation)
configure:15375: $? = 1
configure: failed program was:
| /* confdefs.h */
| #define PACKAGE_NAME "gdbm"
| #define PACKAGE_TARNAME "gdbm"
| #define PACKAGE_VERSION "1.23"
| #define PACKAGE_STRING "gdbm 1.23"
| #define PACKAGE_BUGREPORT "bug-gdbm@gnu.org"
| #define PACKAGE_URL "http://www.gnu.org/software/gdbm"
| #define PACKAGE "gdbm"
| #define VERSION "1.23"
| #define STDC_HEADERS 1
| #define HAVE_SYS_TYPES_H 1
| #define HAVE_SYS_STAT_H 1
| #define HAVE_STDLIB_H 1
| #define HAVE_STRING_H 1
| #define HAVE_MEMORY_H 1
| #define HAVE_STRINGS_H 1
| #define HAVE_INTTYPES_H 1
| #define HAVE_STDINT_H 1
| #define HAVE_UNISTD_H 1
| #define HAVE_DLFCN_H 1
| #define LT_OBJDIR ".libs/"
| #define HAVE_UNSIGNED_LONG_LONG_INT 1
| #define GDBM_THREAD_LOCAL __thread
| #define HAVE_SYS_FILE_H 1
| #define HAVE_STRING_H 1
| #define HAVE_LOCALE_H 1
| #define HAVE_GETOPT_H 1
| #define HAVE_FTRUNCATE 1
| #define HAVE_FLOCK 1
| #define HAVE_FSYNC 1
| #define HAVE_SETLOCALE 1
| #define HAVE_GETOPT_LONG 1
| #define HAVE_STDLIB_H 1
| #define HAVE_UNISTD_H 1
| #define HAVE_SYS_PARAM_H 1
| #define HAVE_GETPAGESIZE 1
| #define HAVE_MSYNC 1
| #define SIZEOF_OFF_T 8
| #define HAVE_STRUCT_STAT_ST_BLKSIZE 1
| #define HAVE_STRUCT_STAT_ST_MTIM 1
| /* end confdefs.h.  */
| 
| /* Override any GCC internal prototype to avoid an error.
|    Use char because int might match the return type of a GCC
|    builtin and then its argument prototype would still apply.  */
| #ifdef __cplusplus
| extern "C"
| #endif
| char tputs ();
| int
| main ()
| {
| return tputs ();
|   ;
|   return 0;
| }
configure:15385: result: no
configure:15350: checking for tputs in -lcurses
configure:15375: /android-ndk-r25b/toolchains/llvm/prebuilt/linux-x86_64/bin/aarch64-linux-android23-clang -o conftest -fPIC -I/python3-android/src/Python-3.11.6/Android/sysroot/usr/include -L/python3-android/src/Python-3.11.6/Android/sysroot/usr/lib -pie conftest.c -lcurses   >&5
ld: error: unable to find library -lcurses
clang-14: error: linker command failed with exit code 1 (use -v to see invocation)
configure:15375: $? = 1
configure: failed program was:
| /* confdefs.h */
| #define PACKAGE_NAME "gdbm"
| #define PACKAGE_TARNAME "gdbm"
| #define PACKAGE_VERSION "1.23"
| #define PACKAGE_STRING "gdbm 1.23"
| #define PACKAGE_BUGREPORT "bug-gdbm@gnu.org"
| #define PACKAGE_URL "http://www.gnu.org/software/gdbm"
| #define PACKAGE "gdbm"
| #define VERSION "1.23"
| #define STDC_HEADERS 1
| #define HAVE_SYS_TYPES_H 1
| #define HAVE_SYS_STAT_H 1
| #define HAVE_STDLIB_H 1
| #define HAVE_STRING_H 1
| #define HAVE_MEMORY_H 1
| #define HAVE_STRINGS_H 1
| #define HAVE_INTTYPES_H 1
| #define HAVE_STDINT_H 1
| #define HAVE_UNISTD_H 1
| #define HAVE_DLFCN_H 1
| #define LT_OBJDIR ".libs/"
| #define HAVE_UNSIGNED_LONG_LONG_INT 1
| #define GDBM_THREAD_LOCAL __thread
| #define HAVE_SYS_FILE_H 1
| #define HAVE_STRING_H 1
| #define HAVE_LOCALE_H 1
| #define HAVE_GETOPT_H 1
| #define HAVE_FTRUNCATE 1
| #define HAVE_FLOCK 1
| #define HAVE_FSYNC 1
| #define HAVE_SETLOCALE 1
| #define HAVE_GETOPT_LONG 1
| #define HAVE_STDLIB_H 1
| #define HAVE_UNISTD_H 1
| #define HAVE_SYS_PARAM_H 1
| #define HAVE_GETPAGESIZE 1
| #define HAVE_MSYNC 1
| #define SIZEOF_OFF_T 8
| #define HAVE_STRUCT_STAT_ST_BLKSIZE 1
| #define HAVE_STRUCT_STAT_ST_MTIM 1
| /* end confdefs.h.  */
| 
| /* Override any GCC internal prototype to avoid an error.
|    Use char because int might match the return type of a GCC
|    builtin and then its argument prototype would still apply.  */
| #ifdef __cplusplus
| extern "C"
| #endif
| char tputs ();
| int
| main ()
| {
| return tputs ();
|   ;
|   return 0;
| }
configure:15385: result: no
configure:15350: checking for tputs in -ltermcap
configure:15375: /android-ndk-r25b/toolchains/llvm/prebuilt/linux-x86_64/bin/aarch64-linux-android23-clang -o conftest -fPIC -I/python3-android/src/Python-3.11.6/Android/sysroot/usr/include -L/python3-android/src/Python-3.11.6/Android/sysroot/usr/lib -pie conftest.c -ltermcap   >&5
ld: error: unable to find library -ltermcap
clang-14: error: linker command failed with exit code 1 (use -v to see invocation)
configure:15375: $? = 1
configure: failed program was:
| /* confdefs.h */
| #define PACKAGE_NAME "gdbm"
| #define PACKAGE_TARNAME "gdbm"
| #define PACKAGE_VERSION "1.23"
| #define PACKAGE_STRING "gdbm 1.23"
| #define PACKAGE_BUGREPORT "bug-gdbm@gnu.org"
| #define PACKAGE_URL "http://www.gnu.org/software/gdbm"
| #define PACKAGE "gdbm"
| #define VERSION "1.23"
| #define STDC_HEADERS 1
| #define HAVE_SYS_TYPES_H 1
| #define HAVE_SYS_STAT_H 1
| #define HAVE_STDLIB_H 1
| #define HAVE_STRING_H 1
| #define HAVE_MEMORY_H 1
| #define HAVE_STRINGS_H 1
| #define HAVE_INTTYPES_H 1
| #define HAVE_STDINT_H 1
| #define HAVE_UNISTD_H 1
| #define HAVE_DLFCN_H 1
| #define LT_OBJDIR ".libs/"
| #define HAVE_UNSIGNED_LONG_LONG_INT 1
| #define GDBM_THREAD_LOCAL __thread
| #define HAVE_SYS_FILE_H 1
| #define HAVE_STRING_H 1
| #define HAVE_LOCALE_H 1
| #define HAVE_GETOPT_H 1
| #define HAVE_FTRUNCATE 1
| #define HAVE_FLOCK 1
| #define HAVE_FSYNC 1
| #define HAVE_SETLOCALE 1
| #define HAVE_GETOPT_LONG 1
| #define HAVE_STDLIB_H 1
| #define HAVE_UNISTD_H 1
| #define HAVE_SYS_PARAM_H 1
| #define HAVE_GETPAGESIZE 1
| #define HAVE_MSYNC 1
| #define SIZEOF_OFF_T 8
| #define HAVE_STRUCT_STAT_ST_BLKSIZE 1
| #define HAVE_STRUCT_STAT_ST_MTIM 1
| /* end confdefs.h.  */
| 
| /* Override any GCC internal prototype to avoid an error.
|    Use char because int might match the return type of a GCC
|    builtin and then its argument prototype would still apply.  */
| #ifdef __cplusplus
| extern "C"
| #endif
| char tputs ();
| int
| main ()
| {
| return tputs ();
|   ;
|   return 0;
| }
configure:15385: result: no
configure:15414: checking for readline in -lreadline
configure:15439: /android-ndk-r25b/toolchains/llvm/prebuilt/linux-x86_64/bin/aarch64-linux-android23-clang -o conftest -fPIC -I/python3-android/src/Python-3.11.6/Android/sysroot/usr/include -L/python3-android/src/Python-3.11.6/Android/sysroot/usr/lib -pie conftest.c -lreadline    >&5
ld: error: unable to find library -lreadline
clang-14: error: linker command failed with exit code 1 (use -v to see invocation)
configure:15439: $? = 1
configure: failed program was:
| /* confdefs.h */
| #define PACKAGE_NAME "gdbm"
| #define PACKAGE_TARNAME "gdbm"
| #define PACKAGE_VERSION "1.23"
| #define PACKAGE_STRING "gdbm 1.23"
| #define PACKAGE_BUGREPORT "bug-gdbm@gnu.org"
| #define PACKAGE_URL "http://www.gnu.org/software/gdbm"
| #define PACKAGE "gdbm"
| #define VERSION "1.23"
| #define STDC_HEADERS 1
| #define HAVE_SYS_TYPES_H 1
| #define HAVE_SYS_STAT_H 1
| #define HAVE_STDLIB_H 1
| #define HAVE_STRING_H 1
| #define HAVE_MEMORY_H 1
| #define HAVE_STRINGS_H 1
| #define HAVE_INTTYPES_H 1
| #define HAVE_STDINT_H 1
| #define HAVE_UNISTD_H 1
| #define HAVE_DLFCN_H 1
| #define LT_OBJDIR ".libs/"
| #define HAVE_UNSIGNED_LONG_LONG_INT 1
| #define GDBM_THREAD_LOCAL __thread
| #define HAVE_SYS_FILE_H 1
| #define HAVE_STRING_H 1
| #define HAVE_LOCALE_H 1
| #define HAVE_GETOPT_H 1
| #define HAVE_FTRUNCATE 1
| #define HAVE_FLOCK 1
| #define HAVE_FSYNC 1
| #define HAVE_SETLOCALE 1
| #define HAVE_GETOPT_LONG 1
| #define HAVE_STDLIB_H 1
| #define HAVE_UNISTD_H 1
| #define HAVE_SYS_PARAM_H 1
| #define HAVE_GETPAGESIZE 1
| #define HAVE_MSYNC 1
| #define SIZEOF_OFF_T 8
| #define HAVE_STRUCT_STAT_ST_BLKSIZE 1
| #define HAVE_STRUCT_STAT_ST_MTIM 1
| /* end confdefs.h.  */
| 
| /* Override any GCC internal prototype to avoid an error.
|    Use char because int might match the return type of a GCC
|    builtin and then its argument prototype would still apply.  */
| #ifdef __cplusplus
| extern "C"
| #endif
| char readline ();
| int
| main ()
| {
| return readline ();
|   ;
|   return 0;
| }
configure:15448: result: no
configure:15516: checking linux/fs.h usability
configure:15516: /android-ndk-r25b/toolchains/llvm/prebuilt/linux-x86_64/bin/aarch64-linux-android23-clang -c -fPIC -I/python3-android/src/Python-3.11.6/Android/sysroot/usr/include conftest.c >&5
configure:15516: $? = 0
configure:15516: result: yes
configure:15516: checking linux/fs.h presence
configure:15516: /android-ndk-r25b/toolchains/llvm/prebuilt/linux-x86_64/bin/aarch64-linux-android23-clang -E -I/python3-android/src/Python-3.11.6/Android/sysroot/usr/include conftest.c
configure:15516: $? = 0
configure:15516: result: yes
configure:15516: checking for linux/fs.h
configure:15516: result: yes
configure:15518: checking for FICLONE ioctl support
configure:15533: /android-ndk-r25b/toolchains/llvm/prebuilt/linux-x86_64/bin/aarch64-linux-android23-clang -c -fPIC -I/python3-android/src/Python-3.11.6/Android/sysroot/usr/include conftest.c >&5
configure:15533: $? = 0
configure:15539: result: yes
configure:15711: checking that generated files are newer than configure
configure:15717: result: done
configure:15756: creating ./config.status

## ---------------------- ##
## Running config.status. ##
## ---------------------- ##

This file was extended by gdbm config.status 1.23, which was
generated by GNU Autoconf 2.69.  Invocation command line was

  CONFIG_FILES    = 
  CONFIG_HEADERS  = 
  CONFIG_LINKS    = 
  CONFIG_COMMANDS = 
  $ ./config.status 

on ab555e124bc7

config.status:1170: creating tests/Makefile
config.status:1170: creating tests/atlocal
config.status:1170: creating po/Makefile.in
config.status:1170: creating tests/gdbmtool/Makefile
config.status:1170: creating Makefile
config.status:1170: creating src/Makefile
config.status:1170: creating src/gdbm.h
config.status:1170: creating tools/Makefile
config.status:1170: creating doc/Makefile
config.status:1170: creating compat/Makefile
config.status:1170: creating autoconf.h
config.status:1399: executing depfiles commands
config.status:1399: executing libtool commands
config.status:1399: executing po-directories commands
config.status:1399: executing tests/atconfig commands
config.status:1399: executing status commands

## ---------------- ##
## Cache variables. ##
## ---------------- ##

ac_cv_build=x86_64-unknown-linux-gnu
ac_cv_c_compiler_gnu=yes
ac_cv_c_const=yes
ac_cv_env_BASE64_BIN_set=
ac_cv_env_BASE64_BIN_value=
ac_cv_env_CC_set=set
ac_cv_env_CC_value=/android-ndk-r25b/toolchains/llvm/prebuilt/linux-x86_64/bin/aarch64-linux-android23-clang
ac_cv_env_CFLAGS_set=set
ac_cv_env_CFLAGS_value=-fPIC
ac_cv_env_COMPATINCLUDEDIR_set=
ac_cv_env_COMPATINCLUDEDIR_value=
ac_cv_env_CPPFLAGS_set=set
ac_cv_env_CPPFLAGS_value=-I/python3-android/src/Python-3.11.6/Android/sysroot/usr/include
ac_cv_env_CPP_set=set
ac_cv_env_CPP_value='/android-ndk-r25b/toolchains/llvm/prebuilt/linux-x86_64/bin/aarch64-linux-android23-clang -E'
ac_cv_env_GZIP_BIN_set=
ac_cv_env_GZIP_BIN_value=
ac_cv_env_LDFLAGS_set=set
ac_cv_env_LDFLAGS_value='-L/python3-android/src/Python-3.11.6/Android/sysroot/usr/lib -pie'
ac_cv_env_LIBS_set=
ac_cv_env_LIBS_value=
ac_cv_env_LT_SYS_LIBRARY_PATH_set=
ac_cv_env_LT_SYS_LIBRARY_PATH_value=
ac_cv_env_build_alias_set=
ac_cv_env_build_alias_value=
ac_cv_env_host_alias_set=set
ac_cv_env_host_alias_value=aarch64-linux-android
ac_cv_env_target_alias_set=
ac_cv_env_target_alias_value=
ac_cv_func_flock=yes
ac_cv_func_fsync=yes
ac_cv_func_ftruncate=yes
ac_cv_func_getopt_long=yes
ac_cv_func_getpagesize=yes
ac_cv_func_lockf=no
ac_cv_func_mmap_fixed_mapped=no
ac_cv_func_msync=yes
ac_cv_func_setlocale=yes
ac_cv_header_dlfcn_h=yes
ac_cv_header_getopt_h=yes
ac_cv_header_inttypes_h=yes
ac_cv_header_linux_fs_h=yes
ac_cv_header_locale_h=yes
ac_cv_header_memory_h=yes
ac_cv_header_stdc=yes
ac_cv_header_stdint_h=yes
ac_cv_header_stdlib_h=yes
ac_cv_header_string_h=yes
ac_cv_header_strings_h=yes
ac_cv_header_sys_file_h=yes
ac_cv_header_sys_param_h=yes
ac_cv_header_sys_stat_h=yes
ac_cv_header_sys_types_h=yes
ac_cv_header_unistd_h=yes
ac_cv_host=aarch64-unknown-linux-android
ac_cv_lib_curses___tputs=no
ac_cv_lib_ncurses___tputs=no
ac_cv_lib_readline_readline=no
ac_cv_lib_termcap___tputs=no
ac_cv_member_struct_stat_st_blksize=yes
ac_cv_member_struct_stat_st_mtim=yes
ac_cv_member_struct_stat_st_mtimespec=no
ac_cv_objext=o
ac_cv_path_BASE64_BIN=/usr/bin/base64
ac_cv_path_BISON='$(SHELL) $(top_srcdir)/build-aux/missing bison'
ac_cv_path_EGREP='/usr/bin/grep -E'
ac_cv_path_FGREP='/usr/bin/grep -F'
ac_cv_path_FLEX='$(SHELL) $(top_srcdir)/build-aux/missing flex'
ac_cv_path_GMSGFMT=/usr/bin/msgfmt
ac_cv_path_GREP=/usr/bin/grep
ac_cv_path_GZIP_BIN=/usr/bin/gzip
ac_cv_path_MSGFMT=/usr/bin/msgfmt
ac_cv_path_MSGMERGE=/usr/bin/msgmerge
ac_cv_path_SED=/usr/bin/sed
ac_cv_path_XGETTEXT=/usr/bin/xgettext
ac_cv_path_install='/usr/bin/install -c'
ac_cv_path_lt_DD=/usr/bin/dd
ac_cv_path_mkdir=/usr/bin/mkdir
ac_cv_prog_AR=/android-ndk-r25b/toolchains/llvm/prebuilt/linux-x86_64/bin/llvm-ar
ac_cv_prog_AWK=gawk
ac_cv_prog_CC=/android-ndk-r25b/toolchains/llvm/prebuilt/linux-x86_64/bin/aarch64-linux-android23-clang
ac_cv_prog_CPP='/android-ndk-r25b/toolchains/llvm/prebuilt/linux-x86_64/bin/aarch64-linux-android23-clang -E'
ac_cv_prog_OBJDUMP=/android-ndk-r25b/toolchains/llvm/prebuilt/linux-x86_64/bin/llvm-objdump
ac_cv_prog_RANLIB=/android-ndk-r25b/toolchains/llvm/prebuilt/linux-x86_64/bin/llvm-ranlib
ac_cv_prog_STRIP=/android-ndk-r25b/toolchains/llvm/prebuilt/linux-x86_64/bin/llvm-strip
ac_cv_prog_cc_c89=
ac_cv_prog_cc_g=yes
ac_cv_prog_make_make_set=yes
ac_cv_sizeof_off_t=8
ac_cv_sys_file_offset_bits=no
ac_cv_sys_largefile_CC=no
ac_cv_type_off_t=yes
ac_cv_type_unsigned_long_long_int=yes
acl_cv_hardcode_direct=no
acl_cv_hardcode_libdir_flag_spec='${wl}-rpath ${wl}$libdir'
acl_cv_hardcode_libdir_separator=
acl_cv_hardcode_minus_L=no
acl_cv_libext=a
acl_cv_libname_spec='lib$name'
acl_cv_library_names_spec='$libname$shrext'
acl_cv_path_LD=/android-ndk-r25b/toolchains/llvm/prebuilt/linux-x86_64/bin/ld
acl_cv_prog_gnu_ld=yes
acl_cv_rpath=done
acl_cv_shlibext=so
acl_cv_wl=-Wl,
am_cv_CC_dependencies_compiler_type=gcc3
am_cv_func_iconv='no, consider installing GNU libiconv'
am_cv_lib_iconv=no
am_cv_make_support_nested_variables=yes
am_cv_prog_cc_c_o=yes
gdbm_cv__thread=__thread
gt_cv_func_CFLocaleCopyCurrent=no
gt_cv_func_CFPreferencesCopyAppValue=no
gt_cv_func_gnugettext2_libc=no
gt_cv_func_gnugettext2_libintl=no
lt_cv_ar_at_file=@
lt_cv_deplibs_check_method=pass_all
lt_cv_file_magic_cmd='$MAGIC_CMD'
lt_cv_file_magic_test_file=
lt_cv_ld_reload_flag=-r
lt_cv_nm_interface='BSD nm'
lt_cv_objdir=.libs
lt_cv_path_LD=/android-ndk-r25b/toolchains/llvm/prebuilt/linux-x86_64/bin/ld
lt_cv_path_NM=/android-ndk-r25b/toolchains/llvm/prebuilt/linux-x86_64/bin/llvm-nm
lt_cv_path_mainfest_tool=no
lt_cv_prog_compiler_c_o=yes
lt_cv_prog_compiler_pic='-fPIC -DPIC'
lt_cv_prog_compiler_pic_works=yes
lt_cv_prog_compiler_rtti_exceptions=yes
lt_cv_prog_compiler_static_works=no
lt_cv_prog_gnu_ld=yes
lt_cv_sharedlib_from_linklib_cmd='printf %s\n'
lt_cv_sys_global_symbol_pipe='sed -n -e '\''s/^.*[	 ]\([ABCDGIRSTW][ABCDGIRSTW]*\)[	 ][	 ]*\([_A-Za-z][_A-Za-z0-9]*\)$/\1 \2 \2/p'\'' | sed '\''/ __gnu_lto/d'\'''
lt_cv_sys_global_symbol_to_c_name_address='sed -n -e '\''s/^: \(.*\) .*$/  {"\1", (void *) 0},/p'\'' -e '\''s/^[ABCDGIRSTW][ABCDGIRSTW]* .* \(.*\)$/  {"\1", (void *) \&\1},/p'\'''
lt_cv_sys_global_symbol_to_c_name_address_lib_prefix='sed -n -e '\''s/^: \(.*\) .*$/  {"\1", (void *) 0},/p'\'' -e '\''s/^[ABCDGIRSTW][ABCDGIRSTW]* .* \(lib.*\)$/  {"\1", (void *) \&\1},/p'\'' -e '\''s/^[ABCDGIRSTW][ABCDGIRSTW]* .* \(.*\)$/  {"lib\1", (void *) \&\1},/p'\'''
lt_cv_sys_global_symbol_to_cdecl='sed -n -e '\''s/^T .* \(.*\)$/extern int \1();/p'\'' -e '\''s/^[ABCDGIRSTW][ABCDGIRSTW]* .* \(.*\)$/extern char \1;/p'\'''
lt_cv_sys_global_symbol_to_import=
lt_cv_sys_max_cmd_len=1572864
lt_cv_to_host_file_cmd=func_convert_file_noop
lt_cv_to_tool_file_cmd=func_convert_file_noop
lt_cv_truncate_bin='/usr/bin/dd bs=4096 count=1'

## ----------------- ##
## Output variables. ##
## ----------------- ##

ACLOCAL='${SHELL} /python3-android/src/Python-3.11.6/Android/deps/gdbm-1.23/build-aux/missing aclocal-1.15'
AMDEPBACKSLASH='\'
AMDEP_FALSE='#'
AMDEP_TRUE=''
AMTAR='$${TAR-tar}'
AM_BACKSLASH='\'
AM_DEFAULT_V='$(AM_DEFAULT_VERBOSITY)'
AM_DEFAULT_VERBOSITY='0'
AM_V='$(V)'
AR='/android-ndk-r25b/toolchains/llvm/prebuilt/linux-x86_64/bin/llvm-ar'
AUTOCONF='${SHELL} /python3-android/src/Python-3.11.6/Android/deps/gdbm-1.23/build-aux/missing autoconf'
AUTOHEADER='${SHELL} /python3-android/src/Python-3.11.6/Android/deps/gdbm-1.23/build-aux/missing autoheader'
AUTOM4TE='${SHELL} /python3-android/src/Python-3.11.6/Android/deps/gdbm-1.23/build-aux/missing autom4te'
AUTOMAKE='${SHELL} /python3-android/src/Python-3.11.6/Android/deps/gdbm-1.23/build-aux/missing automake-1.15'
AWK='gawk'
BASE64_BIN='/usr/bin/base64'
BISON='$(SHELL) $(top_srcdir)/build-aux/missing bison'
CC='/android-ndk-r25b/toolchains/llvm/prebuilt/linux-x86_64/bin/aarch64-linux-android23-clang'
CCDEPMODE='depmode=gcc3'
CFLAGS='-fPIC'
COMPATINCLUDEDIR='$(includedir)'
COMPAT_OPT_FALSE='#'
COMPAT_OPT_TRUE=''
COND_GDBMTOOL_DEBUG_FALSE=''
COND_GDBMTOOL_DEBUG_TRUE='#'
CPP='/android-ndk-r25b/toolchains/llvm/prebuilt/linux-x86_64/bin/aarch64-linux-android23-clang -E'
CPPFLAGS='-I/python3-android/src/Python-3.11.6/Android/sysroot/usr/include'
CURSES_LIBS=''
CYGPATH_W='echo'
DEFS='-DHAVE_CONFIG_H'
DEPDIR='.deps'
DLLTOOL='false'
DSYMUTIL=''
DUMPBIN=''
ECHO_C=''
ECHO_N='-n'
ECHO_T=''
EGREP='/usr/bin/grep -E'
EXEEXT=''
FGREP='/usr/bin/grep -F'
FLEX='$(SHELL) $(top_srcdir)/build-aux/missing flex'
GDBM_COND_DEBUG_ENABLE_FALSE=''
GDBM_COND_DEBUG_ENABLE_TRUE='#'
GDBM_COND_READLINE_FALSE=''
GDBM_COND_READLINE_TRUE='#'
GDBM_COUNT_T='unsigned long long int'
GDBM_DEBUG_ENABLE='0'
GDBM_VERSION_MAJOR='1'
GDBM_VERSION_MINOR='23'
GDBM_VERSION_PATCH='0'
GETTEXT_MACRO_VERSION='0.19'
GMSGFMT='/usr/bin/msgfmt'
GMSGFMT_015='/usr/bin/msgfmt'
GREP='/usr/bin/grep'
GZIP_BIN='/usr/bin/gzip'
INSTALL_DATA='${INSTALL} -m 644'
INSTALL_PROGRAM='${INSTALL}'
INSTALL_SCRIPT='${INSTALL}'
INSTALL_STRIP_PROGRAM='$(install_sh) -c -s'
INTLLIBS=''
INTL_MACOSX_LIBS=''
LD='/android-ndk-r25b/toolchains/llvm/prebuilt/linux-x86_64/bin/ld'
LDFLAGS='-L/python3-android/src/Python-3.11.6/Android/sysroot/usr/lib -pie'
LFLAGS_DEBUG=''
LIBICONV=''
LIBINTL=''
LIBOBJS=''
LIBS=''
LIBTOOL='$(SHELL) $(top_builddir)/libtool'
LIPO=''
LN_S='ln -s'
LTLIBICONV=''
LTLIBINTL=''
LTLIBOBJS=''
LT_SYS_LIBRARY_PATH=''
MAKEINFO='${SHELL} /python3-android/src/Python-3.11.6/Android/deps/gdbm-1.23/build-aux/missing makeinfo'
MANIFEST_TOOL=':'
MKDIR_P='/usr/bin/mkdir -p'
MSGFMT='/usr/bin/msgfmt'
MSGFMT_015='/usr/bin/msgfmt'
MSGMERGE='/usr/bin/msgmerge'
NM='/android-ndk-r25b/toolchains/llvm/prebuilt/linux-x86_64/bin/llvm-nm'
NMEDIT=''
OBJDUMP='/android-ndk-r25b/toolchains/llvm/prebuilt/linux-x86_64/bin/llvm-objdump'
OBJEXT='o'
OTOOL64=''
OTOOL=''
PACKAGE='gdbm'
PACKAGE_BUGREPORT='bug-gdbm@gnu.org'
PACKAGE_NAME='gdbm'
PACKAGE_STRING='gdbm 1.23'
PACKAGE_TARNAME='gdbm'
PACKAGE_URL='http://www.gnu.org/software/gdbm'
PACKAGE_VERSION='1.23'
PATH_SEPARATOR=':'
POSUB=''
RANLIB='/android-ndk-r25b/toolchains/llvm/prebuilt/linux-x86_64/bin/llvm-ranlib'
READLINE_LIBS=''
SED='/usr/bin/sed'
SET_MAKE=''
SHELL='/bin/bash'
STRIP='/android-ndk-r25b/toolchains/llvm/prebuilt/linux-x86_64/bin/llvm-strip'
USE_NLS='no'
VERSION='1.23'
XGETTEXT='/usr/bin/xgettext'
XGETTEXT_015='/usr/bin/xgettext'
XGETTEXT_EXTRA_OPTIONS=''
YFLAGS_DEBUG=''
ac_ct_AR=''
ac_ct_CC=''
ac_ct_DUMPBIN=''
am__EXEEXT_FALSE=''
am__EXEEXT_TRUE='#'
am__fastdepCC_FALSE='#'
am__fastdepCC_TRUE=''
am__include='include'
am__isrc=''
am__leading_dot='.'
am__nodep='_no'
am__quote=''
am__tar='$${TAR-tar} chof - "$$tardir"'
am__untar='$${TAR-tar} xf -'
bindir='${exec_prefix}/bin'
build='x86_64-unknown-linux-gnu'
build_alias=''
build_cpu='x86_64'
build_os='linux-gnu'
build_vendor='unknown'
datadir='${datarootdir}'
datarootdir='${prefix}/share'
docdir='${datarootdir}/doc/${PACKAGE_TARNAME}'
dvidir='${docdir}'
exec_prefix='${prefix}'
host='aarch64-unknown-linux-android'
host_alias='aarch64-linux-android'
host_cpu='aarch64'
host_os='linux-android'
host_vendor='unknown'
htmldir='${docdir}'
includedir='${prefix}/include'
infodir='${datarootdir}/info'
install_sh='${SHELL} /python3-android/src/Python-3.11.6/Android/deps/gdbm-1.23/build-aux/install-sh'
libdir='/usr/lib'
libexecdir='${exec_prefix}/libexec'
localedir='${datarootdir}/locale'
localstatedir='${prefix}/var'
mandir='${datarootdir}/man'
mkdir_p='$(MKDIR_P)'
oldincludedir='/usr/include'
pdfdir='${docdir}'
prefix='/usr'
program_transform_name='s,x,x,'
psdir='${docdir}'
sbindir='${exec_prefix}/sbin'
sharedstatedir='${prefix}/com'
sysconfdir='${prefix}/etc'
target_alias=''

## ----------- ##
## confdefs.h. ##
## ----------- ##

/* confdefs.h */
#define PACKAGE_NAME "gdbm"
#define PACKAGE_TARNAME "gdbm"
#define PACKAGE_VERSION "1.23"
#define PACKAGE_STRING "gdbm 1.23"
#define PACKAGE_BUGREPORT "bug-gdbm@gnu.org"
#define PACKAGE_URL "http://www.gnu.org/software/gdbm"
#define PACKAGE "gdbm"
#define VERSION "1.23"
#define STDC_HEADERS 1
#define HAVE_SYS_TYPES_H 1
#define HAVE_SYS_STAT_H 1
#define HAVE_STDLIB_H 1
#define HAVE_STRING_H 1
#define HAVE_MEMORY_H 1
#define HAVE_STRINGS_H 1
#define HAVE_INTTYPES_H 1
#define HAVE_STDINT_H 1
#define HAVE_UNISTD_H 1
#define HAVE_DLFCN_H 1
#define LT_OBJDIR ".libs/"
#define HAVE_UNSIGNED_LONG_LONG_INT 1
#define GDBM_THREAD_LOCAL __thread
#define HAVE_SYS_FILE_H 1
#define HAVE_STRING_H 1
#define HAVE_LOCALE_H 1
#define HAVE_GETOPT_H 1
#define HAVE_FTRUNCATE 1
#define HAVE_FLOCK 1
#define HAVE_FSYNC 1
#define HAVE_SETLOCALE 1
#define HAVE_GETOPT_LONG 1
#define HAVE_STDLIB_H 1
#define HAVE_UNISTD_H 1
#define HAVE_SYS_PARAM_H 1
#define HAVE_GETPAGESIZE 1
#define HAVE_MSYNC 1
#define SIZEOF_OFF_T 8
#define HAVE_STRUCT_STAT_ST_BLKSIZE 1
#define HAVE_STRUCT_STAT_ST_MTIM 1
#define GDBM_FAILURE_ATOMIC 1

configure: exit 0
